IQ-TREE multicore version 1.6.12 for Mac OS X 64-bit built Aug 15 2019
Developed by Bui Quang Minh, Nguyen Lam Tung, Olga Chernomor,
Heiko Schmidt, Dominik Schrempf, Michael Woodhams.

Host:    Simons-MBP-5.local (SSE4.2, 128 GB RAM)
Command: IQTREE_v_1_6_12/iqtree -s HA_030624_2.fas -m MFP -mem 10Go -mset GTR -nt 4
Seed:    103326 (Using SPRNG - Scalable Parallel Random Number Generator)
Time:    Mon Jun 24 10:45:04 2024
Kernel:  SSE2 - 4 threads (16 CPU cores detected)

Reading alignment file HA_030624_2.fas ... Fasta format detected
Alignment most likely contains DNA/RNA sequences
Alignment has 531 sequences with 1776 columns, 472 distinct patterns
248 parsimony-informative, 178 singleton sites, 1350 constant sites
                  Gap/Ambiguity  Composition  p-value
   1  EPI_ISL_18789944    0.00%    passed     99.99%
   2  EPI_ISL_18824085    0.00%    passed     99.72%
   3  EPI_ISL_18788080    1.41%    passed     99.67%
   4  EPI_ISL_18668242    0.79%    passed     96.89%
   5  EPI_ISL_18824201    0.11%    passed     99.83%
   6  EPI_ISL_18789928    0.00%    passed     99.92%
   7  EPI_ISL_18607170    0.73%    passed     98.72%
   8  EPI_ISL_18660931    0.00%    passed     99.99%
   9  EPI_ISL_18885828    1.41%    passed     99.84%
  10  EPI_ISL_18885854    1.41%    passed     99.73%
  11  EPI_ISL_18885855    1.41%    passed     99.93%
  12  EPI_ISL_18815363    0.00%    passed     99.97%
  13  EPI_ISL_18815362    0.00%    passed     99.97%
  14  EPI_ISL_18866885    0.00%    passed     99.97%
  15  EPI_ISL_19033339    1.41%    passed     99.38%
  16  EPI_ISL_19033563    1.46%    passed     99.44%
  17  EPI_ISL_19033337    1.41%    passed     99.90%
  18  EPI_ISL_19033340    1.46%    passed     99.79%
  19  EPI_ISL_18745084    1.46%    passed     99.62%
  20  EPI_ISL_18937346    0.73%    passed     98.96%
  21  EPI_ISL_18937347    1.41%    passed     99.84%
  22  EPI_ISL_18937350    1.41%    passed     98.22%
  23  EPI_ISL_18862265   61.20%    passed      6.50%
  24  EPI_ISL_18937352    1.41%    passed     99.58%
  25  EPI_ISL_18862261    0.73%    passed     98.63%
  26  EPI_ISL_18862260    0.73%    passed     98.40%
  27  EPI_ISL_18862259    0.73%    passed     98.92%
  28  EPI_ISL_18862258    0.73%    passed     98.75%
  29  EPI_ISL_18862257    0.73%    passed     99.01%
  30  EPI_ISL_18745073   79.90%    passed     56.21%
  31  EPI_ISL_18862255    0.68%    passed     98.35%
  32  EPI_ISL_18745071    1.41%    passed     99.60%
  33  EPI_ISL_18937339    0.73%    passed     98.99%
  34  EPI_ISL_18937340    0.68%    passed     97.91%
  35  EPI_ISL_18937342    0.73%    passed     98.75%
  36  EPI_ISL_19014081    1.41%    passed     99.11%
  37  EPI_ISL_19014086    1.41%    passed     99.83%
  38  EPI_ISL_18745078    1.41%    passed     99.77%
  39  EPI_ISL_19090717    1.91%    passed     99.15%
  40  EPI_ISL_18937344    1.41%    passed     99.87%
  41  EPI_ISL_18937345    1.41%    passed     99.71%
  42  EPI_ISL_18937348   61.26%    passed      5.25%
  43  EPI_ISL_18937349    1.41%    passed     99.87%
  44  EPI_ISL_18937351    1.41%    passed     99.92%
  45  EPI_ISL_18862264    0.73%    passed     98.19%
  46  EPI_ISL_18862262    0.73%    passed     99.27%
  47  EPI_ISL_18862256    0.68%    passed     98.80%
  48  EPI_ISL_18745069    1.46%    passed     99.98%
  49  EPI_ISL_18937338    0.73%    passed     99.33%
  50  EPI_ISL_18937343    1.41%    passed     99.83%
  51  EPI_ISL_18745079    1.41%    passed     99.92%
  52  EPI_ISL_19030162   61.54%    passed      9.96%
  53  EPI_ISL_19000792    0.73%    passed     99.41%
  54  EPI_ISL_18918529    0.00%    passed     99.97%
  55  EPI_ISL_18918527    0.00%    passed     99.97%
  56  EPI_ISL_18918508    0.00%    passed     99.97%
  57  EPI_ISL_18514137    0.00%    passed     99.91%
  58  EPI_ISL_18750129    0.34%    passed     99.93%
  59  EPI_ISL_18788075    0.00%    passed     99.95%
  60  EPI_ISL_18750725    0.73%    passed     99.39%
  61  EPI_ISL_18918472    0.00%    passed     99.96%
  62  EPI_ISL_18815361    0.00%    passed     99.96%
  63  EPI_ISL_18815277    0.00%    passed     99.96%
  64  EPI_ISL_18815224    0.00%    passed     99.96%
  65  EPI_ISL_18787920    0.00%    passed     99.88%
  66  EPI_ISL_18750748    0.00%    passed     99.87%
  67  EPI_ISL_18514134    0.00%    passed     99.89%
  68  EPI_ISL_19033561    1.41%    passed     99.86%
  69  EPI_ISL_19033560    1.41%    passed     99.86%
  70  EPI_ISL_18918530    0.00%    passed     99.97%
  71  EPI_ISL_18885871    1.41%    passed     99.86%
  72  EPI_ISL_18824087    0.00%    passed     99.89%
  73  EPI_ISL_18788061    0.00%    passed     99.69%
  74  EPI_ISL_18787953    1.41%    passed     99.86%
  75  EPI_ISL_18787916    1.41%    passed     99.86%
  76  EPI_ISL_18668518    0.00%    passed     99.56%
  77  EPI_ISL_18514132    0.00%    passed     99.69%
  78  EPI_ISL_18788087    1.46%    passed     99.87%
  79  EPI_ISL_19033554    1.41%    passed     99.91%
  80  EPI_ISL_19001972    0.00%    passed     99.78%
  81  EPI_ISL_19000795    0.73%    passed     99.34%
  82  EPI_ISL_18918493    0.00%    passed     99.64%
  83  EPI_ISL_18918470    0.00%    passed     99.78%
  84  EPI_ISL_18885873    1.41%    passed     99.94%
  85  EPI_ISL_18885547    1.41%    passed     99.91%
  86  EPI_ISL_18866886    0.00%    passed     99.76%
  87  EPI_ISL_18787984    0.00%    passed     99.75%
  88  EPI_ISL_18787923    1.41%    passed     99.91%
  89  EPI_ISL_18787918    1.41%    passed     99.91%
  90  EPI_ISL_18668524    0.00%    passed     99.19%
  91  EPI_ISL_18592434    0.00%    passed     99.59%
  92  EPI_ISL_18592420    0.00%    passed     99.79%
  93  EPI_ISL_18592414    0.00%    passed     99.59%
  94  EPI_ISL_18824185    0.06%    passed     99.68%
  95  EPI_ISL_19033549    1.41%    passed     99.86%
  96  EPI_ISL_19033548    1.41%    passed     99.61%
  97  EPI_ISL_19033332    1.41%    passed     99.98%
  98  EPI_ISL_19000790    0.73%    passed     99.44%
  99  EPI_ISL_18787919    1.41%    passed     99.97%
 100  EPI_ISL_18668521    0.00%    passed     99.76%
 101  EPI_ISL_18668515    0.68%    passed     99.52%
 102  EPI_ISL_18592421    0.00%    passed     99.56%
 103  EPI_ISL_18592418    0.00%    passed     99.79%
 104  EPI_ISL_18788100    1.46%    passed     99.93%
 105  EPI_ISL_18787970    1.52%    passed     99.91%
 106  EPI_ISL_18787914    1.46%    passed     99.64%
 107  EPI_ISL_19090722    1.91%    passed     99.56%
 108  EPI_ISL_19033558    1.41%    passed     99.72%
 109  EPI_ISL_19033555    1.41%    passed     99.72%
 110  EPI_ISL_19033551    1.41%    passed     99.91%
 111  EPI_ISL_19033546    1.41%    passed     99.72%
 112  EPI_ISL_19033331    1.41%    passed     99.72%
 113  EPI_ISL_18824088    0.00%    passed     99.78%
 114  EPI_ISL_18815329    0.00%    passed     99.96%
 115  EPI_ISL_18745077    1.41%    passed     99.67%
 116  EPI_ISL_18593867    1.41%    passed     99.94%
 117  EPI_ISL_18536663    1.41%    passed     99.73%
 118  EPI_ISL_18530058    1.41%    passed     99.73%
 119  EPI_ISL_18530147    1.41%    passed     99.73%
 120  EPI_ISL_18673081    1.46%    passed     99.79%
 121  EPI_ISL_19033556    1.46%    passed     99.75%
 122  EPI_ISL_19090725    1.91%    passed     99.31%
 123  EPI_ISL_19033550    1.41%    passed     99.48%
 124  EPI_ISL_19033336    1.41%    passed     99.71%
 125  EPI_ISL_19033335    1.41%    passed     99.71%
 126  EPI_ISL_19033334    1.41%    passed     99.71%
 127  EPI_ISL_19033333    1.41%    passed     99.71%
 128  EPI_ISL_18885826    1.41%    passed     99.98%
 129  EPI_ISL_18885839    1.41%    passed     99.98%
 130  EPI_ISL_18885852    1.41%    passed     99.94%
 131  EPI_ISL_18745082    1.41%    passed     99.74%
 132  EPI_ISL_18506032    1.41%    passed     99.83%
 133  EPI_ISL_18506031    1.41%    passed     99.83%
 134  EPI_ISL_18506030    1.41%    passed     99.86%
 135  EPI_ISL_18506029    1.41%    passed     99.86%
 136  EPI_ISL_18729430    1.46%    passed     99.91%
 137  EPI_ISL_18729429    1.46%    passed     99.73%
 138  EPI_ISL_18729428    1.46%    passed     99.73%
 139  EPI_ISL_18729427    1.46%    passed     99.73%
 140  EPI_ISL_18729401    1.46%    passed     99.73%
 141  EPI_ISL_18729400    1.46%    passed     99.73%
 142  EPI_ISL_18729387    1.46%    passed     99.73%
 143  EPI_ISL_18729386    1.46%    passed     99.73%
 144  EPI_ISL_18729385    1.46%    passed     99.73%
 145  EPI_ISL_19033547    1.46%    passed     99.92%
 146  EPI_ISL_18271512    1.52%    passed     99.91%
 147  EPI_ISL_19044793    1.91%    passed     99.56%
 148  EPI_ISL_19044792    1.91%    passed     99.56%
 149  EPI_ISL_19044791    1.91%    passed     99.56%
 150  EPI_ISL_19033559    1.41%    passed     99.90%
 151  EPI_ISL_18946743    1.91%    passed     99.56%
 152  EPI_ISL_18946742    1.91%    passed     99.56%
 153  EPI_ISL_18946741    1.91%    passed     99.56%
 154  EPI_ISL_18946740    1.91%    passed     99.56%
 155  EPI_ISL_18946739    1.91%    passed     99.56%
 156  EPI_ISL_18946738    1.91%    passed     99.56%
 157  EPI_ISL_18946737    1.91%    passed     99.56%
 158  EPI_ISL_18946736    1.91%    passed     99.56%
 159  EPI_ISL_18946735    1.91%    passed     99.56%
 160  EPI_ISL_18946734    1.91%    passed     99.56%
 161  EPI_ISL_18946733    1.91%    passed     99.56%
 162  EPI_ISL_18928989    1.91%    passed     99.56%
 163  EPI_ISL_18928988    1.91%    passed     99.56%
 164  EPI_ISL_18928987    1.91%    passed     99.56%
 165  EPI_ISL_18928986    1.91%    passed     99.56%
 166  EPI_ISL_18928985    1.91%    passed     99.56%
 167  EPI_ISL_18928984    1.91%    passed     99.56%
 168  EPI_ISL_18928983    1.91%    passed     99.56%
 169  EPI_ISL_18916730    0.00%    passed     99.96%
 170  EPI_ISL_18824089    0.00%    passed     99.88%
 171  EPI_ISL_18824086    0.00%    passed     99.88%
 172  EPI_ISL_18787921    1.41%    passed     99.51%
 173  EPI_ISL_18745080    1.41%    passed     99.87%
 174  EPI_ISL_18668522    0.00%    passed     99.20%
 175  EPI_ISL_18526630    1.35%    passed     99.40%
 176  EPI_ISL_18911084    0.79%    passed     99.50%
 177  EPI_ISL_18660623    1.80%    passed     99.81%
 178  EPI_ISL_17072337    0.06%    passed     99.87%
 179  EPI_ISL_18530057    1.52%    passed     99.90%
 180  EPI_ISL_18271511    1.52%    passed     99.90%
 181  EPI_ISL_19033553    1.41%    passed     99.63%
 182  EPI_ISL_18866891    0.00%    passed     99.69%
 183  EPI_ISL_18866888    0.00%    passed     99.69%
 184  EPI_ISL_18668523    0.00%    passed     99.54%
 185  EPI_ISL_16956376    0.00%    passed     99.98%
 186  EPI_ISL_15586124    0.00%    passed     99.98%
 187  EPI_ISL_15585906    0.00%    passed     99.96%
 188  EPI_ISL_15585749    0.00%    passed     99.98%
 189  EPI_ISL_16574697    0.23%    passed     99.75%
 190  EPI_ISL_16384147    0.34%    passed     99.78%
 191  EPI_ISL_15957844    0.11%    passed     99.90%
 192  EPI_ISL_19014079    1.41%    passed     99.29%
 193  EPI_ISL_18927384    0.00%    passed     99.50%
 194  EPI_ISL_18911091    0.73%    passed     99.27%
 195  EPI_ISL_18866893    0.00%    passed     99.88%
 196  EPI_ISL_18668520    0.00%    passed     99.84%
 197  EPI_ISL_18660932    0.00%    passed     99.80%
 198  EPI_ISL_18593865    1.41%    passed     99.98%
 199  EPI_ISL_18536647    1.41%    passed     99.98%
 200  EPI_ISL_17791547    0.51%    passed     99.93%
 201  EPI_ISL_17465834    0.00%    passed    100.00%
 202  EPI_ISL_16384139    0.00%    passed     99.97%
 203  EPI_ISL_15957774    0.00%    passed     99.97%
 204  EPI_ISL_15586122    0.00%    passed     99.97%
 205  EPI_ISL_15586116    0.00%    passed     99.97%
 206  EPI_ISL_19053265    0.23%    passed     99.75%
 207  EPI_ISL_17072781    0.23%    passed     99.78%
 208  EPI_ISL_17072339    0.23%    passed     99.73%
 209  EPI_ISL_16811201    0.23%    passed     99.94%
 210  EPI_ISL_15586108    0.23%    passed     99.89%
 211  EPI_ISL_15585904    0.23%    passed     99.89%
 212  EPI_ISL_15585762    0.45%    passed     99.99%
 213  EPI_ISL_19014080    1.46%    passed     99.44%
 214  EPI_ISL_18788325    1.46%    passed     99.97%
 215  EPI_ISL_15586112    0.11%    passed     99.92%
 216  EPI_ISL_18866887    0.00%    passed     99.69%
 217  EPI_ISL_18866883    0.00%    passed     99.93%
 218  EPI_ISL_18789904    0.00%    passed     99.90%
 219  EPI_ISL_18536648    1.41%    passed     99.95%
 220  EPI_ISL_18345367    0.73%    passed     99.66%
 221  EPI_ISL_17791549    0.00%    passed     99.91%
 222  EPI_ISL_17774061    0.00%    passed     99.51%
 223  EPI_ISL_17514135    0.00%    passed     99.80%
 224  EPI_ISL_17257532    0.28%    passed     99.87%
 225  EPI_ISL_16969355    0.00%    passed     99.98%
 226  EPI_ISL_16904551    0.00%    passed     99.96%
 227  EPI_ISL_15957792    0.00%    passed     99.96%
 228  EPI_ISL_15586113    0.00%    passed     99.91%
 229  EPI_ISL_13370694    0.00%    passed     99.93%
 230  EPI_ISL_17791551    0.23%    passed     99.94%
 231  EPI_ISL_17465833    0.23%    passed     99.98%
 232  EPI_ISL_17465832    0.23%    passed     99.98%
 233  EPI_ISL_17214732    0.23%    passed     99.98%
 234  EPI_ISL_16811199    0.23%    passed     99.75%
 235  EPI_ISL_16574756    0.73%    passed     99.65%
 236  EPI_ISL_15957865    0.23%    passed     99.94%
 237  EPI_ISL_15957715    0.23%    passed     99.94%
 238  EPI_ISL_15957678    0.17%    passed     99.90%
 239  EPI_ISL_15957672    0.23%    passed     99.94%
 240  EPI_ISL_15586117    0.23%    passed     99.82%
 241  EPI_ISL_15586107    0.23%    passed     99.94%
 242  EPI_ISL_15585911    0.23%    passed     99.94%
 243  EPI_ISL_15585897    0.23%    passed     99.75%
 244  EPI_ISL_15585841    0.06%    passed     99.87%
 245  EPI_ISL_15585760    0.06%    passed     99.96%
 246  EPI_ISL_15585750    0.23%    passed     99.94%
 247  EPI_ISL_17716057    0.06%    passed     99.23%
 248  EPI_ISL_15585886    0.11%    passed     99.90%
 249  EPI_ISL_18536649    1.41%    passed     99.85%
 250  EPI_ISL_18258052    0.00%    passed     99.98%
 251  EPI_ISL_17514136    0.00%    passed     99.34%
 252  EPI_ISL_16384196    0.00%    passed     99.63%
 253  EPI_ISL_15957798    0.17%    passed     99.87%
 254  EPI_ISL_18746298    1.46%    passed     99.91%
 255  EPI_ISL_17791546    0.23%    passed     99.88%
 256  EPI_ISL_17716058    0.11%    passed     99.54%
 257  EPI_ISL_16574736    0.23%    passed     98.98%
 258  EPI_ISL_16384179    0.23%    passed     99.93%
 259  EPI_ISL_16384178    0.23%    passed     99.89%
 260  EPI_ISL_16384168    0.23%    passed     99.89%
 261  EPI_ISL_16384152    0.23%    passed     99.93%
 262  EPI_ISL_16384140    0.23%    passed     99.67%
 263  EPI_ISL_15958004    0.23%    passed     99.95%
 264  EPI_ISL_15957966    0.23%    passed     99.81%
 265  EPI_ISL_15957919    0.17%    passed     99.76%
 266  EPI_ISL_15957912    0.11%    passed     99.93%
 267  EPI_ISL_15957906    0.23%    passed     99.95%
 268  EPI_ISL_15957731    0.23%    passed     99.88%
 269  EPI_ISL_15957730    0.06%    passed     99.81%
 270  EPI_ISL_15957728    0.23%    passed     99.88%
 271  EPI_ISL_15957708    0.23%    passed     99.88%
 272  EPI_ISL_15957654    0.23%    passed     99.75%
 273  EPI_ISL_15942297    0.23%    passed     99.95%
 274  EPI_ISL_15586134    0.23%    passed     99.73%
 275  EPI_ISL_15586128    0.23%    passed     99.88%
 276  EPI_ISL_15586126    0.23%    passed     99.88%
 277  EPI_ISL_15585910    0.23%    passed     99.95%
 278  EPI_ISL_18937337    2.20%    passed     98.90%
 279  EPI_ISL_17672824    0.00%    passed     99.75%
 280  EPI_ISL_15957837    0.00%    passed     99.96%
 281  EPI_ISL_15473950    1.41%    passed     99.83%
 282  EPI_ISL_14298226    1.41%    passed     99.96%
 283  EPI_ISL_13370893    0.00%    passed     99.79%
 284  EPI_ISL_18660629    1.80%    passed     99.94%
 285  EPI_ISL_18660625    1.80%    passed     99.99%
 286  EPI_ISL_17716083    0.11%    passed     99.28%
 287  EPI_ISL_17214731    0.23%    passed     99.10%
 288  EPI_ISL_17033243    1.46%    passed     99.93%
 289  EPI_ISL_16956445    0.23%    passed     99.87%
 290  EPI_ISL_16904550    0.23%    passed     99.31%
 291  EPI_ISL_16574569    0.23%    passed     99.68%
 292  EPI_ISL_16574488    0.23%    passed     99.82%
 293  EPI_ISL_16384199    0.17%    passed     99.82%
 294  EPI_ISL_16384195    0.23%    passed     99.48%
 295  EPI_ISL_16384180    0.23%    passed     99.41%
 296  EPI_ISL_16384166    0.23%    passed     99.48%
 297  EPI_ISL_16384161    0.23%    passed     99.68%
 298  EPI_ISL_16384146    0.23%    passed     99.42%
 299  EPI_ISL_16384143    0.23%    passed     99.82%
 300  EPI_ISL_16384125    0.23%    passed     99.29%
 301  EPI_ISL_15957666    0.23%    passed     99.82%
 302  EPI_ISL_18011232    2.70%    passed     99.50%
 303  EPI_ISL_17716060    0.06%    passed     99.32%
 304  EPI_ISL_16676489    0.62%    passed     99.49%
 305  EPI_ISL_16444163    0.11%    passed     99.34%
 306  EPI_ISL_15585896    0.62%    passed     99.70%
 307  EPI_ISL_17514138    0.00%    passed     99.33%
 308  EPI_ISL_17514137    0.00%    passed     99.33%
 309  EPI_ISL_17072114    0.00%    passed     99.97%
 310  EPI_ISL_13369777    0.00%    passed     99.47%
 311  EPI_ISL_5463799     0.00%    passed     99.94%
 312  EPI_ISL_17710023    0.23%    passed     99.88%
 313  EPI_ISL_16574599    0.23%    passed     99.67%
 314  EPI_ISL_16384181    0.23%    passed     99.67%
 315  EPI_ISL_16384175    0.23%    passed     99.30%
 316  EPI_ISL_15957785    0.23%    passed     99.67%
 317  EPI_ISL_13369783    0.06%    passed     99.74%
 318  EPI_ISL_18063923    0.28%    passed     99.00%
 319  EPI_ISL_17716062    0.06%    passed     98.63%
 320  EPI_ISL_17564760    0.11%    passed     99.94%
 321  EPI_ISL_17514139    0.00%    passed     98.77%
 322  EPI_ISL_17167249    1.41%    passed     99.73%
 323  EPI_ISL_16809297    0.00%    passed     99.62%
 324  EPI_ISL_16676474    0.84%    passed     99.02%
 325  EPI_ISL_16574692    0.68%    passed     99.59%
 326  EPI_ISL_14987682    0.00%    passed     99.67%
 327  EPI_ISL_14985602    0.00%    passed     99.67%
 328  EPI_ISL_13486869    0.00%    passed     99.98%
 329  EPI_ISL_13370921    0.00%    passed     99.47%
 330  EPI_ISL_13370919    0.00%    passed     99.47%
 331  EPI_ISL_13370918    0.00%    passed     99.47%
 332  EPI_ISL_13370916    0.00%    passed     99.20%
 333  EPI_ISL_13370915    0.00%    passed     99.20%
 334  EPI_ISL_13370914    0.00%    passed     99.20%
 335  EPI_ISL_13370909    0.00%    passed     99.98%
 336  EPI_ISL_13370907    0.00%    passed     99.20%
 337  EPI_ISL_13370710    0.00%    passed     99.20%
 338  EPI_ISL_13370708    0.00%    passed     99.67%
 339  EPI_ISL_13370706    0.00%    passed     98.86%
 340  EPI_ISL_13370705    0.00%    passed     98.86%
 341  EPI_ISL_13370633    0.00%    passed     99.67%
 342  EPI_ISL_13370632    0.00%    passed     99.67%
 343  EPI_ISL_13370631    0.00%    passed     99.67%
 344  EPI_ISL_13370621    0.00%    passed     99.67%
 345  EPI_ISL_13370613    0.00%    passed     99.67%
 346  EPI_ISL_13370610    0.00%    passed     99.67%
 347  EPI_ISL_13370608    0.00%    passed     99.67%
 348  EPI_ISL_13370570    0.00%    passed     99.67%
 349  EPI_ISL_13370569    0.00%    passed     99.67%
 350  EPI_ISL_13370505    0.17%    passed     99.88%
 351  EPI_ISL_13370248    0.00%    passed     99.67%
 352  EPI_ISL_13369766    0.00%    passed     99.67%
 353  EPI_ISL_13369762    0.00%    passed     99.67%
 354  EPI_ISL_13369754    0.00%    passed     99.67%
 355  EPI_ISL_13369748    0.00%    passed     99.67%
 356  EPI_ISL_13369747    0.00%    passed     99.67%
 357  EPI_ISL_13369400    0.00%    passed     99.67%
 358  EPI_ISL_13338024    0.00%    passed     99.23%
 359  EPI_ISL_13338018    0.00%    passed     99.80%
 360  EPI_ISL_12474794    1.41%    passed    100.00%
 361  EPI_ISL_11560323    1.41%    passed     99.97%
 362  EPI_ISL_9651560     0.00%    passed     99.67%
 363  EPI_ISL_9221469     1.41%    passed     99.97%
 364  EPI_ISL_8769004     0.00%    passed     99.90%
 365  EPI_ISL_8768989     0.00%    passed     99.90%
 366  EPI_ISL_5463803     0.00%    passed     99.90%
 367  EPI_ISL_5463801     0.00%    passed     99.60%
 368  EPI_ISL_5463798     0.00%    passed     99.90%
 369  EPI_ISL_5463797     0.00%    passed     99.90%
 370  EPI_ISL_17710025    0.23%    passed     99.75%
 371  EPI_ISL_17072341    0.73%    passed     99.89%
 372  EPI_ISL_17033246    1.46%    passed     99.28%
 373  EPI_ISL_17033244    1.46%    passed     99.28%
 374  EPI_ISL_16574723    0.17%    passed     99.80%
 375  EPI_ISL_15585754    0.23%    passed     99.82%
 376  EPI_ISL_13969429    0.68%    passed     99.12%
 377  EPI_ISL_13370573    0.06%    passed     99.69%
 378  EPI_ISL_18594303    1.52%    passed     99.66%
 379  EPI_ISL_17716082    0.06%    passed     99.68%
 380  EPI_ISL_13370709    0.11%    passed     99.42%
 381  EPI_ISL_13370612    0.11%    passed     99.65%
 382  EPI_ISL_17774063    0.73%    passed     99.77%
 383  EPI_ISL_17514174    0.00%    passed     99.81%
 384  EPI_ISL_16904553    0.00%    passed     99.93%
 385  EPI_ISL_16547552    0.51%    passed     99.81%
 386  EPI_ISL_15038822    0.00%    passed     99.97%
 387  EPI_ISL_14987487    0.00%    passed     98.95%
 388  EPI_ISL_14811829    0.00%    passed     99.98%
 389  EPI_ISL_14811826    0.00%    passed     99.96%
 390  EPI_ISL_14811825    0.00%    passed     99.96%
 391  EPI_ISL_14811043    0.00%    passed     99.96%
 392  EPI_ISL_14810959    0.00%    passed     99.96%
 393  EPI_ISL_14392127    0.06%    passed     99.86%
 394  EPI_ISL_14390100    0.00%    passed     99.97%
 395  EPI_ISL_13486890    0.00%    passed     99.91%
 396  EPI_ISL_13486857    0.00%    passed    100.00%
 397  EPI_ISL_13486844    0.00%    passed    100.00%
 398  EPI_ISL_13486831    0.00%    passed     99.91%
 399  EPI_ISL_13370913    0.17%    passed     99.97%
 400  EPI_ISL_13370911    0.00%    passed     99.53%
 401  EPI_ISL_13370703    0.00%    passed     98.85%
 402  EPI_ISL_13370628    0.00%    passed     99.69%
 403  EPI_ISL_13370604    0.00%    passed     99.58%
 404  EPI_ISL_13370558    0.00%    passed     99.58%
 405  EPI_ISL_13370523    0.00%    passed     99.58%
 406  EPI_ISL_13370515    0.00%    passed     99.58%
 407  EPI_ISL_13370508    0.00%    passed     99.69%
 408  EPI_ISL_13370420    0.00%    passed     99.27%
 409  EPI_ISL_13369772    0.00%    passed     99.58%
 410  EPI_ISL_13369769    0.00%    passed     99.69%
 411  EPI_ISL_13369755    0.00%    passed     99.89%
 412  EPI_ISL_13360257    1.41%    passed     99.99%
 413  EPI_ISL_12210335    0.00%    passed     99.79%
 414  EPI_ISL_11560325    1.41%    passed     99.90%
 415  EPI_ISL_10576444    0.56%    passed     99.87%
 416  EPI_ISL_10454887    1.41%    passed     99.90%
 417  EPI_ISL_9690956     1.41%    passed     99.90%
 418  EPI_ISL_9648464     0.00%    passed     99.58%
 419  EPI_ISL_9641226     0.00%    passed     99.27%
 420  EPI_ISL_9616265     1.41%    passed     99.90%
 421  EPI_ISL_7054770     0.00%    passed     99.27%
 422  EPI_ISL_7053817     0.00%    passed     99.27%
 423  EPI_ISL_5463802     0.00%    passed     99.97%
 424  EPI_ISL_5463800     0.00%    passed     99.97%
 425  EPI_ISL_17208171    1.46%    passed     99.90%
 426  EPI_ISL_16956028    0.23%    passed     99.38%
 427  EPI_ISL_16574644    0.45%    passed     99.95%
 428  EPI_ISL_15579545    1.46%    passed     99.65%
 429  EPI_ISL_14864640    0.23%    passed     99.77%
 430  EPI_ISL_14864638    0.00%    passed     99.91%
 431  EPI_ISL_14393126    1.46%    passed     99.85%
 432  EPI_ISL_13778464    1.46%    passed     99.85%
 433  EPI_ISL_13370923    0.23%    passed     99.64%
 434  EPI_ISL_13370917    0.17%    passed     99.09%
 435  EPI_ISL_13370908    0.23%    passed     99.38%
 436  EPI_ISL_13370704    0.23%    passed     99.28%
 437  EPI_ISL_13370603    0.23%    passed     99.82%
 438  EPI_ISL_13369763    0.06%    passed     99.80%
 439  EPI_ISL_13369753    0.23%    passed     99.82%
 440  EPI_ISL_13369746    0.23%    passed     99.82%
 441  EPI_ISL_13369745    0.23%    passed     99.82%
 442  EPI_ISL_17716080    0.06%    passed     99.82%
 443  EPI_ISL_17716059    0.06%    passed     99.82%
 444  EPI_ISL_17514175    0.06%    passed     99.82%
 445  EPI_ISL_17514173    0.06%    passed     99.73%
 446  EPI_ISL_17514172    0.06%    passed     99.82%
 447  EPI_ISL_17514171    0.06%    passed     99.82%
 448  EPI_ISL_16809999    0.79%    passed     98.53%
 449  EPI_ISL_18343476    0.68%    passed     98.65%
 450  EPI_ISL_17673144    0.00%    passed     99.98%
 451  EPI_ISL_17514169    0.00%    passed     99.81%
 452  EPI_ISL_17514168    0.00%    passed     99.86%
 453  EPI_ISL_17514167    0.00%    passed     99.86%
 454  EPI_ISL_17514127    0.00%    passed     99.81%
 455  EPI_ISL_17008431    1.41%    passed     99.89%
 456  EPI_ISL_16984869    0.00%    passed     99.99%
 457  EPI_ISL_16811197    0.90%    passed     99.35%
 458  EPI_ISL_16676471    0.00%    passed     99.60%
 459  EPI_ISL_16384157    0.00%    passed     99.99%
 460  EPI_ISL_16384156    0.00%    passed     99.99%
 461  EPI_ISL_16350797    0.00%    passed     99.73%
 462  EPI_ISL_15699799    0.00%    passed     99.40%
 463  EPI_ISL_15585857    0.00%    passed     98.32%
 464  EPI_ISL_15210576    1.41%    passed     99.93%
 465  EPI_ISL_15038821    0.00%    passed     99.90%
 466  EPI_ISL_14986843    0.00%    passed     99.93%
 467  EPI_ISL_14985523    0.00%    passed     99.94%
 468  EPI_ISL_14966094    0.00%    passed     99.93%
 469  EPI_ISL_14811930    0.00%    passed     99.94%
 470  EPI_ISL_14811850    0.00%    passed     99.91%
 471  EPI_ISL_14811846    0.00%    passed     99.91%
 472  EPI_ISL_14811828    0.00%    passed     99.86%
 473  EPI_ISL_14810880    0.00%    passed     99.43%
 474  EPI_ISL_14576108    1.41%    passed     99.98%
 475  EPI_ISL_14389524    0.00%    passed     99.15%
 476  EPI_ISL_14389148    0.00%    passed     99.15%
 477  EPI_ISL_14389133    0.00%    passed     99.94%
 478  EPI_ISL_14298225    1.41%    passed     99.98%
 479  EPI_ISL_13370912    0.17%    passed     99.44%
 480  EPI_ISL_13370634    0.00%    passed     99.82%
 481  EPI_ISL_13370609    0.00%    passed     99.78%
 482  EPI_ISL_13370524    0.00%    passed     99.78%
 483  EPI_ISL_13370520    0.00%    passed     99.46%
 484  EPI_ISL_13370514    0.00%    passed     99.78%
 485  EPI_ISL_13370507    0.00%    passed     99.39%
 486  EPI_ISL_13370419    0.00%    passed     99.78%
 487  EPI_ISL_13369782    0.00%    passed     99.29%
 488  EPI_ISL_13369768    0.00%    passed     99.78%
 489  EPI_ISL_12069978    1.41%    passed     99.97%
 490  EPI_ISL_12069289    1.41%    passed     99.76%
 491  EPI_ISL_11580158    0.00%    passed     98.66%
 492  EPI_ISL_11112354    1.41%    passed     99.96%
 493  EPI_ISL_10937772    0.00%    passed     99.75%
 494  EPI_ISL_10880515    0.00%    passed     99.67%
 495  EPI_ISL_9690820     1.41%    passed     99.76%
 496  EPI_ISL_9650269     0.00%    passed     99.67%
 497  EPI_ISL_9648238     0.00%    passed     98.66%
 498  EPI_ISL_9640026     0.00%    passed     98.66%
 499  EPI_ISL_9616263     1.41%    passed     99.97%
 500  EPI_ISL_9616213     1.41%    passed     99.76%
 501  EPI_ISL_9616204     1.41%    passed     99.76%
 502  EPI_ISL_9261746     1.41%    passed     99.76%
 503  EPI_ISL_9261745     1.41%    passed     99.76%
 504  EPI_ISL_9261744     1.41%    passed     99.76%
 505  EPI_ISL_9221519     1.41%    passed     99.76%
 506  EPI_ISL_9221451     1.41%    passed     99.80%
 507  EPI_ISL_9221411     1.41%    passed     99.70%
 508  EPI_ISL_9111105     1.41%    passed     99.76%
 509  EPI_ISL_9111103     1.41%    passed     99.76%
 510  EPI_ISL_8769022     0.00%    passed     98.66%
 511  EPI_ISL_8769021     0.00%    passed     98.66%
 512  EPI_ISL_8769020     0.00%    passed     98.66%
 513  EPI_ISL_8769019     0.00%    passed     98.66%
 514  EPI_ISL_8769017     0.00%    passed     99.75%
 515  EPI_ISL_7267249     1.41%    passed     99.90%
 516  EPI_ISL_17072173    0.39%    passed     99.65%
 517  EPI_ISL_15581792    1.46%    passed     99.91%
 518  EPI_ISL_15581791    1.46%    passed     99.91%
 519  EPI_ISL_14393115    1.46%    passed     99.70%
 520  EPI_ISL_13519451    0.23%    passed     99.90%
 521  EPI_ISL_13370910    0.23%    passed     99.92%
 522  EPI_ISL_13370625    0.23%    passed     99.75%
 523  EPI_ISL_13369771    0.23%    passed     99.82%
 524  EPI_ISL_9012700     0.34%    passed     99.87%
 525  EPI_ISL_9012696     0.23%    passed     99.89%
 526  EPI_ISL_9012694     0.23%    passed     99.89%
 527  EPI_ISL_9012574     1.46%    passed     99.71%
 528  EPI_ISL_17791550    0.84%    passed     99.99%
 529  EPI_ISL_17514178    0.06%    passed     99.87%
 530  EPI_ISL_16811205    1.63%    passed     99.93%
 531  EPI_ISL_16810562    0.06%    passed     98.40%
WARNING: 4 sequences contain more than 50% gaps/ambiguity
****  TOTAL               1.07%  0 sequences failed composition chi2 test (p-value<5%; df=3)
NOTE: EPI_ISL_18815362 is identical to EPI_ISL_18815363 but kept for subsequent analysis
NOTE: EPI_ISL_18937342 is identical to EPI_ISL_18862258 but kept for subsequent analysis
NOTE: EPI_ISL_18918527 is identical to EPI_ISL_18918529 but kept for subsequent analysis
NOTE: EPI_ISL_19033560 is identical to EPI_ISL_19033561 but kept for subsequent analysis
NOTE: EPI_ISL_18514132 is identical to EPI_ISL_18788061 but kept for subsequent analysis
NOTE: EPI_ISL_18787923 is identical to EPI_ISL_18885547 but kept for subsequent analysis
NOTE: EPI_ISL_18592414 is identical to EPI_ISL_18592434 but kept for subsequent analysis
NOTE: EPI_ISL_19033555 is identical to EPI_ISL_19033558 but kept for subsequent analysis
NOTE: EPI_ISL_18530058 is identical to EPI_ISL_18536663 but kept for subsequent analysis
NOTE: EPI_ISL_19033335 is identical to EPI_ISL_19033336 but kept for subsequent analysis
NOTE: EPI_ISL_18885839 is identical to EPI_ISL_18885826 but kept for subsequent analysis
NOTE: EPI_ISL_18729428 is identical to EPI_ISL_18729429 but kept for subsequent analysis
NOTE: EPI_ISL_19044792 is identical to EPI_ISL_19044793 but kept for subsequent analysis
NOTE: EPI_ISL_18824086 is identical to EPI_ISL_18824089 but kept for subsequent analysis
NOTE: EPI_ISL_18866888 is identical to EPI_ISL_18866891 but kept for subsequent analysis
NOTE: EPI_ISL_18536647 is identical to EPI_ISL_18593865 but kept for subsequent analysis
NOTE: EPI_ISL_15586116 is identical to EPI_ISL_15957774 but kept for subsequent analysis
NOTE: EPI_ISL_15585904 is identical to EPI_ISL_15586108 but kept for subsequent analysis
NOTE: EPI_ISL_17465832 is identical to EPI_ISL_17465833 but kept for subsequent analysis
NOTE: EPI_ISL_15957715 is identical to EPI_ISL_15957865 but kept for subsequent analysis
NOTE: EPI_ISL_15585911 is identical to EPI_ISL_15957672 but kept for subsequent analysis
NOTE: EPI_ISL_15942297 is identical to EPI_ISL_15958004 but kept for subsequent analysis
NOTE: EPI_ISL_15957708 is identical to EPI_ISL_15957731 but kept for subsequent analysis
NOTE: EPI_ISL_15586126 is identical to EPI_ISL_15586128 but kept for subsequent analysis
NOTE: EPI_ISL_16384161 is identical to EPI_ISL_16574569 but kept for subsequent analysis
NOTE: EPI_ISL_16384166 is identical to EPI_ISL_16384195 but kept for subsequent analysis
NOTE: EPI_ISL_16384181 is identical to EPI_ISL_16574599 but kept for subsequent analysis
NOTE: EPI_ISL_14985602 is identical to EPI_ISL_14987682 but kept for subsequent analysis
NOTE: EPI_ISL_13370909 is identical to EPI_ISL_13486869 but kept for subsequent analysis
NOTE: EPI_ISL_13370919 is identical to EPI_ISL_13370921 but kept for subsequent analysis
NOTE: EPI_ISL_13370915 is identical to EPI_ISL_13370916 but kept for subsequent analysis
NOTE: EPI_ISL_13370633 is identical to EPI_ISL_13370708 but kept for subsequent analysis
NOTE: EPI_ISL_13370705 is identical to EPI_ISL_13370706 but kept for subsequent analysis
NOTE: EPI_ISL_9221469 is identical to EPI_ISL_11560323 but kept for subsequent analysis
NOTE: EPI_ISL_8768989 is identical to EPI_ISL_8769004 but kept for subsequent analysis
NOTE: EPI_ISL_17033244 is identical to EPI_ISL_17033246 but kept for subsequent analysis
NOTE: EPI_ISL_14811825 is identical to EPI_ISL_14811826 but kept for subsequent analysis
NOTE: EPI_ISL_13486831 is identical to EPI_ISL_13486890 but kept for subsequent analysis
NOTE: EPI_ISL_13486844 is identical to EPI_ISL_13486857 but kept for subsequent analysis
NOTE: EPI_ISL_13370508 is identical to EPI_ISL_13370628 but kept for subsequent analysis
NOTE: EPI_ISL_13370515 is identical to EPI_ISL_13370604 but kept for subsequent analysis
NOTE: EPI_ISL_10454887 is identical to EPI_ISL_11560325 but kept for subsequent analysis
NOTE: EPI_ISL_7054770 is identical to EPI_ISL_9641226 but kept for subsequent analysis
NOTE: EPI_ISL_5463800 is identical to EPI_ISL_5463802 but kept for subsequent analysis
NOTE: EPI_ISL_13370908 is identical to EPI_ISL_16956028 but kept for subsequent analysis
NOTE: EPI_ISL_13778464 is identical to EPI_ISL_14393126 but kept for subsequent analysis
NOTE: EPI_ISL_13369753 is identical to EPI_ISL_13370603 but kept for subsequent analysis
NOTE: EPI_ISL_17716059 is identical to EPI_ISL_17716080 but kept for subsequent analysis
NOTE: EPI_ISL_17514127 is identical to EPI_ISL_17514169 but kept for subsequent analysis
NOTE: EPI_ISL_17514167 is identical to EPI_ISL_17514168 but kept for subsequent analysis
NOTE: EPI_ISL_16384156 is identical to EPI_ISL_16384157 but kept for subsequent analysis
NOTE: EPI_ISL_14811930 is identical to EPI_ISL_14985523 but kept for subsequent analysis
NOTE: EPI_ISL_14811846 is identical to EPI_ISL_14811850 but kept for subsequent analysis
NOTE: EPI_ISL_14298225 is identical to EPI_ISL_14576108 but kept for subsequent analysis
NOTE: EPI_ISL_14389148 is identical to EPI_ISL_14389524 but kept for subsequent analysis
NOTE: EPI_ISL_13370524 is identical to EPI_ISL_13370609 but kept for subsequent analysis
NOTE: EPI_ISL_9690820 is identical to EPI_ISL_12069289 but kept for subsequent analysis
NOTE: EPI_ISL_9648238 is identical to EPI_ISL_11580158 but kept for subsequent analysis
NOTE: EPI_ISL_15581791 is identical to EPI_ISL_15581792 but kept for subsequent analysis
NOTE: EPI_ISL_9012694 is identical to EPI_ISL_9012696 but kept for subsequent analysis
NOTE: 85 identical sequences (see below) will be ignored for subsequent analysis
NOTE: EPI_ISL_18918508 (identical to EPI_ISL_18918529) is ignored but added at the end
NOTE: EPI_ISL_18885871 (identical to EPI_ISL_19033561) is ignored but added at the end
NOTE: EPI_ISL_18787953 (identical to EPI_ISL_19033561) is ignored but added at the end
NOTE: EPI_ISL_18787916 (identical to EPI_ISL_19033561) is ignored but added at the end
NOTE: EPI_ISL_19033546 (identical to EPI_ISL_19033558) is ignored but added at the end
NOTE: EPI_ISL_19033331 (identical to EPI_ISL_19033558) is ignored but added at the end
NOTE: EPI_ISL_18530147 (identical to EPI_ISL_18536663) is ignored but added at the end
NOTE: EPI_ISL_19033334 (identical to EPI_ISL_19033336) is ignored but added at the end
NOTE: EPI_ISL_19033333 (identical to EPI_ISL_19033336) is ignored but added at the end
NOTE: EPI_ISL_18729427 (identical to EPI_ISL_18729429) is ignored but added at the end
NOTE: EPI_ISL_18729401 (identical to EPI_ISL_18729429) is ignored but added at the end
NOTE: EPI_ISL_18729400 (identical to EPI_ISL_18729429) is ignored but added at the end
NOTE: EPI_ISL_18729387 (identical to EPI_ISL_18729429) is ignored but added at the end
NOTE: EPI_ISL_18729386 (identical to EPI_ISL_18729429) is ignored but added at the end
NOTE: EPI_ISL_18729385 (identical to EPI_ISL_18729429) is ignored but added at the end
NOTE: EPI_ISL_19044791 (identical to EPI_ISL_19044793) is ignored but added at the end
NOTE: EPI_ISL_18946743 (identical to EPI_ISL_19044793) is ignored but added at the end
NOTE: EPI_ISL_18946742 (identical to EPI_ISL_19044793) is ignored but added at the end
NOTE: EPI_ISL_18946741 (identical to EPI_ISL_19044793) is ignored but added at the end
NOTE: EPI_ISL_18946740 (identical to EPI_ISL_19044793) is ignored but added at the end
NOTE: EPI_ISL_18946739 (identical to EPI_ISL_19044793) is ignored but added at the end
NOTE: EPI_ISL_18946738 (identical to EPI_ISL_19044793) is ignored but added at the end
NOTE: EPI_ISL_18946737 (identical to EPI_ISL_19044793) is ignored but added at the end
NOTE: EPI_ISL_18946736 (identical to EPI_ISL_19044793) is ignored but added at the end
NOTE: EPI_ISL_18946735 (identical to EPI_ISL_19044793) is ignored but added at the end
NOTE: EPI_ISL_18946734 (identical to EPI_ISL_19044793) is ignored but added at the end
NOTE: EPI_ISL_18946733 (identical to EPI_ISL_19044793) is ignored but added at the end
NOTE: EPI_ISL_18928989 (identical to EPI_ISL_19044793) is ignored but added at the end
NOTE: EPI_ISL_18928988 (identical to EPI_ISL_19044793) is ignored but added at the end
NOTE: EPI_ISL_18928987 (identical to EPI_ISL_19044793) is ignored but added at the end
NOTE: EPI_ISL_18928986 (identical to EPI_ISL_19044793) is ignored but added at the end
NOTE: EPI_ISL_18928985 (identical to EPI_ISL_19044793) is ignored but added at the end
NOTE: EPI_ISL_18928984 (identical to EPI_ISL_19044793) is ignored but added at the end
NOTE: EPI_ISL_18928983 (identical to EPI_ISL_19044793) is ignored but added at the end
NOTE: EPI_ISL_17214732 (identical to EPI_ISL_17465833) is ignored but added at the end
NOTE: EPI_ISL_15586107 (identical to EPI_ISL_15957865) is ignored but added at the end
NOTE: EPI_ISL_13370918 (identical to EPI_ISL_13370921) is ignored but added at the end
NOTE: EPI_ISL_13370914 (identical to EPI_ISL_13370916) is ignored but added at the end
NOTE: EPI_ISL_13370907 (identical to EPI_ISL_13370916) is ignored but added at the end
NOTE: EPI_ISL_13370710 (identical to EPI_ISL_13370916) is ignored but added at the end
NOTE: EPI_ISL_13370632 (identical to EPI_ISL_13370708) is ignored but added at the end
NOTE: EPI_ISL_13370631 (identical to EPI_ISL_13370708) is ignored but added at the end
NOTE: EPI_ISL_13370621 (identical to EPI_ISL_13370708) is ignored but added at the end
NOTE: EPI_ISL_13370613 (identical to EPI_ISL_13370708) is ignored but added at the end
NOTE: EPI_ISL_13370610 (identical to EPI_ISL_13370708) is ignored but added at the end
NOTE: EPI_ISL_13370608 (identical to EPI_ISL_13370708) is ignored but added at the end
NOTE: EPI_ISL_13370570 (identical to EPI_ISL_13370708) is ignored but added at the end
NOTE: EPI_ISL_13370569 (identical to EPI_ISL_13370708) is ignored but added at the end
NOTE: EPI_ISL_13370248 (identical to EPI_ISL_13370708) is ignored but added at the end
NOTE: EPI_ISL_13369766 (identical to EPI_ISL_13370708) is ignored but added at the end
NOTE: EPI_ISL_13369762 (identical to EPI_ISL_13370708) is ignored but added at the end
NOTE: EPI_ISL_13369754 (identical to EPI_ISL_13370708) is ignored but added at the end
NOTE: EPI_ISL_13369748 (identical to EPI_ISL_13370708) is ignored but added at the end
NOTE: EPI_ISL_13369747 (identical to EPI_ISL_13370708) is ignored but added at the end
NOTE: EPI_ISL_13369400 (identical to EPI_ISL_13370708) is ignored but added at the end
NOTE: EPI_ISL_9651560 (identical to EPI_ISL_13370708) is ignored but added at the end
NOTE: EPI_ISL_5463803 (identical to EPI_ISL_8769004) is ignored but added at the end
NOTE: EPI_ISL_5463798 (identical to EPI_ISL_8769004) is ignored but added at the end
NOTE: EPI_ISL_5463797 (identical to EPI_ISL_8769004) is ignored but added at the end
NOTE: EPI_ISL_14811043 (identical to EPI_ISL_14811826) is ignored but added at the end
NOTE: EPI_ISL_14810959 (identical to EPI_ISL_14811826) is ignored but added at the end
NOTE: EPI_ISL_13369772 (identical to EPI_ISL_13370604) is ignored but added at the end
NOTE: EPI_ISL_9690956 (identical to EPI_ISL_11560325) is ignored but added at the end
NOTE: EPI_ISL_9616265 (identical to EPI_ISL_11560325) is ignored but added at the end
NOTE: EPI_ISL_13369746 (identical to EPI_ISL_13370603) is ignored but added at the end
NOTE: EPI_ISL_13369745 (identical to EPI_ISL_13370603) is ignored but added at the end
NOTE: EPI_ISL_17514175 (identical to EPI_ISL_17716080) is ignored but added at the end
NOTE: EPI_ISL_17514172 (identical to EPI_ISL_17716080) is ignored but added at the end
NOTE: EPI_ISL_17514171 (identical to EPI_ISL_17716080) is ignored but added at the end
NOTE: EPI_ISL_13370514 (identical to EPI_ISL_13370609) is ignored but added at the end
NOTE: EPI_ISL_13370419 (identical to EPI_ISL_13370609) is ignored but added at the end
NOTE: EPI_ISL_13369768 (identical to EPI_ISL_13370609) is ignored but added at the end
NOTE: EPI_ISL_9616213 (identical to EPI_ISL_12069289) is ignored but added at the end
NOTE: EPI_ISL_9616204 (identical to EPI_ISL_12069289) is ignored but added at the end
NOTE: EPI_ISL_9261746 (identical to EPI_ISL_12069289) is ignored but added at the end
NOTE: EPI_ISL_9261745 (identical to EPI_ISL_12069289) is ignored but added at the end
NOTE: EPI_ISL_9261744 (identical to EPI_ISL_12069289) is ignored but added at the end
NOTE: EPI_ISL_9221519 (identical to EPI_ISL_12069289) is ignored but added at the end
NOTE: EPI_ISL_9111105 (identical to EPI_ISL_12069289) is ignored but added at the end
NOTE: EPI_ISL_9111103 (identical to EPI_ISL_12069289) is ignored but added at the end
NOTE: EPI_ISL_9640026 (identical to EPI_ISL_11580158) is ignored but added at the end
NOTE: EPI_ISL_8769022 (identical to EPI_ISL_11580158) is ignored but added at the end
NOTE: EPI_ISL_8769021 (identical to EPI_ISL_11580158) is ignored but added at the end
NOTE: EPI_ISL_8769020 (identical to EPI_ISL_11580158) is ignored but added at the end
NOTE: EPI_ISL_8769019 (identical to EPI_ISL_11580158) is ignored but added at the end

For your convenience alignment with unique sequences printed to HA_030624_2.fas.uniqueseq.phy


Create initial parsimony tree by phylogenetic likelihood library (PLL)... 0.030 seconds
NOTE: ModelFinder requires 68 MB RAM!
ModelFinder will test 13 DNA models (sample size: 1776) ...
 No. Model         -LnL         df  AIC          AICc         BIC
  1  GTR+F         8114.102     897 18022.205    19857.071    22939.666
  2  GTR+F+I       7983.923     898 17763.846    19604.899    22686.789
  3  GTR+F+G4      7976.398     898 17748.796    19589.850    22671.739
  4  GTR+F+I+G4    7972.258     899 17742.516    19589.777    22670.941
  5  GTR+F+R2      7974.022     899 17746.044    19593.304    22674.469
  6  GTR+F+R3      7972.880     901 17747.761    19607.491    22687.150
Akaike Information Criterion:           GTR+F+I+G4
Corrected Akaike Information Criterion: GTR+F+I+G4
Bayesian Information Criterion:         GTR+F+I+G4
Best-fit model: GTR+F+I+G4 chosen according to BIC

All model information printed to HA_030624_2.fas.model.gz
CPU time for ModelFinder: 15.310 seconds (0h:0m:15s)
Wall-clock time for ModelFinder: 3.957 seconds (0h:0m:3s)

NOTE: 27 MB RAM (0 GB) is required!
Estimate model parameters (epsilon = 0.100)
Thoroughly optimizing +I+G parameters from 10 start values...
Init pinv, alpha: 0.000, 1.000 / Estimate: 0.000, 0.309 / LogL: -7976.384
Init pinv, alpha: 0.084, 1.000 / Estimate: 0.087, 0.374 / LogL: -7975.402
Init pinv, alpha: 0.169, 1.000 / Estimate: 0.173, 0.462 / LogL: -7974.451
Init pinv, alpha: 0.253, 1.000 / Estimate: 0.258, 0.586 / LogL: -7973.547
Init pinv, alpha: 0.338, 1.000 / Estimate: 0.342, 0.775 / LogL: -7972.656
Init pinv, alpha: 0.422, 1.000 / Estimate: 0.425, 1.093 / LogL: -7971.892
Init pinv, alpha: 0.507, 1.000 / Estimate: 0.504, 1.704 / LogL: -7971.571
Init pinv, alpha: 0.591, 1.000 / Estimate: 0.570, 2.936 / LogL: -7972.462
Init pinv, alpha: 0.676, 1.000 / Estimate: 0.574, 3.057 / LogL: -7973.059
Init pinv, alpha: 0.760, 1.000 / Estimate: 0.576, 3.112 / LogL: -7973.951
Optimal pinv,alpha: 0.504, 1.704 / LogL: -7971.571

Parameters optimization took 5.140 sec
Computing ML distances based on estimated model parameters... 0.938 sec
Computing BIONJ tree...
0.115 seconds
Log-likelihood of BIONJ tree: -7953.492
--------------------------------------------------------------------
|             INITIALIZING CANDIDATE TREE SET                      |
--------------------------------------------------------------------
Generating 98 parsimony trees... 3.156 second
Computing log-likelihood of 98 initial trees ... 4.853 seconds
Current best score: -7923.786

Do NNI search on 20 best initial trees
Estimate model parameters (epsilon = 0.100)
BETTER TREE FOUND at iteration 1: -7919.752
Iteration 10 / LogL: -7936.245 / Time: 0h:0m:18s
Iteration 20 / LogL: -7940.177 / Time: 0h:0m:23s
Finish initializing candidate tree set (20)
Current best tree score: -7919.752 / CPU time: 18.383
Number of iterations: 20
--------------------------------------------------------------------
|               OPTIMIZING CANDIDATE TREE SET                      |
--------------------------------------------------------------------
Iteration 30 / LogL: -7946.094 / Time: 0h:0m:30s (0h:1m:14s left)
Iteration 40 / LogL: -7926.945 / Time: 0h:0m:36s (0h:0m:57s left)
Iteration 50 / LogL: -7960.075 / Time: 0h:0m:42s (0h:0m:44s left)
Iteration 60 / LogL: -7928.083 / Time: 0h:0m:48s (0h:0m:33s left)
Iteration 70 / LogL: -7927.629 / Time: 0h:0m:53s (0h:0m:24s left)
Iteration 80 / LogL: -7920.256 / Time: 0h:0m:59s (0h:0m:15s left)
Iteration 90 / LogL: -7953.477 / Time: 0h:1m:4s (0h:0m:7s left)
Iteration 100 / LogL: -7928.595 / Time: 0h:1m:9s (0h:0m:0s left)
TREE SEARCH COMPLETED AFTER 102 ITERATIONS / Time: 0h:1m:10s

--------------------------------------------------------------------
|                    FINALIZING TREE SEARCH                        |
--------------------------------------------------------------------
Performs final model parameters optimization
Estimate model parameters (epsilon = 0.010)
1. Initial log-likelihood: -7919.752
Optimal log-likelihood: -7919.746
Rate parameters:  A-C: 1.10282  A-G: 6.37062  A-T: 0.78028  C-G: 0.23989  C-T: 8.18312  G-T: 1.00000
Base frequencies:  A: 0.342  C: 0.185  G: 0.231  T: 0.242
Proportion of invariable sites: 0.504
Gamma shape alpha: 1.802
Parameters optimization took 1 rounds (0.067 sec)
BEST SCORE FOUND : -7919.746
Total tree length: 0.394

Total number of iterations: 102
CPU time used for tree search: 247.736 sec (0h:4m:7s)
Wall-clock time used for tree search: 65.317 sec (0h:1m:5s)
Total CPU time used: 270.178 sec (0h:4m:30s)
Total wall-clock time used: 71.005 sec (0h:1m:11s)

Analysis results written to: 
  IQ-TREE report:                HA_030624_2.fas.iqtree
  Maximum-likelihood tree:       HA_030624_2.fas.treefile
  Likelihood distances:          HA_030624_2.fas.mldist
  Screen log file:               HA_030624_2.fas.log

Date and Time: Mon Jun 24 10:46:19 2024
