IQ-TREE multicore version 1.6.12 for Mac OS X 64-bit built Aug 15 2019
Developed by Bui Quang Minh, Nguyen Lam Tung, Olga Chernomor,
Heiko Schmidt, Dominik Schrempf, Michael Woodhams.

Host:    Simons-MBP-5.local (SSE4.2, 128 GB RAM)
Command: IQTREE_v_1_6_12/iqtree -s MP_030624_2.fas -m MFP -mem 10Go -mset GTR -nt 4
Seed:    187132 (Using SPRNG - Scalable Parallel Random Number Generator)
Time:    Mon Jun 24 10:46:19 2024
Kernel:  SSE2 - 4 threads (16 CPU cores detected)

Reading alignment file MP_030624_2.fas ... Fasta format detected
Alignment most likely contains DNA/RNA sequences
Alignment has 533 sequences with 1027 columns, 184 distinct patterns
84 parsimony-informative, 71 singleton sites, 872 constant sites
WARNING: Some sequence names are changed as follows:
EPI_ISL_19090717  -> EPI_ISL_19090717__

                    Gap/Ambiguity  Composition  p-value
   1  EPI_ISL_18789944      0.00%    passed     99.84%
   2  EPI_ISL_18824085      0.00%    passed     99.97%
   3  EPI_ISL_18788080      2.43%    passed     99.99%
   4  EPI_ISL_18668242      0.00%    passed     99.95%
   5  EPI_ISL_18824201      0.00%    passed     99.95%
   6  EPI_ISL_18789928      0.00%    passed     99.95%
   7  EPI_ISL_18607170      1.36%    passed     99.69%
   8  EPI_ISL_18660931      0.00%    passed     99.84%
   9  EPI_ISL_18885828      2.43%    passed     99.87%
  10  EPI_ISL_18885854      2.43%    passed    100.00%
  11  EPI_ISL_18885855      2.43%    passed    100.00%
  12  EPI_ISL_18815363      0.00%    passed     99.87%
  13  EPI_ISL_18815362      0.00%    passed     99.87%
  14  EPI_ISL_18866885      0.00%    passed     99.95%
  15  EPI_ISL_19033339      2.43%    passed    100.00%
  16  EPI_ISL_19033563      2.43%    passed     99.99%
  17  EPI_ISL_19033337      2.43%    passed     99.97%
  18  EPI_ISL_19033340      2.43%    passed    100.00%
  19  EPI_ISL_18745084      2.53%    passed    100.00%
  20  EPI_ISL_18937346      2.53%    passed     99.93%
  21  EPI_ISL_18937347      2.53%    passed    100.00%
  22  EPI_ISL_18937350      2.53%    passed     99.24%
  23  EPI_ISL_18862265      1.36%    passed     99.51%
  24  EPI_ISL_18937352      2.53%    passed    100.00%
  25  EPI_ISL_18862261      1.36%    passed     99.67%
  26  EPI_ISL_18862260      1.36%    passed     99.67%
  27  EPI_ISL_18862259      1.36%    passed     99.51%
  28  EPI_ISL_18862258      1.36%    passed     99.67%
  29  EPI_ISL_18862257      1.36%    passed     99.67%
  30  EPI_ISL_18745073      2.63%    passed     99.97%
  31  EPI_ISL_18862255      1.36%    passed     99.67%
  32  EPI_ISL_18745071      2.53%    passed     99.97%
  33  EPI_ISL_18937339      1.36%    passed     99.51%
  34  EPI_ISL_18937340      1.36%    passed     99.67%
  35  EPI_ISL_18937342      1.36%    passed     99.67%
  36  EPI_ISL_19014081      2.53%    passed    100.00%
  37  EPI_ISL_19014086      2.53%    passed    100.00%
  38  EPI_ISL_18745078      2.53%    passed    100.00%
  39  EPI_ISL_19090717__    3.51%    passed     99.34%
  40  EPI_ISL_18937344      2.53%    passed     99.49%
  41  EPI_ISL_18937345      2.53%    passed     99.69%
  42  EPI_ISL_18937348      2.53%    passed     99.49%
  43  EPI_ISL_18937349      2.53%    passed     99.49%
  44  EPI_ISL_18937351      2.53%    passed     99.36%
  45  EPI_ISL_18862264      1.36%    passed     99.55%
  46  EPI_ISL_18862262      1.36%    passed     98.34%
  47  EPI_ISL_18862256      1.36%    passed     98.46%
  48  EPI_ISL_18745069      2.53%    passed     99.36%
  49  EPI_ISL_18937338      1.36%    passed     99.29%
  50  EPI_ISL_18937343      2.53%    passed     99.99%
  51  EPI_ISL_18745079      2.53%    passed     99.90%
  52  EPI_ISL_19030162      7.11%    passed     99.39%
  53  EPI_ISL_19000792      0.00%    passed     99.95%
  54  EPI_ISL_18918529      0.00%    passed     99.95%
  55  EPI_ISL_18918493      0.00%    passed     99.95%
  56  EPI_ISL_18918472      0.00%    passed     99.95%
  57  EPI_ISL_19000795      0.00%    passed     99.97%
  58  EPI_ISL_18937337      1.36%    passed     99.67%
  59  EPI_ISL_18918527      0.00%    passed     99.90%
  60  EPI_ISL_18918508      0.00%    passed     99.90%
  61  EPI_ISL_18918470      0.00%    passed     99.76%
  62  EPI_ISL_15957966      0.00%    passed    100.00%
  63  EPI_ISL_15957912      0.00%    passed    100.00%
  64  EPI_ISL_15957906      0.00%    passed    100.00%
  65  EPI_ISL_18787920      0.00%    passed     99.99%
  66  EPI_ISL_18750725      0.00%    passed     99.99%
  67  EPI_ISL_17791551      0.00%    passed     99.99%
  68  EPI_ISL_17791549      0.00%    passed     99.99%
  69  EPI_ISL_17791546      0.00%    passed     99.99%
  70  EPI_ISL_17672824      0.00%    passed     99.99%
  71  EPI_ISL_17257532      0.00%    passed     99.99%
  72  EPI_ISL_17214731      0.00%    passed     99.99%
  73  EPI_ISL_17072781      0.00%    passed     99.99%
  74  EPI_ISL_17072337      0.00%    passed     99.99%
  75  EPI_ISL_16904551      0.00%    passed     99.99%
  76  EPI_ISL_16904550      0.00%    passed     99.99%
  77  EPI_ISL_16384195      0.10%    passed     99.97%
  78  EPI_ISL_16384175      0.00%    passed     99.99%
  79  EPI_ISL_16384168      0.00%    passed     99.99%
  80  EPI_ISL_16384166      0.00%    passed     99.99%
  81  EPI_ISL_16384147      0.00%    passed     99.99%
  82  EPI_ISL_16384139      0.00%    passed     99.99%
  83  EPI_ISL_15957919      0.00%    passed     99.99%
  84  EPI_ISL_15957844      0.00%    passed     99.99%
  85  EPI_ISL_15957837      0.00%    passed     99.99%
  86  EPI_ISL_15957792      0.00%    passed     99.99%
  87  EPI_ISL_15957785      0.00%    passed     99.99%
  88  EPI_ISL_15957731      0.00%    passed     99.99%
  89  EPI_ISL_15957708      0.00%    passed     99.99%
  90  EPI_ISL_15957678      0.00%    passed     99.99%
  91  EPI_ISL_15957672      0.00%    passed     99.99%
  92  EPI_ISL_15957666      0.00%    passed     99.99%
  93  EPI_ISL_15586117      0.00%    passed     99.99%
  94  EPI_ISL_15586113      0.00%    passed     99.99%
  95  EPI_ISL_15586112      0.00%    passed     99.99%
  96  EPI_ISL_15585911      0.00%    passed     99.99%
  97  EPI_ISL_15585897      1.17%    passed     99.14%
  98  EPI_ISL_15585841      0.00%    passed     99.99%
  99  EPI_ISL_15585760      0.00%    passed     99.99%
 100  EPI_ISL_15585754      0.00%    passed     99.99%
 101  EPI_ISL_15585753      0.00%    passed     99.99%
 102  EPI_ISL_15585750      0.00%    passed     99.99%
 103  EPI_ISL_16384150      0.10%    passed     99.97%
 104  EPI_ISL_17716083      0.10%    passed     99.97%
 105  EPI_ISL_17716060      0.10%    passed     99.97%
 106  EPI_ISL_17716058      0.10%    passed     99.97%
 107  EPI_ISL_17716057      0.10%    passed     99.97%
 108  EPI_ISL_18918530      0.00%    passed     99.92%
 109  EPI_ISL_18866893      0.00%    passed     99.80%
 110  EPI_ISL_18866886      0.00%    passed    100.00%
 111  EPI_ISL_18847157      0.00%    passed    100.00%
 112  EPI_ISL_18847156      0.00%    passed    100.00%
 113  EPI_ISL_18847150      0.00%    passed    100.00%
 114  EPI_ISL_18847133      0.00%    passed    100.00%
 115  EPI_ISL_18847129      0.00%    passed    100.00%
 116  EPI_ISL_18847128      0.00%    passed    100.00%
 117  EPI_ISL_18847127      0.00%    passed    100.00%
 118  EPI_ISL_18824185      0.00%    passed    100.00%
 119  EPI_ISL_18824089      0.00%    passed     99.92%
 120  EPI_ISL_18824088      0.00%    passed     99.92%
 121  EPI_ISL_18815277      0.00%    passed     99.92%
 122  EPI_ISL_18815224      0.00%    passed    100.00%
 123  EPI_ISL_18789904      0.00%    passed     99.80%
 124  EPI_ISL_18788075      0.00%    passed     99.92%
 125  EPI_ISL_18750748      0.00%    passed     99.97%
 126  EPI_ISL_18750129      1.17%    passed     98.93%
 127  EPI_ISL_18668515      1.17%    passed     99.39%
 128  EPI_ISL_18592434      0.00%    passed     99.92%
 129  EPI_ISL_18592421      0.00%    passed     99.92%
 130  EPI_ISL_18592420      0.00%    passed     99.92%
 131  EPI_ISL_18592418      0.00%    passed     99.92%
 132  EPI_ISL_18592414      0.00%    passed     99.92%
 133  EPI_ISL_18514137      0.00%    passed     99.92%
 134  EPI_ISL_18345367      1.17%    passed     98.63%
 135  EPI_ISL_17710025      0.00%    passed    100.00%
 136  EPI_ISL_17710023      0.00%    passed    100.00%
 137  EPI_ISL_17564760      0.00%    passed    100.00%
 138  EPI_ISL_17529372      0.00%    passed    100.00%
 139  EPI_ISL_17529371      0.00%    passed    100.00%
 140  EPI_ISL_17529370      0.00%    passed    100.00%
 141  EPI_ISL_17529369      0.00%    passed    100.00%
 142  EPI_ISL_17514138      0.00%    passed     99.92%
 143  EPI_ISL_17514137      0.00%    passed     99.92%
 144  EPI_ISL_17514136      0.00%    passed     99.92%
 145  EPI_ISL_17514135      0.00%    passed     99.92%
 146  EPI_ISL_17465834      0.00%    passed     99.95%
 147  EPI_ISL_17465833      0.00%    passed     99.95%
 148  EPI_ISL_17465832      0.00%    passed     99.95%
 149  EPI_ISL_16969355      0.00%    passed     99.92%
 150  EPI_ISL_16956445      0.10%    passed     99.88%
 151  EPI_ISL_16904553      0.00%    passed    100.00%
 152  EPI_ISL_16809297      0.00%    passed     99.92%
 153  EPI_ISL_16574756      0.39%    passed     99.81%
 154  EPI_ISL_16574736      0.00%    passed     99.92%
 155  EPI_ISL_16574723      0.00%    passed     99.92%
 156  EPI_ISL_16574657      0.29%    passed    100.00%
 157  EPI_ISL_16574612      0.00%    passed     99.97%
 158  EPI_ISL_16574599      0.00%    passed     99.97%
 159  EPI_ISL_16574488      0.00%    passed    100.00%
 160  EPI_ISL_16524595      0.00%    passed     99.99%
 161  EPI_ISL_16507177      0.00%    passed    100.00%
 162  EPI_ISL_16507109      0.00%    passed    100.00%
 163  EPI_ISL_16507106      0.00%    passed    100.00%
 164  EPI_ISL_16507102      0.00%    passed    100.00%
 165  EPI_ISL_16507098      0.00%    passed    100.00%
 166  EPI_ISL_16444163      0.00%    passed     99.97%
 167  EPI_ISL_16398192      0.00%    passed    100.00%
 168  EPI_ISL_16384199      0.00%    passed     99.97%
 169  EPI_ISL_16384181      0.00%    passed     99.97%
 170  EPI_ISL_16384152      0.00%    passed     99.92%
 171  EPI_ISL_16384148      0.00%    passed    100.00%
 172  EPI_ISL_16384138      0.00%    passed    100.00%
 173  EPI_ISL_16384129      0.00%    passed    100.00%
 174  EPI_ISL_15958004      0.00%    passed    100.00%
 175  EPI_ISL_15957830      0.00%    passed    100.00%
 176  EPI_ISL_15957824      0.39%    passed     99.98%
 177  EPI_ISL_15957722      0.00%    passed    100.00%
 178  EPI_ISL_15957654      0.00%    passed    100.00%
 179  EPI_ISL_15957648      0.00%    passed    100.00%
 180  EPI_ISL_15942297      0.00%    passed    100.00%
 181  EPI_ISL_15586136      0.10%    passed     99.92%
 182  EPI_ISL_15586135      0.00%    passed    100.00%
 183  EPI_ISL_15586134      0.00%    passed    100.00%
 184  EPI_ISL_15586124      0.00%    passed    100.00%
 185  EPI_ISL_15586122      0.00%    passed     99.95%
 186  EPI_ISL_15586116      0.00%    passed     99.92%
 187  EPI_ISL_15586109      0.00%    passed    100.00%
 188  EPI_ISL_15586107      0.00%    passed     99.92%
 189  EPI_ISL_15585910      0.00%    passed     99.92%
 190  EPI_ISL_15585909      0.00%    passed    100.00%
 191  EPI_ISL_15585906      0.00%    passed     99.95%
 192  EPI_ISL_15585891      0.00%    passed    100.00%
 193  EPI_ISL_15585886      0.00%    passed    100.00%
 194  EPI_ISL_15585884      0.00%    passed    100.00%
 195  EPI_ISL_15585880      0.00%    passed    100.00%
 196  EPI_ISL_15585856      0.00%    passed    100.00%
 197  EPI_ISL_15585844      0.00%    passed    100.00%
 198  EPI_ISL_15585842      0.00%    passed    100.00%
 199  EPI_ISL_15585840      0.00%    passed    100.00%
 200  EPI_ISL_15585755      0.00%    passed    100.00%
 201  EPI_ISL_15585749      0.00%    passed     99.95%
 202  EPI_ISL_14864640      0.00%    passed    100.00%
 203  EPI_ISL_14864638      0.00%    passed    100.00%
 204  EPI_ISL_14393671      0.00%    passed    100.00%
 205  EPI_ISL_14393465      0.00%    passed    100.00%
 206  EPI_ISL_14390100      0.00%    passed    100.00%
 207  EPI_ISL_13658359      0.00%    passed    100.00%
 208  EPI_ISL_13609610      0.00%    passed    100.00%
 209  EPI_ISL_13486890      0.00%    passed    100.00%
 210  EPI_ISL_13486869      0.00%    passed    100.00%
 211  EPI_ISL_13486857      0.00%    passed    100.00%
 212  EPI_ISL_13486844      0.00%    passed    100.00%
 213  EPI_ISL_13486831      0.00%    passed    100.00%
 214  EPI_ISL_13453568      0.00%    passed     99.96%
 215  EPI_ISL_13453567      0.00%    passed     99.96%
 216  EPI_ISL_13370923      0.00%    passed    100.00%
 217  EPI_ISL_13370921      0.00%    passed    100.00%
 218  EPI_ISL_13370919      0.00%    passed    100.00%
 219  EPI_ISL_13370918      0.00%    passed    100.00%
 220  EPI_ISL_13370910      0.00%    passed    100.00%
 221  EPI_ISL_13370909      0.00%    passed    100.00%
 222  EPI_ISL_13370709      0.00%    passed    100.00%
 223  EPI_ISL_13370705      0.00%    passed    100.00%
 224  EPI_ISL_13370704      0.00%    passed    100.00%
 225  EPI_ISL_13370694      0.00%    passed    100.00%
 226  EPI_ISL_13370505      0.00%    passed    100.00%
 227  EPI_ISL_13369783      0.00%    passed    100.00%
 228  EPI_ISL_13068727      0.00%    passed    100.00%
 229  EPI_ISL_5463802       0.00%    passed    100.00%
 230  EPI_ISL_5463801       0.00%    passed    100.00%
 231  EPI_ISL_18063923      0.29%    passed     99.93%
 232  EPI_ISL_16811201      0.10%    passed     99.91%
 233  EPI_ISL_16809999      0.39%    passed     99.94%
 234  EPI_ISL_16676489      0.10%    passed     99.82%
 235  EPI_ISL_16676474      0.39%    passed     99.94%
 236  EPI_ISL_16574476      0.68%    passed     99.98%
 237  EPI_ISL_16384178      0.58%    passed     99.79%
 238  EPI_ISL_15586128      0.10%    passed     99.97%
 239  EPI_ISL_15586115      0.49%    passed     99.99%
 240  EPI_ISL_17716082      0.10%    passed    100.00%
 241  EPI_ISL_17716080      0.10%    passed    100.00%
 242  EPI_ISL_17716062      0.10%    passed    100.00%
 243  EPI_ISL_17716061      0.10%    passed    100.00%
 244  EPI_ISL_17716059      0.10%    passed    100.00%
 245  EPI_ISL_17514174      0.10%    passed    100.00%
 246  EPI_ISL_17514172      0.10%    passed    100.00%
 247  EPI_ISL_17514171      0.10%    passed    100.00%
 248  EPI_ISL_17072114      0.49%    passed     99.85%
 249  EPI_ISL_18824087      0.00%    passed     99.85%
 250  EPI_ISL_18815361      0.00%    passed     99.96%
 251  EPI_ISL_18668524      0.00%    passed     99.85%
 252  EPI_ISL_18668523      0.00%    passed     99.85%
 253  EPI_ISL_18668521      0.00%    passed     99.85%
 254  EPI_ISL_18668518      0.00%    passed     99.85%
 255  EPI_ISL_18660932      0.00%    passed     99.96%
 256  EPI_ISL_18652555      0.00%    passed     99.96%
 257  EPI_ISL_18643050      1.36%    passed     99.23%
 258  EPI_ISL_18514134      0.00%    passed     99.85%
 259  EPI_ISL_18514132      0.00%    passed     99.87%
 260  EPI_ISL_18347728      1.27%    passed     98.93%
 261  EPI_ISL_18345498      1.36%    passed     99.23%
 262  EPI_ISL_18345257      1.17%    passed     99.02%
 263  EPI_ISL_18258052      0.00%    passed     99.85%
 264  EPI_ISL_17774061      0.00%    passed     99.98%
 265  EPI_ISL_17710051      0.00%    passed     99.96%
 266  EPI_ISL_17514168      0.00%    passed     99.99%
 267  EPI_ISL_17514167      0.00%    passed     99.99%
 268  EPI_ISL_17514139      0.00%    passed     99.99%
 269  EPI_ISL_17072341      0.00%    passed     99.96%
 270  EPI_ISL_16969359      0.00%    passed     99.99%
 271  EPI_ISL_16956376      0.00%    passed     99.99%
 272  EPI_ISL_16896604      0.00%    passed     99.99%
 273  EPI_ISL_16896603      0.00%    passed     99.99%
 274  EPI_ISL_16896468      0.00%    passed     99.99%
 275  EPI_ISL_16630765      0.00%    passed     99.99%
 276  EPI_ISL_16630763      0.00%    passed     99.99%
 277  EPI_ISL_16574697      0.00%    passed     99.85%
 278  EPI_ISL_16524594      0.00%    passed     99.96%
 279  EPI_ISL_16524593      0.00%    passed     99.96%
 280  EPI_ISL_16524591      0.00%    passed     99.96%
 281  EPI_ISL_16384179      0.00%    passed     99.98%
 282  EPI_ISL_16384163      0.00%    passed     99.98%
 283  EPI_ISL_16384158      0.00%    passed     99.96%
 284  EPI_ISL_16384137      0.00%    passed     99.96%
 285  EPI_ISL_16350802      0.00%    passed     99.98%
 286  EPI_ISL_15957925      0.00%    passed     99.98%
 287  EPI_ISL_15957857      0.00%    passed     99.96%
 288  EPI_ISL_15957798      0.00%    passed     99.96%
 289  EPI_ISL_15957730      0.00%    passed     99.96%
 290  EPI_ISL_15957728      0.00%    passed     99.96%
 291  EPI_ISL_15957629      0.00%    passed     99.96%
 292  EPI_ISL_15802970      0.00%    passed     99.98%
 293  EPI_ISL_15586133      0.00%    passed     99.97%
 294  EPI_ISL_15586125      0.00%    passed     99.96%
 295  EPI_ISL_15586110      0.00%    passed     99.99%
 296  EPI_ISL_15586108      0.00%    passed     99.98%
 297  EPI_ISL_15585920      0.00%    passed     99.99%
 298  EPI_ISL_15585908      0.00%    passed     99.96%
 299  EPI_ISL_15585905      0.00%    passed     99.98%
 300  EPI_ISL_15585904      0.00%    passed     99.96%
 301  EPI_ISL_15585899      0.00%    passed     99.98%
 302  EPI_ISL_15585893      0.00%    passed     99.98%
 303  EPI_ISL_15585892      0.00%    passed     99.99%
 304  EPI_ISL_15585881      0.00%    passed     99.98%
 305  EPI_ISL_15585865      0.00%    passed     99.98%
 306  EPI_ISL_15585864      0.00%    passed     99.98%
 307  EPI_ISL_15585861      0.00%    passed     99.98%
 308  EPI_ISL_15585839      0.00%    passed     99.97%
 309  EPI_ISL_15585765      0.00%    passed     99.96%
 310  EPI_ISL_15585764      0.00%    passed     99.98%
 311  EPI_ISL_15585763      0.00%    passed     99.98%
 312  EPI_ISL_15585761      0.00%    passed     99.98%
 313  EPI_ISL_15585757      0.68%    passed     99.81%
 314  EPI_ISL_15038822      0.00%    passed     99.97%
 315  EPI_ISL_15038819      0.00%    passed     99.98%
 316  EPI_ISL_14987487      0.00%    passed     99.96%
 317  EPI_ISL_14986843      0.00%    passed     99.96%
 318  EPI_ISL_14986757      0.00%    passed     99.96%
 319  EPI_ISL_14810880      0.00%    passed     99.96%
 320  EPI_ISL_13477015      0.00%    passed     99.99%
 321  EPI_ISL_13465456      0.00%    passed     99.98%
 322  EPI_ISL_13370913      0.00%    passed     99.96%
 323  EPI_ISL_13370893      0.00%    passed     99.96%
 324  EPI_ISL_13370708      0.00%    passed     99.98%
 325  EPI_ISL_13370628      0.00%    passed     99.98%
 326  EPI_ISL_13370609      0.00%    passed     99.98%
 327  EPI_ISL_13370604      0.00%    passed     99.98%
 328  EPI_ISL_13370524      0.00%    passed     99.98%
 329  EPI_ISL_13370520      0.00%    passed     99.98%
 330  EPI_ISL_13370518      0.00%    passed     99.98%
 331  EPI_ISL_13370514      0.00%    passed     99.98%
 332  EPI_ISL_13370508      0.00%    passed     99.98%
 333  EPI_ISL_13370507      0.00%    passed     99.98%
 334  EPI_ISL_13370419      0.00%    passed     99.98%
 335  EPI_ISL_13369784      0.00%    passed     99.98%
 336  EPI_ISL_13369782      0.00%    passed     99.98%
 337  EPI_ISL_13369781      0.00%    passed     99.98%
 338  EPI_ISL_13369777      0.00%    passed     99.96%
 339  EPI_ISL_13369772      0.00%    passed     99.98%
 340  EPI_ISL_13369771      0.00%    passed     99.98%
 341  EPI_ISL_13369768      0.00%    passed     99.98%
 342  EPI_ISL_13369755      0.00%    passed     99.98%
 343  EPI_ISL_13369748      0.00%    passed     99.98%
 344  EPI_ISL_13369746      0.00%    passed     99.98%
 345  EPI_ISL_13369401      0.00%    passed     99.98%
 346  EPI_ISL_13338024      0.00%    passed     99.96%
 347  EPI_ISL_13338018      0.00%    passed     99.96%
 348  EPI_ISL_12210335      0.00%    passed     99.99%
 349  EPI_ISL_10940622      0.00%    passed     99.98%
 350  EPI_ISL_10880515      0.00%    passed     99.98%
 351  EPI_ISL_9650269       0.00%    passed     99.98%
 352  EPI_ISL_9648464       0.00%    passed     99.98%
 353  EPI_ISL_9641226       0.00%    passed     99.98%
 354  EPI_ISL_7054770       0.00%    passed     99.98%
 355  EPI_ISL_7053817       0.00%    passed     99.98%
 356  EPI_ISL_16984869      0.29%    passed     99.98%
 357  EPI_ISL_16384184      0.19%    passed     99.95%
 358  EPI_ISL_16384146      0.10%    passed     99.99%
 359  EPI_ISL_16384142      0.49%    passed     99.93%
 360  EPI_ISL_15586126      0.10%    passed     99.81%
 361  EPI_ISL_15585896      1.46%    passed     99.42%
 362  EPI_ISL_15585882      1.36%    passed     98.90%
 363  EPI_ISL_13969429      1.56%    passed     99.59%
 364  EPI_ISL_13969421      1.36%    passed     99.29%
 365  EPI_ISL_17716086      0.10%    passed     99.96%
 366  EPI_ISL_17514178      0.10%    passed     99.96%
 367  EPI_ISL_17514175      0.10%    passed     99.95%
 368  EPI_ISL_17514173      0.10%    passed     99.96%
 369  EPI_ISL_16549245      0.49%    passed     99.69%
 370  EPI_ISL_19128592      0.00%    passed     99.90%
 371  EPI_ISL_19128031      0.00%    passed     99.90%
 372  EPI_ISL_19001972      0.00%    passed     99.87%
 373  EPI_ISL_19000790      0.00%    passed     99.97%
 374  EPI_ISL_18911091      0.00%    passed     99.97%
 375  EPI_ISL_18866891      0.00%    passed     99.87%
 376  EPI_ISL_18866888      0.00%    passed     99.87%
 377  EPI_ISL_18866887      0.00%    passed     99.80%
 378  EPI_ISL_18866883      0.00%    passed     99.90%
 379  EPI_ISL_18787984      0.00%    passed     99.97%
 380  EPI_ISL_18652553      0.00%    passed     99.78%
 381  EPI_ISL_18439514      1.36%    passed     99.37%
 382  EPI_ISL_18345675      1.17%    passed     98.52%
 383  EPI_ISL_18345401      1.27%    passed     98.29%
 384  EPI_ISL_18343476      1.27%    passed     99.08%
 385  EPI_ISL_17774063      1.17%    passed     99.54%
 386  EPI_ISL_17684608      0.00%    passed     99.94%
 387  EPI_ISL_17606776      1.07%    passed     99.38%
 388  EPI_ISL_17514169      0.00%    passed     99.95%
 389  EPI_ISL_17514134      0.00%    passed    100.00%
 390  EPI_ISL_17514129      0.00%    passed     99.90%
 391  EPI_ISL_17514127      0.00%    passed     99.95%
 392  EPI_ISL_17511728      0.00%    passed     99.95%
 393  EPI_ISL_17246921      0.00%    passed     99.95%
 394  EPI_ISL_17245142      0.00%    passed     99.95%
 395  EPI_ISL_17180382      0.00%    passed     99.80%
 396  EPI_ISL_17179653      0.00%    passed    100.00%
 397  EPI_ISL_17072780      0.00%    passed     99.86%
 398  EPI_ISL_17072779      0.10%    passed     99.85%
 399  EPI_ISL_17072388      0.00%    passed     99.90%
 400  EPI_ISL_17072338      0.00%    passed     99.86%
 401  EPI_ISL_17072336      0.00%    passed     99.86%
 402  EPI_ISL_17071430      0.00%    passed    100.00%
 403  EPI_ISL_16956028      0.00%    passed     99.95%
 404  EPI_ISL_16574682      0.00%    passed     99.86%
 405  EPI_ISL_16574500      0.39%    passed     99.96%
 406  EPI_ISL_16507097      0.00%    passed     99.90%
 407  EPI_ISL_16384193      1.17%    passed     98.63%
 408  EPI_ISL_16384192      0.00%    passed     99.86%
 409  EPI_ISL_16384180      0.00%    passed     99.80%
 410  EPI_ISL_16384155      0.00%    passed     99.87%
 411  EPI_ISL_16384128      0.00%    passed     99.93%
 412  EPI_ISL_15957978      0.00%    passed     99.95%
 413  EPI_ISL_15957953      0.00%    passed     99.92%
 414  EPI_ISL_15957940      0.00%    passed     99.86%
 415  EPI_ISL_15957933      0.00%    passed     99.93%
 416  EPI_ISL_15957885      0.00%    passed     99.97%
 417  EPI_ISL_15957878      0.00%    passed     99.92%
 418  EPI_ISL_15957865      0.00%    passed     99.96%
 419  EPI_ISL_15957850      0.00%    passed     99.92%
 420  EPI_ISL_15957810      0.00%    passed     99.86%
 421  EPI_ISL_15957774      0.00%    passed     99.96%
 422  EPI_ISL_15957766      0.00%    passed     99.86%
 423  EPI_ISL_15957690      0.00%    passed     99.92%
 424  EPI_ISL_15957684      0.00%    passed     99.86%
 425  EPI_ISL_15957641      0.00%    passed     99.96%
 426  EPI_ISL_15798083      0.00%    passed     99.80%
 427  EPI_ISL_15699929      0.00%    passed     99.95%
 428  EPI_ISL_15586132      0.00%    passed     99.95%
 429  EPI_ISL_15586111      0.00%    passed     99.98%
 430  EPI_ISL_15585895      0.00%    passed     99.97%
 431  EPI_ISL_15585862      0.00%    passed    100.00%
 432  EPI_ISL_15585860      0.00%    passed     99.90%
 433  EPI_ISL_15585859      0.00%    passed     99.90%
 434  EPI_ISL_15585855      0.00%    passed     99.90%
 435  EPI_ISL_15585762      2.24%    passed     97.88%
 436  EPI_ISL_15585752      0.00%    passed     99.98%
 437  EPI_ISL_15585751      0.00%    passed     99.86%
 438  EPI_ISL_15585748      0.00%    passed     99.90%
 439  EPI_ISL_15038824      0.00%    passed     99.90%
 440  EPI_ISL_15038823      0.00%    passed     99.90%
 441  EPI_ISL_15038818      0.00%    passed    100.00%
 442  EPI_ISL_14987682      0.00%    passed     99.80%
 443  EPI_ISL_14985602      0.00%    passed     99.80%
 444  EPI_ISL_14985523      0.00%    passed     99.80%
 445  EPI_ISL_14864652      0.00%    passed     99.87%
 446  EPI_ISL_14864651      0.00%    passed     99.90%
 447  EPI_ISL_14864650      0.00%    passed     99.90%
 448  EPI_ISL_14864649      0.00%    passed     99.90%
 449  EPI_ISL_14811930      0.00%    passed     99.80%
 450  EPI_ISL_14811829      0.00%    passed     99.80%
 451  EPI_ISL_14811828      0.00%    passed     99.80%
 452  EPI_ISL_14811827      0.00%    passed     99.80%
 453  EPI_ISL_14811826      0.00%    passed     99.80%
 454  EPI_ISL_14811825      0.00%    passed     99.80%
 455  EPI_ISL_14811043      0.00%    passed     99.80%
 456  EPI_ISL_14810959      0.00%    passed     99.80%
 457  EPI_ISL_14497885      0.00%    passed     99.90%
 458  EPI_ISL_14497870      0.00%    passed     99.90%
 459  EPI_ISL_14497855      0.00%    passed     99.90%
 460  EPI_ISL_14497836      0.00%    passed     99.90%
 461  EPI_ISL_14493899      0.00%    passed     99.92%
 462  EPI_ISL_14392127      0.00%    passed     99.87%
 463  EPI_ISL_14389524      0.00%    passed     99.93%
 464  EPI_ISL_14389148      0.00%    passed     99.93%
 465  EPI_ISL_13782460      0.00%    passed     99.90%
 466  EPI_ISL_13782459      0.00%    passed     99.90%
 467  EPI_ISL_13370914      0.00%    passed     99.95%
 468  EPI_ISL_13370912      0.00%    passed     99.95%
 469  EPI_ISL_13370911      0.00%    passed     99.95%
 470  EPI_ISL_13370908      0.00%    passed     99.95%
 471  EPI_ISL_13370907      0.00%    passed     99.95%
 472  EPI_ISL_13370710      0.00%    passed     99.95%
 473  EPI_ISL_13370703      0.00%    passed     99.86%
 474  EPI_ISL_13370679      0.00%    passed     99.93%
 475  EPI_ISL_13370634      0.00%    passed     99.93%
 476  EPI_ISL_13370633      0.00%    passed     99.93%
 477  EPI_ISL_13370632      0.00%    passed     99.93%
 478  EPI_ISL_13370631      0.00%    passed     99.93%
 479  EPI_ISL_13370626      0.00%    passed     99.93%
 480  EPI_ISL_13370625      0.00%    passed     99.93%
 481  EPI_ISL_13370621      0.00%    passed     99.93%
 482  EPI_ISL_13370613      0.00%    passed     99.93%
 483  EPI_ISL_13370612      0.00%    passed     99.93%
 484  EPI_ISL_13370610      0.00%    passed     99.93%
 485  EPI_ISL_13370608      0.00%    passed     99.93%
 486  EPI_ISL_13370603      0.00%    passed     99.93%
 487  EPI_ISL_13370573      0.00%    passed     99.93%
 488  EPI_ISL_13370570      0.00%    passed     99.93%
 489  EPI_ISL_13370569      0.00%    passed     99.93%
 490  EPI_ISL_13370558      0.00%    passed     99.93%
 491  EPI_ISL_13370523      0.00%    passed     99.93%
 492  EPI_ISL_13370515      0.00%    passed     99.97%
 493  EPI_ISL_13370420      0.00%    passed     99.86%
 494  EPI_ISL_13369769      0.00%    passed     99.97%
 495  EPI_ISL_13369766      0.00%    passed     99.97%
 496  EPI_ISL_13369764      0.00%    passed     99.86%
 497  EPI_ISL_13369762      0.00%    passed     99.93%
 498  EPI_ISL_13369754      0.00%    passed    100.00%
 499  EPI_ISL_13369747      0.00%    passed     99.93%
 500  EPI_ISL_13369745      0.00%    passed     99.96%
 501  EPI_ISL_13369400      0.00%    passed     99.97%
 502  EPI_ISL_11922822      0.00%    passed     99.94%
 503  EPI_ISL_10576444      0.39%    passed     99.81%
 504  EPI_ISL_9012700       0.00%    passed     99.93%
 505  EPI_ISL_9012696       0.00%    passed     99.93%
 506  EPI_ISL_9012694       0.00%    passed     99.93%
 507  EPI_ISL_7880696       0.00%    passed     99.97%
 508  EPI_ISL_7880689       0.00%    passed     99.97%
 509  EPI_ISL_5524384       0.00%    passed     99.94%
 510  EPI_ISL_5463803       0.00%    passed     99.95%
 511  EPI_ISL_5463800       0.00%    passed     99.95%
 512  EPI_ISL_5463799       0.00%    passed     99.95%
 513  EPI_ISL_5463798       0.00%    passed     99.95%
 514  EPI_ISL_5463797       0.00%    passed     99.95%
 515  EPI_ISL_17785730      0.19%    passed     99.93%
 516  EPI_ISL_17268132      0.68%    passed     99.74%
 517  EPI_ISL_17214732      0.68%    passed     99.23%
 518  EPI_ISL_16811195      0.10%    passed     99.85%
 519  EPI_ISL_16574556      0.10%    passed     99.85%
 520  EPI_ISL_16443924      0.68%    passed     99.74%
 521  EPI_ISL_16384198      0.68%    passed     99.74%
 522  EPI_ISL_16384144      0.10%    passed     99.94%
 523  EPI_ISL_15697406      0.49%    passed     99.99%
 524  EPI_ISL_14497841      0.10%    passed     99.93%
 525  EPI_ISL_11880371      0.39%    passed     99.94%
 526  EPI_ISL_17791550      0.78%    passed     99.56%
 527  EPI_ISL_17736969      0.10%    passed     99.91%
 528  EPI_ISL_17181724      0.10%    passed     99.99%
 529  EPI_ISL_17072173      0.49%    passed     99.51%
 530  EPI_ISL_16384125      0.68%    passed     99.87%
 531  EPI_ISL_15585885      0.10%    passed     99.77%
 532  EPI_ISL_18788325      2.43%    passed     99.88%
 533  EPI_ISL_18788061      0.00%    passed     99.95%
****  TOTAL                 0.27%  0 sequences failed composition chi2 test (p-value<5%; df=3)
NOTE: EPI_ISL_18660931 is identical to EPI_ISL_18789944 but kept for subsequent analysis
NOTE: EPI_ISL_19033563 is identical to EPI_ISL_18788080 but kept for subsequent analysis
NOTE: EPI_ISL_18824201 is identical to EPI_ISL_18668242 but kept for subsequent analysis
NOTE: EPI_ISL_18885855 is identical to EPI_ISL_18885854 but kept for subsequent analysis
NOTE: EPI_ISL_18815362 is identical to EPI_ISL_18815363 but kept for subsequent analysis
NOTE: EPI_ISL_18937352 is identical to EPI_ISL_18937347 but kept for subsequent analysis
NOTE: EPI_ISL_18862260 is identical to EPI_ISL_18862261 but kept for subsequent analysis
NOTE: EPI_ISL_18937339 is identical to EPI_ISL_18862259 but kept for subsequent analysis
NOTE: EPI_ISL_18937348 is identical to EPI_ISL_18937344 but kept for subsequent analysis
NOTE: EPI_ISL_18918508 is identical to EPI_ISL_18918527 but kept for subsequent analysis
NOTE: EPI_ISL_15957912 is identical to EPI_ISL_15957966 but kept for subsequent analysis
NOTE: EPI_ISL_18750725 is identical to EPI_ISL_18787920 but kept for subsequent analysis
NOTE: EPI_ISL_17716060 is identical to EPI_ISL_17716083 but kept for subsequent analysis
NOTE: EPI_ISL_18815277 is identical to EPI_ISL_18918530 but kept for subsequent analysis
NOTE: EPI_ISL_18789904 is identical to EPI_ISL_18866893 but kept for subsequent analysis
NOTE: EPI_ISL_18815224 is identical to EPI_ISL_18866886 but kept for subsequent analysis
NOTE: EPI_ISL_18847156 is identical to EPI_ISL_18847157 but kept for subsequent analysis
NOTE: EPI_ISL_18824088 is identical to EPI_ISL_18824089 but kept for subsequent analysis
NOTE: EPI_ISL_17710023 is identical to EPI_ISL_17710025 but kept for subsequent analysis
NOTE: EPI_ISL_17465833 is identical to EPI_ISL_17465834 but kept for subsequent analysis
NOTE: EPI_ISL_16384181 is identical to EPI_ISL_16574599 but kept for subsequent analysis
NOTE: EPI_ISL_15585886 is identical to EPI_ISL_16574488 but kept for subsequent analysis
NOTE: EPI_ISL_16384199 is identical to EPI_ISL_16444163 but kept for subsequent analysis
NOTE: EPI_ISL_15586116 is identical to EPI_ISL_16384152 but kept for subsequent analysis
NOTE: EPI_ISL_15942297 is identical to EPI_ISL_15958004 but kept for subsequent analysis
NOTE: EPI_ISL_15585906 is identical to EPI_ISL_15586122 but kept for subsequent analysis
NOTE: EPI_ISL_16676474 is identical to EPI_ISL_16809999 but kept for subsequent analysis
NOTE: EPI_ISL_17716080 is identical to EPI_ISL_17716082 but kept for subsequent analysis
NOTE: EPI_ISL_17716061 is identical to EPI_ISL_17716062 but kept for subsequent analysis
NOTE: EPI_ISL_18668524 is identical to EPI_ISL_18824087 but kept for subsequent analysis
NOTE: EPI_ISL_17514167 is identical to EPI_ISL_17514168 but kept for subsequent analysis
NOTE: EPI_ISL_16896604 is identical to EPI_ISL_16969359 but kept for subsequent analysis
NOTE: EPI_ISL_16524593 is identical to EPI_ISL_16524594 but kept for subsequent analysis
NOTE: EPI_ISL_15585899 is identical to EPI_ISL_16384163 but kept for subsequent analysis
NOTE: EPI_ISL_15957629 is identical to EPI_ISL_16384137 but kept for subsequent analysis
NOTE: EPI_ISL_15802970 is identical to EPI_ISL_16350802 but kept for subsequent analysis
NOTE: EPI_ISL_15585905 is identical to EPI_ISL_15957925 but kept for subsequent analysis
NOTE: EPI_ISL_15586125 is identical to EPI_ISL_15957857 but kept for subsequent analysis
NOTE: EPI_ISL_15957730 is identical to EPI_ISL_15957798 but kept for subsequent analysis
NOTE: EPI_ISL_15585892 is identical to EPI_ISL_15586110 but kept for subsequent analysis
NOTE: EPI_ISL_15038822 is identical to EPI_ISL_15585839 but kept for subsequent analysis
NOTE: EPI_ISL_13338018 is identical to EPI_ISL_14987487 but kept for subsequent analysis
NOTE: EPI_ISL_14986757 is identical to EPI_ISL_14986843 but kept for subsequent analysis
NOTE: EPI_ISL_13338024 is identical to EPI_ISL_14810880 but kept for subsequent analysis
NOTE: EPI_ISL_13369777 is identical to EPI_ISL_13370893 but kept for subsequent analysis
NOTE: EPI_ISL_13370628 is identical to EPI_ISL_13370708 but kept for subsequent analysis
NOTE: EPI_ISL_17514178 is identical to EPI_ISL_17716086 but kept for subsequent analysis
NOTE: EPI_ISL_19128031 is identical to EPI_ISL_19128592 but kept for subsequent analysis
NOTE: EPI_ISL_18866888 is identical to EPI_ISL_18866891 but kept for subsequent analysis
NOTE: EPI_ISL_11922822 is identical to EPI_ISL_17684608 but kept for subsequent analysis
NOTE: EPI_ISL_17514127 is identical to EPI_ISL_17514169 but kept for subsequent analysis
NOTE: EPI_ISL_15798083 is identical to EPI_ISL_17180382 but kept for subsequent analysis
NOTE: EPI_ISL_17072338 is identical to EPI_ISL_17072780 but kept for subsequent analysis
NOTE: EPI_ISL_16507097 is identical to EPI_ISL_17072388 but kept for subsequent analysis
NOTE: EPI_ISL_13370914 is identical to EPI_ISL_16956028 but kept for subsequent analysis
NOTE: EPI_ISL_15957940 is identical to EPI_ISL_16574682 but kept for subsequent analysis
NOTE: EPI_ISL_15957933 is identical to EPI_ISL_16384128 but kept for subsequent analysis
NOTE: EPI_ISL_15957878 is identical to EPI_ISL_15957953 but kept for subsequent analysis
NOTE: EPI_ISL_15957774 is identical to EPI_ISL_15957865 but kept for subsequent analysis
NOTE: EPI_ISL_14811930 is identical to EPI_ISL_14985523 but kept for subsequent analysis
NOTE: EPI_ISL_14497885 is identical to EPI_ISL_14864650 but kept for subsequent analysis
NOTE: EPI_ISL_14389148 is identical to EPI_ISL_14389524 but kept for subsequent analysis
NOTE: EPI_ISL_13370633 is identical to EPI_ISL_13370634 but kept for subsequent analysis
NOTE: EPI_ISL_13369747 is identical to EPI_ISL_13369762 but kept for subsequent analysis
NOTE: EPI_ISL_9012696 is identical to EPI_ISL_9012700 but kept for subsequent analysis
NOTE: EPI_ISL_7880689 is identical to EPI_ISL_7880696 but kept for subsequent analysis
NOTE: EPI_ISL_5463800 is identical to EPI_ISL_5463803 but kept for subsequent analysis
NOTE: EPI_ISL_16574556 is identical to EPI_ISL_16811195 but kept for subsequent analysis
NOTE: EPI_ISL_16384198 is identical to EPI_ISL_16443924 but kept for subsequent analysis
NOTE: 234 identical sequences (see below) will be ignored for subsequent analysis
NOTE: EPI_ISL_18866885 (identical to EPI_ISL_18668242) is ignored but added at the end
NOTE: EPI_ISL_19000792 (identical to EPI_ISL_18668242) is ignored but added at the end
NOTE: EPI_ISL_18918529 (identical to EPI_ISL_18668242) is ignored but added at the end
NOTE: EPI_ISL_18918493 (identical to EPI_ISL_18668242) is ignored but added at the end
NOTE: EPI_ISL_18918472 (identical to EPI_ISL_18668242) is ignored but added at the end
NOTE: EPI_ISL_19033339 (identical to EPI_ISL_18885854) is ignored but added at the end
NOTE: EPI_ISL_19033340 (identical to EPI_ISL_18885854) is ignored but added at the end
NOTE: EPI_ISL_19014086 (identical to EPI_ISL_18937347) is ignored but added at the end
NOTE: EPI_ISL_18862258 (identical to EPI_ISL_18862261) is ignored but added at the end
NOTE: EPI_ISL_18862257 (identical to EPI_ISL_18862261) is ignored but added at the end
NOTE: EPI_ISL_18862255 (identical to EPI_ISL_18862261) is ignored but added at the end
NOTE: EPI_ISL_18937340 (identical to EPI_ISL_18862261) is ignored but added at the end
NOTE: EPI_ISL_18937342 (identical to EPI_ISL_18862261) is ignored but added at the end
NOTE: EPI_ISL_18937337 (identical to EPI_ISL_18862261) is ignored but added at the end
NOTE: EPI_ISL_18937349 (identical to EPI_ISL_18937344) is ignored but added at the end
NOTE: EPI_ISL_15957906 (identical to EPI_ISL_15957966) is ignored but added at the end
NOTE: EPI_ISL_17791551 (identical to EPI_ISL_18787920) is ignored but added at the end
NOTE: EPI_ISL_17791549 (identical to EPI_ISL_18787920) is ignored but added at the end
NOTE: EPI_ISL_17791546 (identical to EPI_ISL_18787920) is ignored but added at the end
NOTE: EPI_ISL_17672824 (identical to EPI_ISL_18787920) is ignored but added at the end
NOTE: EPI_ISL_17257532 (identical to EPI_ISL_18787920) is ignored but added at the end
NOTE: EPI_ISL_17214731 (identical to EPI_ISL_18787920) is ignored but added at the end
NOTE: EPI_ISL_17072781 (identical to EPI_ISL_18787920) is ignored but added at the end
NOTE: EPI_ISL_17072337 (identical to EPI_ISL_18787920) is ignored but added at the end
NOTE: EPI_ISL_16904551 (identical to EPI_ISL_18787920) is ignored but added at the end
NOTE: EPI_ISL_16904550 (identical to EPI_ISL_18787920) is ignored but added at the end
NOTE: EPI_ISL_16384175 (identical to EPI_ISL_18787920) is ignored but added at the end
NOTE: EPI_ISL_16384168 (identical to EPI_ISL_18787920) is ignored but added at the end
NOTE: EPI_ISL_16384166 (identical to EPI_ISL_18787920) is ignored but added at the end
NOTE: EPI_ISL_16384147 (identical to EPI_ISL_18787920) is ignored but added at the end
NOTE: EPI_ISL_16384139 (identical to EPI_ISL_18787920) is ignored but added at the end
NOTE: EPI_ISL_15957919 (identical to EPI_ISL_18787920) is ignored but added at the end
NOTE: EPI_ISL_15957844 (identical to EPI_ISL_18787920) is ignored but added at the end
NOTE: EPI_ISL_15957837 (identical to EPI_ISL_18787920) is ignored but added at the end
NOTE: EPI_ISL_15957792 (identical to EPI_ISL_18787920) is ignored but added at the end
NOTE: EPI_ISL_15957785 (identical to EPI_ISL_18787920) is ignored but added at the end
NOTE: EPI_ISL_15957731 (identical to EPI_ISL_18787920) is ignored but added at the end
NOTE: EPI_ISL_15957708 (identical to EPI_ISL_18787920) is ignored but added at the end
NOTE: EPI_ISL_15957678 (identical to EPI_ISL_18787920) is ignored but added at the end
NOTE: EPI_ISL_15957672 (identical to EPI_ISL_18787920) is ignored but added at the end
NOTE: EPI_ISL_15957666 (identical to EPI_ISL_18787920) is ignored but added at the end
NOTE: EPI_ISL_15586117 (identical to EPI_ISL_18787920) is ignored but added at the end
NOTE: EPI_ISL_15586113 (identical to EPI_ISL_18787920) is ignored but added at the end
NOTE: EPI_ISL_15586112 (identical to EPI_ISL_18787920) is ignored but added at the end
NOTE: EPI_ISL_15585911 (identical to EPI_ISL_18787920) is ignored but added at the end
NOTE: EPI_ISL_15585841 (identical to EPI_ISL_18787920) is ignored but added at the end
NOTE: EPI_ISL_15585760 (identical to EPI_ISL_18787920) is ignored but added at the end
NOTE: EPI_ISL_15585754 (identical to EPI_ISL_18787920) is ignored but added at the end
NOTE: EPI_ISL_15585753 (identical to EPI_ISL_18787920) is ignored but added at the end
NOTE: EPI_ISL_15585750 (identical to EPI_ISL_18787920) is ignored but added at the end
NOTE: EPI_ISL_17716058 (identical to EPI_ISL_17716083) is ignored but added at the end
NOTE: EPI_ISL_17716057 (identical to EPI_ISL_17716083) is ignored but added at the end
NOTE: EPI_ISL_18788075 (identical to EPI_ISL_18918530) is ignored but added at the end
NOTE: EPI_ISL_18514137 (identical to EPI_ISL_18918530) is ignored but added at the end
NOTE: EPI_ISL_15586124 (identical to EPI_ISL_18866886) is ignored but added at the end
NOTE: EPI_ISL_18847150 (identical to EPI_ISL_18847157) is ignored but added at the end
NOTE: EPI_ISL_18847133 (identical to EPI_ISL_18847157) is ignored but added at the end
NOTE: EPI_ISL_18847129 (identical to EPI_ISL_18847157) is ignored but added at the end
NOTE: EPI_ISL_18847128 (identical to EPI_ISL_18847157) is ignored but added at the end
NOTE: EPI_ISL_18847127 (identical to EPI_ISL_18847157) is ignored but added at the end
NOTE: EPI_ISL_17529372 (identical to EPI_ISL_18847157) is ignored but added at the end
NOTE: EPI_ISL_17529371 (identical to EPI_ISL_18847157) is ignored but added at the end
NOTE: EPI_ISL_17529370 (identical to EPI_ISL_18847157) is ignored but added at the end
NOTE: EPI_ISL_17529369 (identical to EPI_ISL_18847157) is ignored but added at the end
NOTE: EPI_ISL_16904553 (identical to EPI_ISL_18847157) is ignored but added at the end
NOTE: EPI_ISL_16507177 (identical to EPI_ISL_18847157) is ignored but added at the end
NOTE: EPI_ISL_16507109 (identical to EPI_ISL_18847157) is ignored but added at the end
NOTE: EPI_ISL_16507106 (identical to EPI_ISL_18847157) is ignored but added at the end
NOTE: EPI_ISL_16507102 (identical to EPI_ISL_18847157) is ignored but added at the end
NOTE: EPI_ISL_16507098 (identical to EPI_ISL_18847157) is ignored but added at the end
NOTE: EPI_ISL_16398192 (identical to EPI_ISL_18847157) is ignored but added at the end
NOTE: EPI_ISL_16384148 (identical to EPI_ISL_18847157) is ignored but added at the end
NOTE: EPI_ISL_16384138 (identical to EPI_ISL_18847157) is ignored but added at the end
NOTE: EPI_ISL_16384129 (identical to EPI_ISL_18847157) is ignored but added at the end
NOTE: EPI_ISL_15957830 (identical to EPI_ISL_18847157) is ignored but added at the end
NOTE: EPI_ISL_15957722 (identical to EPI_ISL_18847157) is ignored but added at the end
NOTE: EPI_ISL_15957648 (identical to EPI_ISL_18847157) is ignored but added at the end
NOTE: EPI_ISL_15586135 (identical to EPI_ISL_18847157) is ignored but added at the end
NOTE: EPI_ISL_15586109 (identical to EPI_ISL_18847157) is ignored but added at the end
NOTE: EPI_ISL_15585909 (identical to EPI_ISL_18847157) is ignored but added at the end
NOTE: EPI_ISL_15585891 (identical to EPI_ISL_18847157) is ignored but added at the end
NOTE: EPI_ISL_15585884 (identical to EPI_ISL_18847157) is ignored but added at the end
NOTE: EPI_ISL_15585880 (identical to EPI_ISL_18847157) is ignored but added at the end
NOTE: EPI_ISL_15585856 (identical to EPI_ISL_18847157) is ignored but added at the end
NOTE: EPI_ISL_15585844 (identical to EPI_ISL_18847157) is ignored but added at the end
NOTE: EPI_ISL_15585842 (identical to EPI_ISL_18847157) is ignored but added at the end
NOTE: EPI_ISL_15585840 (identical to EPI_ISL_18847157) is ignored but added at the end
NOTE: EPI_ISL_15585755 (identical to EPI_ISL_18847157) is ignored but added at the end
NOTE: EPI_ISL_14864640 (identical to EPI_ISL_18847157) is ignored but added at the end
NOTE: EPI_ISL_14864638 (identical to EPI_ISL_18847157) is ignored but added at the end
NOTE: EPI_ISL_14393671 (identical to EPI_ISL_18847157) is ignored but added at the end
NOTE: EPI_ISL_14393465 (identical to EPI_ISL_18847157) is ignored but added at the end
NOTE: EPI_ISL_14390100 (identical to EPI_ISL_18847157) is ignored but added at the end
NOTE: EPI_ISL_13658359 (identical to EPI_ISL_18847157) is ignored but added at the end
NOTE: EPI_ISL_13609610 (identical to EPI_ISL_18847157) is ignored but added at the end
NOTE: EPI_ISL_13486890 (identical to EPI_ISL_18847157) is ignored but added at the end
NOTE: EPI_ISL_13486869 (identical to EPI_ISL_18847157) is ignored but added at the end
NOTE: EPI_ISL_13486857 (identical to EPI_ISL_18847157) is ignored but added at the end
NOTE: EPI_ISL_13486844 (identical to EPI_ISL_18847157) is ignored but added at the end
NOTE: EPI_ISL_13486831 (identical to EPI_ISL_18847157) is ignored but added at the end
NOTE: EPI_ISL_13370923 (identical to EPI_ISL_18847157) is ignored but added at the end
NOTE: EPI_ISL_13370921 (identical to EPI_ISL_18847157) is ignored but added at the end
NOTE: EPI_ISL_13370919 (identical to EPI_ISL_18847157) is ignored but added at the end
NOTE: EPI_ISL_13370918 (identical to EPI_ISL_18847157) is ignored but added at the end
NOTE: EPI_ISL_13370910 (identical to EPI_ISL_18847157) is ignored but added at the end
NOTE: EPI_ISL_13370909 (identical to EPI_ISL_18847157) is ignored but added at the end
NOTE: EPI_ISL_13370709 (identical to EPI_ISL_18847157) is ignored but added at the end
NOTE: EPI_ISL_13370705 (identical to EPI_ISL_18847157) is ignored but added at the end
NOTE: EPI_ISL_13370704 (identical to EPI_ISL_18847157) is ignored but added at the end
NOTE: EPI_ISL_13370694 (identical to EPI_ISL_18847157) is ignored but added at the end
NOTE: EPI_ISL_13370505 (identical to EPI_ISL_18847157) is ignored but added at the end
NOTE: EPI_ISL_13369783 (identical to EPI_ISL_18847157) is ignored but added at the end
NOTE: EPI_ISL_13068727 (identical to EPI_ISL_18847157) is ignored but added at the end
NOTE: EPI_ISL_5463802 (identical to EPI_ISL_18847157) is ignored but added at the end
NOTE: EPI_ISL_5463801 (identical to EPI_ISL_18847157) is ignored but added at the end
NOTE: EPI_ISL_18592434 (identical to EPI_ISL_18824089) is ignored but added at the end
NOTE: EPI_ISL_18592421 (identical to EPI_ISL_18824089) is ignored but added at the end
NOTE: EPI_ISL_18592420 (identical to EPI_ISL_18824089) is ignored but added at the end
NOTE: EPI_ISL_18592418 (identical to EPI_ISL_18824089) is ignored but added at the end
NOTE: EPI_ISL_18592414 (identical to EPI_ISL_18824089) is ignored but added at the end
NOTE: EPI_ISL_17514138 (identical to EPI_ISL_18824089) is ignored but added at the end
NOTE: EPI_ISL_17514137 (identical to EPI_ISL_18824089) is ignored but added at the end
NOTE: EPI_ISL_17514136 (identical to EPI_ISL_18824089) is ignored but added at the end
NOTE: EPI_ISL_17514135 (identical to EPI_ISL_18824089) is ignored but added at the end
NOTE: EPI_ISL_16809297 (identical to EPI_ISL_18824089) is ignored but added at the end
NOTE: EPI_ISL_17564760 (identical to EPI_ISL_17710025) is ignored but added at the end
NOTE: EPI_ISL_15957654 (identical to EPI_ISL_17710025) is ignored but added at the end
NOTE: EPI_ISL_15586134 (identical to EPI_ISL_17710025) is ignored but added at the end
NOTE: EPI_ISL_17465832 (identical to EPI_ISL_17465834) is ignored but added at the end
NOTE: EPI_ISL_15586107 (identical to EPI_ISL_16384152) is ignored but added at the end
NOTE: EPI_ISL_17716059 (identical to EPI_ISL_17716082) is ignored but added at the end
NOTE: EPI_ISL_17514174 (identical to EPI_ISL_17716082) is ignored but added at the end
NOTE: EPI_ISL_17514172 (identical to EPI_ISL_17716082) is ignored but added at the end
NOTE: EPI_ISL_17514171 (identical to EPI_ISL_17716082) is ignored but added at the end
NOTE: EPI_ISL_18668523 (identical to EPI_ISL_18824087) is ignored but added at the end
NOTE: EPI_ISL_18668521 (identical to EPI_ISL_18824087) is ignored but added at the end
NOTE: EPI_ISL_18668518 (identical to EPI_ISL_18824087) is ignored but added at the end
NOTE: EPI_ISL_16896603 (identical to EPI_ISL_16969359) is ignored but added at the end
NOTE: EPI_ISL_16896468 (identical to EPI_ISL_16969359) is ignored but added at the end
NOTE: EPI_ISL_16630765 (identical to EPI_ISL_16969359) is ignored but added at the end
NOTE: EPI_ISL_16630763 (identical to EPI_ISL_16969359) is ignored but added at the end
NOTE: EPI_ISL_16524591 (identical to EPI_ISL_16524594) is ignored but added at the end
NOTE: EPI_ISL_15585893 (identical to EPI_ISL_15957925) is ignored but added at the end
NOTE: EPI_ISL_15585881 (identical to EPI_ISL_15957925) is ignored but added at the end
NOTE: EPI_ISL_15585864 (identical to EPI_ISL_15957925) is ignored but added at the end
NOTE: EPI_ISL_15585861 (identical to EPI_ISL_15957925) is ignored but added at the end
NOTE: EPI_ISL_15585764 (identical to EPI_ISL_15957925) is ignored but added at the end
NOTE: EPI_ISL_15585763 (identical to EPI_ISL_15957925) is ignored but added at the end
NOTE: EPI_ISL_15585761 (identical to EPI_ISL_15957925) is ignored but added at the end
NOTE: EPI_ISL_15038819 (identical to EPI_ISL_15957925) is ignored but added at the end
NOTE: EPI_ISL_15585908 (identical to EPI_ISL_15957857) is ignored but added at the end
NOTE: EPI_ISL_15585765 (identical to EPI_ISL_15957857) is ignored but added at the end
NOTE: EPI_ISL_15957728 (identical to EPI_ISL_15957798) is ignored but added at the end
NOTE: EPI_ISL_13370609 (identical to EPI_ISL_13370708) is ignored but added at the end
NOTE: EPI_ISL_13370604 (identical to EPI_ISL_13370708) is ignored but added at the end
NOTE: EPI_ISL_13370524 (identical to EPI_ISL_13370708) is ignored but added at the end
NOTE: EPI_ISL_13370520 (identical to EPI_ISL_13370708) is ignored but added at the end
NOTE: EPI_ISL_13370518 (identical to EPI_ISL_13370708) is ignored but added at the end
NOTE: EPI_ISL_13370514 (identical to EPI_ISL_13370708) is ignored but added at the end
NOTE: EPI_ISL_13370508 (identical to EPI_ISL_13370708) is ignored but added at the end
NOTE: EPI_ISL_13370507 (identical to EPI_ISL_13370708) is ignored but added at the end
NOTE: EPI_ISL_13370419 (identical to EPI_ISL_13370708) is ignored but added at the end
NOTE: EPI_ISL_13369784 (identical to EPI_ISL_13370708) is ignored but added at the end
NOTE: EPI_ISL_13369782 (identical to EPI_ISL_13370708) is ignored but added at the end
NOTE: EPI_ISL_13369781 (identical to EPI_ISL_13370708) is ignored but added at the end
NOTE: EPI_ISL_13369772 (identical to EPI_ISL_13370708) is ignored but added at the end
NOTE: EPI_ISL_13369771 (identical to EPI_ISL_13370708) is ignored but added at the end
NOTE: EPI_ISL_13369768 (identical to EPI_ISL_13370708) is ignored but added at the end
NOTE: EPI_ISL_13369755 (identical to EPI_ISL_13370708) is ignored but added at the end
NOTE: EPI_ISL_13369748 (identical to EPI_ISL_13370708) is ignored but added at the end
NOTE: EPI_ISL_13369746 (identical to EPI_ISL_13370708) is ignored but added at the end
NOTE: EPI_ISL_13369401 (identical to EPI_ISL_13370708) is ignored but added at the end
NOTE: EPI_ISL_10940622 (identical to EPI_ISL_13370708) is ignored but added at the end
NOTE: EPI_ISL_10880515 (identical to EPI_ISL_13370708) is ignored but added at the end
NOTE: EPI_ISL_9650269 (identical to EPI_ISL_13370708) is ignored but added at the end
NOTE: EPI_ISL_9648464 (identical to EPI_ISL_13370708) is ignored but added at the end
NOTE: EPI_ISL_9641226 (identical to EPI_ISL_13370708) is ignored but added at the end
NOTE: EPI_ISL_7054770 (identical to EPI_ISL_13370708) is ignored but added at the end
NOTE: EPI_ISL_7053817 (identical to EPI_ISL_13370708) is ignored but added at the end
NOTE: EPI_ISL_17514173 (identical to EPI_ISL_17716086) is ignored but added at the end
NOTE: EPI_ISL_5524384 (identical to EPI_ISL_17684608) is ignored but added at the end
NOTE: EPI_ISL_17511728 (identical to EPI_ISL_17514169) is ignored but added at the end
NOTE: EPI_ISL_17246921 (identical to EPI_ISL_17514169) is ignored but added at the end
NOTE: EPI_ISL_17245142 (identical to EPI_ISL_17514169) is ignored but added at the end
NOTE: EPI_ISL_17072336 (identical to EPI_ISL_17072780) is ignored but added at the end
NOTE: EPI_ISL_16384192 (identical to EPI_ISL_17072780) is ignored but added at the end
NOTE: EPI_ISL_15957766 (identical to EPI_ISL_17072780) is ignored but added at the end
NOTE: EPI_ISL_15957684 (identical to EPI_ISL_17072780) is ignored but added at the end
NOTE: EPI_ISL_15585751 (identical to EPI_ISL_17072780) is ignored but added at the end
NOTE: EPI_ISL_15585860 (identical to EPI_ISL_17072388) is ignored but added at the end
NOTE: EPI_ISL_15585859 (identical to EPI_ISL_17072388) is ignored but added at the end
NOTE: EPI_ISL_15585855 (identical to EPI_ISL_17072388) is ignored but added at the end
NOTE: EPI_ISL_15585748 (identical to EPI_ISL_17072388) is ignored but added at the end
NOTE: EPI_ISL_15038824 (identical to EPI_ISL_17072388) is ignored but added at the end
NOTE: EPI_ISL_15038823 (identical to EPI_ISL_17072388) is ignored but added at the end
NOTE: EPI_ISL_14864651 (identical to EPI_ISL_17072388) is ignored but added at the end
NOTE: EPI_ISL_14864649 (identical to EPI_ISL_17072388) is ignored but added at the end
NOTE: EPI_ISL_14497836 (identical to EPI_ISL_17072388) is ignored but added at the end
NOTE: EPI_ISL_13782460 (identical to EPI_ISL_17072388) is ignored but added at the end
NOTE: EPI_ISL_13782459 (identical to EPI_ISL_17072388) is ignored but added at the end
NOTE: EPI_ISL_13370912 (identical to EPI_ISL_16956028) is ignored but added at the end
NOTE: EPI_ISL_13370911 (identical to EPI_ISL_16956028) is ignored but added at the end
NOTE: EPI_ISL_13370908 (identical to EPI_ISL_16956028) is ignored but added at the end
NOTE: EPI_ISL_13370907 (identical to EPI_ISL_16956028) is ignored but added at the end
NOTE: EPI_ISL_13370710 (identical to EPI_ISL_16956028) is ignored but added at the end
NOTE: EPI_ISL_15957810 (identical to EPI_ISL_16574682) is ignored but added at the end
NOTE: EPI_ISL_15957850 (identical to EPI_ISL_15957953) is ignored but added at the end
NOTE: EPI_ISL_15957690 (identical to EPI_ISL_15957953) is ignored but added at the end
NOTE: EPI_ISL_14811829 (identical to EPI_ISL_14985523) is ignored but added at the end
NOTE: EPI_ISL_14811828 (identical to EPI_ISL_14985523) is ignored but added at the end
NOTE: EPI_ISL_14811827 (identical to EPI_ISL_14985523) is ignored but added at the end
NOTE: EPI_ISL_14811826 (identical to EPI_ISL_14985523) is ignored but added at the end
NOTE: EPI_ISL_14811825 (identical to EPI_ISL_14985523) is ignored but added at the end
NOTE: EPI_ISL_14811043 (identical to EPI_ISL_14985523) is ignored but added at the end
NOTE: EPI_ISL_14810959 (identical to EPI_ISL_14985523) is ignored but added at the end
NOTE: EPI_ISL_14497870 (identical to EPI_ISL_14864650) is ignored but added at the end
NOTE: EPI_ISL_14497855 (identical to EPI_ISL_14864650) is ignored but added at the end
NOTE: EPI_ISL_13370632 (identical to EPI_ISL_13370634) is ignored but added at the end
NOTE: EPI_ISL_13370631 (identical to EPI_ISL_13370634) is ignored but added at the end
NOTE: EPI_ISL_13370626 (identical to EPI_ISL_13370634) is ignored but added at the end
NOTE: EPI_ISL_13370625 (identical to EPI_ISL_13370634) is ignored but added at the end
NOTE: EPI_ISL_13370621 (identical to EPI_ISL_13370634) is ignored but added at the end
NOTE: EPI_ISL_13370613 (identical to EPI_ISL_13370634) is ignored but added at the end
NOTE: EPI_ISL_13370612 (identical to EPI_ISL_13370634) is ignored but added at the end
NOTE: EPI_ISL_13370610 (identical to EPI_ISL_13370634) is ignored but added at the end
NOTE: EPI_ISL_13370608 (identical to EPI_ISL_13370634) is ignored but added at the end
NOTE: EPI_ISL_13370603 (identical to EPI_ISL_13370634) is ignored but added at the end
NOTE: EPI_ISL_13370573 (identical to EPI_ISL_13370634) is ignored but added at the end
NOTE: EPI_ISL_13370570 (identical to EPI_ISL_13370634) is ignored but added at the end
NOTE: EPI_ISL_13370569 (identical to EPI_ISL_13370634) is ignored but added at the end
NOTE: EPI_ISL_9012694 (identical to EPI_ISL_9012700) is ignored but added at the end
NOTE: EPI_ISL_5463799 (identical to EPI_ISL_5463803) is ignored but added at the end
NOTE: EPI_ISL_5463798 (identical to EPI_ISL_5463803) is ignored but added at the end
NOTE: EPI_ISL_5463797 (identical to EPI_ISL_5463803) is ignored but added at the end

For your convenience alignment with unique sequences printed to MP_030624_2.fas.uniqueseq.phy


Create initial parsimony tree by phylogenetic likelihood library (PLL)... 0.012 seconds
NOTE: ModelFinder requires 18 MB RAM!
ModelFinder will test 13 DNA models (sample size: 1027) ...
 No. Model         -LnL         df  AIC          AICc         BIC
WARNING: Number of threads seems too high for short alignments. Use -nt AUTO to determine best number of threads.
  1  GTR+F         3256.051     603 7718.103     9440.145     10693.544
WARNING: Number of threads seems too high for short alignments. Use -nt AUTO to determine best number of threads.
  2  GTR+F+I       3208.215     604 7624.431     9356.279     10604.807
WARNING: Number of threads seems too high for short alignments. Use -nt AUTO to determine best number of threads.
  3  GTR+F+G4      3206.592     604 7621.184     9353.032     10601.560
WARNING: Number of threads seems too high for short alignments. Use -nt AUTO to determine best number of threads.
  4  GTR+F+I+G4    3203.284     605 7616.568     9358.278     10601.878
WARNING: Number of threads seems too high for short alignments. Use -nt AUTO to determine best number of threads.
  5  GTR+F+R2      3198.469     605 7606.938     9348.648     10592.248
WARNING: Number of threads seems too high for short alignments. Use -nt AUTO to determine best number of threads.
  6  GTR+F+R3      3198.053     607 7610.107     9371.711     10605.286
Akaike Information Criterion:           GTR+F+R2
Corrected Akaike Information Criterion: GTR+F+R2
Bayesian Information Criterion:         GTR+F+R2
Best-fit model: GTR+F+R2 chosen according to BIC

All model information printed to MP_030624_2.fas.model.gz
CPU time for ModelFinder: 8.041 seconds (0h:0m:8s)
Wall-clock time for ModelFinder: 2.058 seconds (0h:0m:2s)

NOTE: 3 MB RAM (0 GB) is required!
WARNING: Number of threads seems too high for short alignments. Use -nt AUTO to determine best number of threads.
Estimate model parameters (epsilon = 0.100)
1. Initial log-likelihood: -3357.699
2. Current log-likelihood: -3230.269
3. Current log-likelihood: -3227.744
4. Current log-likelihood: -3225.040
5. Current log-likelihood: -3222.187
6. Current log-likelihood: -3219.238
7. Current log-likelihood: -3216.272
8. Current log-likelihood: -3213.391
9. Current log-likelihood: -3210.711
10. Current log-likelihood: -3208.338
11. Current log-likelihood: -3206.364
12. Current log-likelihood: -3204.804
13. Current log-likelihood: -3203.635
14. Current log-likelihood: -3202.776
15. Current log-likelihood: -3202.146
16. Current log-likelihood: -3201.651
17. Current log-likelihood: -3201.203
18. Current log-likelihood: -3200.776
19. Current log-likelihood: -3200.371
20. Current log-likelihood: -3199.994
21. Current log-likelihood: -3199.651
22. Current log-likelihood: -3199.346
23. Current log-likelihood: -3199.080
24. Current log-likelihood: -3198.857
25. Current log-likelihood: -3198.673
26. Current log-likelihood: -3198.525
27. Current log-likelihood: -3198.410
Optimal log-likelihood: -3198.301
Rate parameters:  A-C: 1.85949  A-G: 8.55390  A-T: 0.26499  C-G: 0.22782  C-T: 6.52657  G-T: 1.00000
Base frequencies:  A: 0.279  C: 0.219  G: 0.270  T: 0.231
Site proportion and rates:  (0.927,0.480) (0.073,7.649)
Parameters optimization took 27 rounds (0.889 sec)
Computing ML distances based on estimated model parameters... 0.272 sec
Computing BIONJ tree...
0.035 seconds
Log-likelihood of BIONJ tree: -3184.813
--------------------------------------------------------------------
|             INITIALIZING CANDIDATE TREE SET                      |
--------------------------------------------------------------------
Generating 98 parsimony trees... 1.279 second
Computing log-likelihood of 98 initial trees ... 2.079 seconds
Current best score: -3184.813

Do NNI search on 20 best initial trees
Estimate model parameters (epsilon = 0.100)
BETTER TREE FOUND at iteration 1: -3175.326
Iteration 10 / LogL: -3215.419 / Time: 0h:0m:6s
Iteration 20 / LogL: -3224.298 / Time: 0h:0m:7s
Finish initializing candidate tree set (20)
Current best tree score: -3175.326 / CPU time: 6.832
Number of iterations: 20
--------------------------------------------------------------------
|               OPTIMIZING CANDIDATE TREE SET                      |
--------------------------------------------------------------------
Iteration 30 / LogL: -3227.921 / Time: 0h:0m:9s (0h:0m:23s left)
Estimate model parameters (epsilon = 0.100)
BETTER TREE FOUND at iteration 36: -3175.223
Iteration 40 / LogL: -3179.938 / Time: 0h:0m:11s (0h:0m:27s left)
Iteration 50 / LogL: -3195.913 / Time: 0h:0m:12s (0h:0m:21s left)
Iteration 60 / LogL: -3189.373 / Time: 0h:0m:13s (0h:0m:18s left)
Estimate model parameters (epsilon = 0.100)
BETTER TREE FOUND at iteration 70: -3173.228
Iteration 70 / LogL: -3173.228 / Time: 0h:0m:15s (0h:0m:22s left)
Iteration 80 / LogL: -3194.881 / Time: 0h:0m:16s (0h:0m:19s left)
Iteration 90 / LogL: -3194.783 / Time: 0h:0m:18s (0h:0m:16s left)
Iteration 100 / LogL: -3186.158 / Time: 0h:0m:19s (0h:0m:14s left)
Iteration 110 / LogL: -3180.005 / Time: 0h:0m:21s (0h:0m:11s left)
Iteration 120 / LogL: -3180.265 / Time: 0h:0m:22s (0h:0m:9s left)
Iteration 130 / LogL: -3190.346 / Time: 0h:0m:24s (0h:0m:7s left)
Iteration 140 / LogL: -3184.964 / Time: 0h:0m:25s (0h:0m:5s left)
Iteration 150 / LogL: -3173.280 / Time: 0h:0m:27s (0h:0m:3s left)
Iteration 160 / LogL: -3180.256 / Time: 0h:0m:28s (0h:0m:1s left)
Iteration 170 / LogL: -3173.273 / Time: 0h:0m:30s (0h:0m:0s left)
TREE SEARCH COMPLETED AFTER 171 ITERATIONS / Time: 0h:0m:30s

--------------------------------------------------------------------
|                    FINALIZING TREE SEARCH                        |
--------------------------------------------------------------------
Performs final model parameters optimization
Estimate model parameters (epsilon = 0.010)
1. Initial log-likelihood: -3173.228
Optimal log-likelihood: -3173.227
Rate parameters:  A-C: 1.70128  A-G: 7.61608  A-T: 0.23018  C-G: 0.17686  C-T: 7.00700  G-T: 1.00000
Base frequencies:  A: 0.279  C: 0.219  G: 0.270  T: 0.231
Site proportion and rates:  (0.998,0.879) (0.002,60.995)
Parameters optimization took 1 rounds (0.029 sec)
BEST SCORE FOUND : -3173.227
Total tree length: 0.219

Total number of iterations: 171
CPU time used for tree search: 112.455 sec (0h:1m:52s)
Wall-clock time used for tree search: 29.293 sec (0h:0m:29s)
Total CPU time used: 116.618 sec (0h:1m:56s)
Total wall-clock time used: 30.360 sec (0h:0m:30s)

Analysis results written to: 
  IQ-TREE report:                MP_030624_2.fas.iqtree
  Maximum-likelihood tree:       MP_030624_2.fas.treefile
  Likelihood distances:          MP_030624_2.fas.mldist
  Screen log file:               MP_030624_2.fas.log

Date and Time: Mon Jun 24 10:46:51 2024
