IQ-TREE multicore version 1.6.12 for Mac OS X 64-bit built Aug 15 2019
Developed by Bui Quang Minh, Nguyen Lam Tung, Olga Chernomor,
Heiko Schmidt, Dominik Schrempf, Michael Woodhams.

Host:    Simons-MBP-5.local (SSE4.2, 128 GB RAM)
Command: IQTREE_v_1_6_12/iqtree -s NS_030624_2.fas -m MFP -mem 10Go -mset GTR -nt 4
Seed:    136294 (Using SPRNG - Scalable Parallel Random Number Generator)
Time:    Mon Jun 24 10:52:32 2024
Kernel:  SSE2 - 4 threads (16 CPU cores detected)

Reading alignment file NS_030624_2.fas ... Fasta format detected
Alignment most likely contains DNA/RNA sequences
Alignment has 530 sequences with 890 columns, 248 distinct patterns
123 parsimony-informative, 99 singleton sites, 668 constant sites
WARNING: Some sequence names are changed as follows:
EPI_ISL_19090717  -> EPI_ISL_19090717__

                    Gap/Ambiguity  Composition  p-value
   1  EPI_ISL_18789944      0.00%    passed     99.87%
   2  EPI_ISL_18824085      0.00%    passed     99.89%
   3  EPI_ISL_18788080      3.26%    passed     99.86%
   4  EPI_ISL_18668242      0.00%    passed     99.93%
   5  EPI_ISL_18824201      0.00%    passed    100.00%
   6  EPI_ISL_18789928      0.00%    passed     99.87%
   7  EPI_ISL_18607170      1.35%    passed     98.86%
   8  EPI_ISL_18660931      0.00%    passed     99.87%
   9  EPI_ISL_18885828      2.81%    passed     99.73%
  10  EPI_ISL_18885854      2.81%    passed     99.73%
  11  EPI_ISL_18885855      2.81%    passed     99.77%
  12  EPI_ISL_18815363      0.00%    passed     99.93%
  13  EPI_ISL_18815362      0.00%    passed     99.93%
  14  EPI_ISL_18866885      0.00%    passed     99.89%
  15  EPI_ISL_19033339      2.81%    passed     99.73%
  16  EPI_ISL_19033563      2.92%    passed     99.80%
  17  EPI_ISL_19033337      2.81%    passed     99.66%
  18  EPI_ISL_19033340      2.81%    passed     99.32%
  19  EPI_ISL_18745084      2.81%    passed     99.77%
  20  EPI_ISL_18937346      0.00%    passed     99.93%
  21  EPI_ISL_18937347      2.81%    passed     99.77%
  22  EPI_ISL_18937350      2.81%    passed     99.86%
  23  EPI_ISL_18862265      0.00%    passed     99.64%
  24  EPI_ISL_18937352      2.81%    passed     99.73%
  25  EPI_ISL_18862261      0.00%    passed     99.87%
  26  EPI_ISL_18862260      0.00%    passed    100.00%
  27  EPI_ISL_18862259      0.00%    passed     99.93%
  28  EPI_ISL_18862258      0.00%    passed     99.55%
  29  EPI_ISL_18862257      0.00%    passed     99.64%
  30  EPI_ISL_18745073      2.81%    passed     99.77%
  31  EPI_ISL_18862255      0.00%    passed     99.93%
  32  EPI_ISL_18745071      2.81%    passed     99.41%
  33  EPI_ISL_18937339      0.00%    passed     99.93%
  34  EPI_ISL_18937340      0.00%    passed     99.87%
  35  EPI_ISL_18937342      0.00%    passed     99.93%
  36  EPI_ISL_19014081      2.81%    passed     99.86%
  37  EPI_ISL_19014086      2.81%    passed     99.77%
  38  EPI_ISL_18745078      2.81%    passed     99.77%
  39  EPI_ISL_19090717__    3.93%    passed     99.94%
  40  EPI_ISL_18937344      2.81%    passed     99.77%
  41  EPI_ISL_18937345      2.81%    passed     99.83%
  42  EPI_ISL_18937348      2.81%    passed     98.74%
  43  EPI_ISL_18937349      2.81%    passed     99.77%
  44  EPI_ISL_18937351      2.81%    passed     99.85%
  45  EPI_ISL_18862264      0.00%    passed     99.93%
  46  EPI_ISL_18862262      0.00%    passed     99.87%
  47  EPI_ISL_18862256      0.00%    passed     99.66%
  48  EPI_ISL_18745069      2.92%    passed     99.75%
  49  EPI_ISL_18937338      0.00%    passed     99.99%
  50  EPI_ISL_18937343      2.81%    passed     99.83%
  51  EPI_ISL_18745079      2.81%    passed     99.97%
  52  EPI_ISL_19030162      1.35%    passed     99.81%
  53  EPI_ISL_18937337      0.00%    passed     99.93%
  54  EPI_ISL_18918470      0.00%    passed     99.93%
  55  EPI_ISL_18788075      0.00%    passed     99.93%
  56  EPI_ISL_18514137      0.00%    passed     99.93%
  57  EPI_ISL_18514134      0.00%    passed     99.93%
  58  EPI_ISL_19000795      1.46%    passed     98.61%
  59  EPI_ISL_18815277      0.00%    passed     99.89%
  60  EPI_ISL_18668515      0.00%    passed     99.89%
  61  EPI_ISL_18824185      0.11%    passed     99.99%
  62  EPI_ISL_18011232      0.11%    passed     99.92%
  63  EPI_ISL_18918493      0.00%    passed     99.72%
  64  EPI_ISL_18824089      0.00%    passed     99.87%
  65  EPI_ISL_18788061      0.00%    passed     99.93%
  66  EPI_ISL_18787984      0.00%    passed     99.93%
  67  EPI_ISL_18750129      0.00%    passed     99.66%
  68  EPI_ISL_18592421      0.00%    passed     99.93%
  69  EPI_ISL_18592420      0.00%    passed     99.93%
  70  EPI_ISL_18514132      0.00%    passed     99.72%
  71  EPI_ISL_19000792      1.46%    passed     98.14%
  72  EPI_ISL_19000790      1.46%    passed     98.26%
  73  EPI_ISL_18750725      1.46%    passed     98.14%
  74  EPI_ISL_19001972      0.00%    passed     99.75%
  75  EPI_ISL_18918529      0.00%    passed     99.80%
  76  EPI_ISL_18918527      0.00%    passed     99.80%
  77  EPI_ISL_18918508      0.00%    passed     99.80%
  78  EPI_ISL_18918472      0.00%    passed     99.89%
  79  EPI_ISL_18824088      0.00%    passed     99.89%
  80  EPI_ISL_18824087      0.00%    passed     99.89%
  81  EPI_ISL_18815361      0.00%    passed     99.75%
  82  EPI_ISL_18787920      0.00%    passed     99.34%
  83  EPI_ISL_18668524      0.00%    passed     99.87%
  84  EPI_ISL_18668518      0.00%    passed     99.87%
  85  EPI_ISL_18592434      0.00%    passed    100.00%
  86  EPI_ISL_18592418      0.00%    passed    100.00%
  87  EPI_ISL_18592414      0.00%    passed    100.00%
  88  EPI_ISL_17072781      0.00%    passed     99.97%
  89  EPI_ISL_17072337      0.00%    passed     99.97%
  90  EPI_ISL_16384147      0.00%    passed     99.97%
  91  EPI_ISL_19053265      0.22%    passed     99.88%
  92  EPI_ISL_18927384      0.00%    passed     99.66%
  93  EPI_ISL_18918530      0.00%    passed     99.35%
  94  EPI_ISL_18911084      0.00%    passed     99.66%
  95  EPI_ISL_18866886      0.00%    passed     99.72%
  96  EPI_ISL_18815329      0.00%    passed     99.99%
  97  EPI_ISL_18815224      0.00%    passed     99.72%
  98  EPI_ISL_18750748      0.00%    passed     99.58%
  99  EPI_ISL_18668522      0.00%    passed     99.99%
 100  EPI_ISL_18668521      0.00%    passed     99.99%
 101  EPI_ISL_17710025      0.00%    passed     99.91%
 102  EPI_ISL_17710023      0.00%    passed     99.91%
 103  EPI_ISL_17564760      0.00%    passed     99.91%
 104  EPI_ISL_16956376      0.00%    passed     99.87%
 105  EPI_ISL_19033551      2.81%    passed     99.77%
 106  EPI_ISL_18885826      2.81%    passed     99.77%
 107  EPI_ISL_18885839      2.81%    passed     99.77%
 108  EPI_ISL_18885871      2.81%    passed     99.77%
 109  EPI_ISL_18885547      2.81%    passed     99.77%
 110  EPI_ISL_18911091      1.46%    passed     98.35%
 111  EPI_ISL_18788087      2.81%    passed     99.77%
 112  EPI_ISL_18787970      2.81%    passed     99.77%
 113  EPI_ISL_18787923      2.81%    passed     99.77%
 114  EPI_ISL_18787918      2.81%    passed     99.77%
 115  EPI_ISL_18745077      2.81%    passed     99.77%
 116  EPI_ISL_18866883      0.00%    passed     99.97%
 117  EPI_ISL_18824086      0.00%    passed     99.60%
 118  EPI_ISL_18789904      0.00%    passed     99.97%
 119  EPI_ISL_18787916      2.92%    passed     99.81%
 120  EPI_ISL_18668523      0.00%    passed     99.52%
 121  EPI_ISL_18668520      0.00%    passed     99.52%
 122  EPI_ISL_18660932      0.00%    passed     99.97%
 123  EPI_ISL_18345367      0.00%    passed     99.91%
 124  EPI_ISL_17072339      0.00%    passed     99.91%
 125  EPI_ISL_15957966      0.00%    passed     99.91%
 126  EPI_ISL_15957919      0.00%    passed     99.91%
 127  EPI_ISL_15957912      0.00%    passed     99.91%
 128  EPI_ISL_15957906      0.00%    passed     99.91%
 129  EPI_ISL_15957837      0.00%    passed     99.91%
 130  EPI_ISL_15957798      0.00%    passed     99.91%
 131  EPI_ISL_15957731      0.34%    passed     99.85%
 132  EPI_ISL_15957728      0.00%    passed     99.91%
 133  EPI_ISL_15957708      0.00%    passed     99.91%
 134  EPI_ISL_15957678      0.00%    passed     99.91%
 135  EPI_ISL_15586126      0.00%    passed     99.91%
 136  EPI_ISL_15586116      0.00%    passed     99.91%
 137  EPI_ISL_15586113      0.00%    passed     99.91%
 138  EPI_ISL_15586112      0.00%    passed     99.91%
 139  EPI_ISL_15586107      0.00%    passed     99.91%
 140  EPI_ISL_15585906      0.00%    passed     99.91%
 141  EPI_ISL_15585760      0.00%    passed     99.91%
 142  EPI_ISL_15585749      0.00%    passed     99.91%
 143  EPI_ISL_19033561      2.81%    passed     99.73%
 144  EPI_ISL_19033560      2.81%    passed     99.73%
 145  EPI_ISL_19033548      2.81%    passed     99.41%
 146  EPI_ISL_19033547      2.81%    passed     99.73%
 147  EPI_ISL_19033546      2.81%    passed     99.73%
 148  EPI_ISL_19033332      2.81%    passed     99.89%
 149  EPI_ISL_18885873      2.81%    passed     99.73%
 150  EPI_ISL_18885852      2.81%    passed     99.73%
 151  EPI_ISL_18788100      2.81%    passed     99.89%
 152  EPI_ISL_18787953      2.81%    passed     99.41%
 153  EPI_ISL_18787919      2.81%    passed     99.67%
 154  EPI_ISL_18745080      2.81%    passed     99.73%
 155  EPI_ISL_18536663      2.81%    passed     99.73%
 156  EPI_ISL_18530058      2.81%    passed     99.73%
 157  EPI_ISL_18506032      2.81%    passed     99.73%
 158  EPI_ISL_18506031      2.81%    passed     99.73%
 159  EPI_ISL_18506030      2.81%    passed     99.73%
 160  EPI_ISL_18506029      2.81%    passed     99.73%
 161  EPI_ISL_16574736      0.22%    passed     99.88%
 162  EPI_ISL_19033554      2.92%    passed     99.75%
 163  EPI_ISL_19033553      2.92%    passed     99.43%
 164  EPI_ISL_18866893      0.00%    passed     99.99%
 165  EPI_ISL_18866891      0.00%    passed     99.83%
 166  EPI_ISL_18866888      0.00%    passed     99.83%
 167  EPI_ISL_18787914      2.92%    passed     99.71%
 168  EPI_ISL_17791551      0.00%    passed     99.99%
 169  EPI_ISL_17774061      0.00%    passed     99.99%
 170  EPI_ISL_16969355      0.00%    passed     99.74%
 171  EPI_ISL_16904551      0.00%    passed     99.99%
 172  EPI_ISL_16904550      0.00%    passed     99.99%
 173  EPI_ISL_16676474      0.00%    passed     99.99%
 174  EPI_ISL_16574599      0.00%    passed     99.99%
 175  EPI_ISL_16524594      0.00%    passed     99.91%
 176  EPI_ISL_16524593      0.00%    passed     99.91%
 177  EPI_ISL_16384166      0.00%    passed     99.74%
 178  EPI_ISL_16384139      0.00%    passed     99.99%
 179  EPI_ISL_16384125      0.00%    passed     99.99%
 180  EPI_ISL_15957844      0.00%    passed     99.87%
 181  EPI_ISL_15957785      0.00%    passed     99.99%
 182  EPI_ISL_15957774      0.34%    passed     99.91%
 183  EPI_ISL_15957672      0.00%    passed     99.97%
 184  EPI_ISL_15586122      0.00%    passed     99.70%
 185  EPI_ISL_15586117      0.00%    passed     99.97%
 186  EPI_ISL_15586108      0.45%    passed     99.86%
 187  EPI_ISL_15585911      0.00%    passed     99.97%
 188  EPI_ISL_19033550      2.81%    passed     99.77%
 189  EPI_ISL_18745082      2.81%    passed     99.53%
 190  EPI_ISL_18526630      2.81%    passed     99.53%
 191  EPI_ISL_16574710      0.79%    passed     99.45%
 192  EPI_ISL_16384152      0.34%    passed     99.68%
 193  EPI_ISL_15957865      0.22%    passed     99.88%
 194  EPI_ISL_15957730      0.34%    passed     99.68%
 195  EPI_ISL_18866887      0.00%    passed     99.93%
 196  EPI_ISL_18729429      3.03%    passed     99.44%
 197  EPI_ISL_18729428      3.03%    passed     99.44%
 198  EPI_ISL_18729427      3.03%    passed     99.44%
 199  EPI_ISL_18729401      3.03%    passed     99.44%
 200  EPI_ISL_18729400      3.03%    passed     99.44%
 201  EPI_ISL_18729387      3.03%    passed     99.44%
 202  EPI_ISL_18729386      3.03%    passed     99.44%
 203  EPI_ISL_18729385      3.03%    passed     99.44%
 204  EPI_ISL_17791550      0.56%    passed     99.81%
 205  EPI_ISL_17672824      0.00%    passed     99.52%
 206  EPI_ISL_17214731      0.00%    passed     99.95%
 207  EPI_ISL_16956028      0.00%    passed     99.93%
 208  EPI_ISL_16574612      0.11%    passed     99.99%
 209  EPI_ISL_16524595      0.00%    passed     99.97%
 210  EPI_ISL_16524591      0.00%    passed     99.74%
 211  EPI_ISL_16384180      0.45%    passed    100.00%
 212  EPI_ISL_15958004      0.00%    passed     99.97%
 213  EPI_ISL_15957654      0.00%    passed     99.74%
 214  EPI_ISL_15942297      0.00%    passed     99.97%
 215  EPI_ISL_15586124      0.00%    passed     99.99%
 216  EPI_ISL_15585904      0.34%    passed     99.98%
 217  EPI_ISL_15585841      0.34%    passed     99.98%
 218  EPI_ISL_13370912      0.00%    passed     99.93%
 219  EPI_ISL_13370911      0.00%    passed     99.93%
 220  EPI_ISL_13370710      0.00%    passed     99.93%
 221  EPI_ISL_19033558      2.81%    passed     99.69%
 222  EPI_ISL_19033556      2.81%    passed     99.69%
 223  EPI_ISL_19033555      2.81%    passed     99.69%
 224  EPI_ISL_19033336      2.81%    passed     99.69%
 225  EPI_ISL_19033335      2.81%    passed     99.69%
 226  EPI_ISL_19033334      2.81%    passed     99.69%
 227  EPI_ISL_19033333      2.81%    passed     99.69%
 228  EPI_ISL_19033331      2.81%    passed     99.69%
 229  EPI_ISL_18593867      2.81%    passed     99.73%
 230  EPI_ISL_18536649      2.81%    passed     99.85%
 231  EPI_ISL_18536647      2.81%    passed     99.85%
 232  EPI_ISL_18530147      2.81%    passed     99.83%
 233  EPI_ISL_17791549      0.00%    passed     99.99%
 234  EPI_ISL_17072341      0.22%    passed     99.77%
 235  EPI_ISL_16574723      0.90%    passed     98.50%
 236  EPI_ISL_16444163      0.00%    passed     99.82%
 237  EPI_ISL_16384181      0.45%    passed     99.80%
 238  EPI_ISL_15957792      0.45%    passed     99.90%
 239  EPI_ISL_19090722      3.93%    passed     99.67%
 240  EPI_ISL_19044793      3.93%    passed     99.67%
 241  EPI_ISL_19044792      3.93%    passed     99.67%
 242  EPI_ISL_19044791      3.93%    passed     99.67%
 243  EPI_ISL_18946743      3.93%    passed     99.67%
 244  EPI_ISL_18946742      3.93%    passed     99.67%
 245  EPI_ISL_18946741      3.93%    passed     99.67%
 246  EPI_ISL_18946739      3.93%    passed     99.67%
 247  EPI_ISL_18946738      3.93%    passed     99.67%
 248  EPI_ISL_18946737      3.93%    passed     99.67%
 249  EPI_ISL_18946736      3.93%    passed     99.67%
 250  EPI_ISL_18946735      3.93%    passed     99.67%
 251  EPI_ISL_18946734      3.93%    passed     99.67%
 252  EPI_ISL_18946733      3.93%    passed     99.67%
 253  EPI_ISL_18928989      3.93%    passed     99.67%
 254  EPI_ISL_18928988      3.93%    passed     99.67%
 255  EPI_ISL_18928987      3.93%    passed     99.67%
 256  EPI_ISL_18928986      3.93%    passed     99.67%
 257  EPI_ISL_18928985      3.93%    passed     99.67%
 258  EPI_ISL_18928984      3.93%    passed     99.67%
 259  EPI_ISL_18928983      3.93%    passed     99.67%
 260  EPI_ISL_17716083      0.11%    passed     99.99%
 261  EPI_ISL_17716057      0.11%    passed     99.99%
 262  EPI_ISL_16384178      0.56%    passed     99.62%
 263  EPI_ISL_15957666      0.90%    passed     99.16%
 264  EPI_ISL_15586128      0.90%    passed     99.16%
 265  EPI_ISL_15585910      0.90%    passed     99.16%
 266  EPI_ISL_15585754      0.22%    passed     99.11%
 267  EPI_ISL_15585750      0.34%    passed     98.75%
 268  EPI_ISL_19033559      2.92%    passed     99.79%
 269  EPI_ISL_18787921      2.92%    passed     99.57%
 270  EPI_ISL_18746298      3.03%    passed     99.90%
 271  EPI_ISL_18729430      3.03%    passed     99.71%
 272  EPI_ISL_18673081      3.37%    passed     99.63%
 273  EPI_ISL_18660623      3.03%    passed     99.40%
 274  EPI_ISL_18345401      0.00%    passed     99.93%
 275  EPI_ISL_18343476      1.24%    passed     98.12%
 276  EPI_ISL_17791546      0.00%    passed     99.99%
 277  EPI_ISL_17514137      0.00%    passed     99.99%
 278  EPI_ISL_17514136      0.00%    passed     99.99%
 279  EPI_ISL_17465834      0.00%    passed     99.04%
 280  EPI_ISL_17465832      0.00%    passed     99.04%
 281  EPI_ISL_17072173      0.00%    passed     99.20%
 282  EPI_ISL_16984878      0.00%    passed     99.82%
 283  EPI_ISL_16809296      0.00%    passed     99.87%
 284  EPI_ISL_16574697      1.69%    passed     99.47%
 285  EPI_ISL_16384149      0.56%    passed     99.73%
 286  EPI_ISL_15586114      0.00%    passed     99.93%
 287  EPI_ISL_13370914      0.00%    passed     99.69%
 288  EPI_ISL_13370908      0.00%    passed     99.69%
 289  EPI_ISL_13370907      0.00%    passed     99.69%
 290  EPI_ISL_13370708      0.00%    passed     99.93%
 291  EPI_ISL_13370604      0.00%    passed     99.93%
 292  EPI_ISL_13370515      0.00%    passed     99.93%
 293  EPI_ISL_13370511      0.00%    passed     99.93%
 294  EPI_ISL_13370507      0.00%    passed     99.93%
 295  EPI_ISL_13370506      0.00%    passed     99.55%
 296  EPI_ISL_13370248      0.00%    passed     99.93%
 297  EPI_ISL_13369784      0.00%    passed     99.93%
 298  EPI_ISL_13369772      0.00%    passed     99.93%
 299  EPI_ISL_13369762      0.00%    passed     99.93%
 300  EPI_ISL_13369755      0.00%    passed     99.92%
 301  EPI_ISL_13369754      0.00%    passed     99.93%
 302  EPI_ISL_13369753      0.00%    passed     99.93%
 303  EPI_ISL_13369747      0.00%    passed     99.93%
 304  EPI_ISL_13369400      0.00%    passed     99.93%
 305  EPI_ISL_9651560       0.00%    passed     99.93%
 306  EPI_ISL_9650269       0.00%    passed     99.93%
 307  EPI_ISL_9648464       0.00%    passed     99.93%
 308  EPI_ISL_7053817       0.00%    passed     99.93%
 309  EPI_ISL_7049600       0.11%    passed     99.86%
 310  EPI_ISL_5463803       0.00%    passed     99.93%
 311  EPI_ISL_5463802       0.00%    passed     99.93%
 312  EPI_ISL_5463801       0.00%    passed     99.93%
 313  EPI_ISL_5463800       0.00%    passed     99.93%
 314  EPI_ISL_5463799       0.00%    passed     99.93%
 315  EPI_ISL_5463798       0.00%    passed     99.93%
 316  EPI_ISL_5463797       0.00%    passed     99.93%
 317  EPI_ISL_19033549      2.81%    passed     99.29%
 318  EPI_ISL_19014080      2.81%    passed     98.60%
 319  EPI_ISL_19014079      2.81%    passed     98.60%
 320  EPI_ISL_18788325      2.81%    passed     99.95%
 321  EPI_ISL_18593865      2.81%    passed     99.82%
 322  EPI_ISL_17465833      0.00%    passed     98.11%
 323  EPI_ISL_16574569      0.45%    passed     99.94%
 324  EPI_ISL_16384199      0.22%    passed     99.92%
 325  EPI_ISL_16384150      2.02%    passed     98.31%
 326  EPI_ISL_16384140      0.90%    passed     99.51%
 327  EPI_ISL_15699041      0.45%    passed     99.93%
 328  EPI_ISL_15697406      0.45%    passed     99.97%
 329  EPI_ISL_15585886      0.22%    passed     98.23%
 330  EPI_ISL_18946740      3.93%    passed     99.77%
 331  EPI_ISL_18530057      3.26%    passed     99.99%
 332  EPI_ISL_18271511      3.26%    passed     99.99%
 333  EPI_ISL_18271512      3.03%    passed     99.95%
 334  EPI_ISL_17785732      0.11%    passed     99.92%
 335  EPI_ISL_17716082      0.11%    passed     99.39%
 336  EPI_ISL_17716080      0.11%    passed     99.39%
 337  EPI_ISL_17716060      0.11%    passed     99.95%
 338  EPI_ISL_17716059      0.11%    passed     99.39%
 339  EPI_ISL_17514175      0.11%    passed     99.39%
 340  EPI_ISL_17514174      0.11%    passed     99.39%
 341  EPI_ISL_17514172      0.11%    passed     99.39%
 342  EPI_ISL_17514171      0.11%    passed     99.39%
 343  EPI_ISL_16809297      0.56%    passed     99.72%
 344  EPI_ISL_16676489      0.90%    passed     99.53%
 345  EPI_ISL_16384168      0.34%    passed     99.36%
 346  EPI_ISL_15586134      0.22%    passed     99.11%
 347  EPI_ISL_18847156      0.00%    passed     99.83%
 348  EPI_ISL_18660629      3.03%    passed     99.90%
 349  EPI_ISL_18660625      3.03%    passed     99.90%
 350  EPI_ISL_18258052      0.00%    passed     98.11%
 351  EPI_ISL_17774063      0.00%    passed     99.04%
 352  EPI_ISL_17514168      0.00%    passed     99.68%
 353  EPI_ISL_17514167      0.00%    passed     99.68%
 354  EPI_ISL_17514138      0.00%    passed     99.99%
 355  EPI_ISL_17514134      0.00%    passed     99.68%
 356  EPI_ISL_16985439      0.00%    passed     99.93%
 357  EPI_ISL_16811199      0.11%    passed     98.08%
 358  EPI_ISL_16810698      0.00%    passed    100.00%
 359  EPI_ISL_16384146      0.11%    passed     99.92%
 360  EPI_ISL_15698370      0.00%    passed     99.93%
 361  EPI_ISL_15585857      0.00%    passed     99.99%
 362  EPI_ISL_15038822      0.00%    passed     99.99%
 363  EPI_ISL_14987682      0.00%    passed     99.99%
 364  EPI_ISL_14985602      0.00%    passed     99.99%
 365  EPI_ISL_14985523      0.00%    passed     99.99%
 366  EPI_ISL_14864642      0.00%    passed     99.83%
 367  EPI_ISL_14864641      0.00%    passed     99.83%
 368  EPI_ISL_14811930      0.00%    passed     99.99%
 369  EPI_ISL_14811850      0.00%    passed     99.99%
 370  EPI_ISL_14811846      0.00%    passed     99.99%
 371  EPI_ISL_14811829      0.00%    passed     99.99%
 372  EPI_ISL_14811828      0.00%    passed     99.99%
 373  EPI_ISL_14811827      0.00%    passed     99.99%
 374  EPI_ISL_14811826      0.00%    passed     99.99%
 375  EPI_ISL_14811043      0.00%    passed     99.99%
 376  EPI_ISL_14810959      0.00%    passed     99.83%
 377  EPI_ISL_13486890      0.00%    passed     99.99%
 378  EPI_ISL_13486881      0.00%    passed     99.83%
 379  EPI_ISL_13486831      0.00%    passed     99.99%
 380  EPI_ISL_13486819      0.00%    passed     99.83%
 381  EPI_ISL_13486760      0.00%    passed     99.83%
 382  EPI_ISL_13486748      0.00%    passed     99.83%
 383  EPI_ISL_13486729      0.00%    passed     99.83%
 384  EPI_ISL_13453563      0.00%    passed     99.83%
 385  EPI_ISL_13453562      0.00%    passed     99.83%
 386  EPI_ISL_13370922      0.00%    passed     99.83%
 387  EPI_ISL_13370917      0.00%    passed     99.46%
 388  EPI_ISL_13370916      0.00%    passed     99.46%
 389  EPI_ISL_13370915      0.00%    passed     99.76%
 390  EPI_ISL_13370893      0.00%    passed     99.99%
 391  EPI_ISL_13370694      0.00%    passed     99.99%
 392  EPI_ISL_13370634      0.00%    passed     99.93%
 393  EPI_ISL_13370633      0.00%    passed     99.93%
 394  EPI_ISL_13370632      0.00%    passed     99.93%
 395  EPI_ISL_13370631      0.00%    passed     99.93%
 396  EPI_ISL_13370625      0.00%    passed     99.93%
 397  EPI_ISL_13370621      0.00%    passed     99.93%
 398  EPI_ISL_13370613      0.00%    passed     99.93%
 399  EPI_ISL_13370612      0.00%    passed     99.93%
 400  EPI_ISL_13370609      0.00%    passed     99.83%
 401  EPI_ISL_13370608      0.00%    passed     99.93%
 402  EPI_ISL_13370607      0.00%    passed     99.83%
 403  EPI_ISL_13370606      0.00%    passed     99.83%
 404  EPI_ISL_13370573      0.00%    passed     99.93%
 405  EPI_ISL_13370570      0.00%    passed     99.93%
 406  EPI_ISL_13370569      0.00%    passed     99.93%
 407  EPI_ISL_13370561      0.00%    passed     99.83%
 408  EPI_ISL_13370557      0.00%    passed     99.83%
 409  EPI_ISL_13370556      0.00%    passed     99.83%
 410  EPI_ISL_13370524      0.00%    passed     99.83%
 411  EPI_ISL_13370523      0.00%    passed     99.83%
 412  EPI_ISL_13370522      0.00%    passed     99.83%
 413  EPI_ISL_13370520      0.00%    passed     99.83%
 414  EPI_ISL_13370518      0.00%    passed     99.93%
 415  EPI_ISL_13370517      0.00%    passed     99.83%
 416  EPI_ISL_13370510      0.00%    passed     99.83%
 417  EPI_ISL_13370508      0.00%    passed     99.83%
 418  EPI_ISL_13370420      0.00%    passed     99.93%
 419  EPI_ISL_13370419      0.00%    passed     99.83%
 420  EPI_ISL_13370418      0.00%    passed     99.83%
 421  EPI_ISL_13370416      0.00%    passed     99.83%
 422  EPI_ISL_13369783      0.00%    passed     99.93%
 423  EPI_ISL_13369782      0.00%    passed     99.83%
 424  EPI_ISL_13369781      0.00%    passed     99.93%
 425  EPI_ISL_13369780      0.00%    passed     99.83%
 426  EPI_ISL_13369777      0.00%    passed     99.83%
 427  EPI_ISL_13369771      0.00%    passed     99.83%
 428  EPI_ISL_13369769      0.00%    passed     99.83%
 429  EPI_ISL_13369768      0.00%    passed     99.83%
 430  EPI_ISL_13369765      0.00%    passed     99.83%
 431  EPI_ISL_13369764      0.00%    passed     99.83%
 432  EPI_ISL_13369761      0.00%    passed     99.83%
 433  EPI_ISL_13369757      0.00%    passed     99.83%
 434  EPI_ISL_13369748      0.00%    passed     99.83%
 435  EPI_ISL_13369743      0.00%    passed     99.83%
 436  EPI_ISL_13338018      0.00%    passed     99.99%
 437  EPI_ISL_11922822      0.00%    passed     99.68%
 438  EPI_ISL_11580255      0.00%    passed     99.83%
 439  EPI_ISL_11561591      0.00%    passed     99.83%
 440  EPI_ISL_11561590      0.00%    passed     99.83%
 441  EPI_ISL_11406403      0.00%    passed     99.83%
 442  EPI_ISL_10910369      0.00%    passed     99.83%
 443  EPI_ISL_9029965       0.00%    passed     99.83%
 444  EPI_ISL_9029962       0.00%    passed     99.83%
 445  EPI_ISL_9012696       0.00%    passed     99.83%
 446  EPI_ISL_9012694       0.00%    passed     99.83%
 447  EPI_ISL_7054529       0.00%    passed     99.99%
 448  EPI_ISL_7050532       0.00%    passed     99.83%
 449  EPI_ISL_18536648      2.81%    passed     99.37%
 450  EPI_ISL_17072114      1.12%    passed     98.47%
 451  EPI_ISL_16811201      0.11%    passed     98.92%
 452  EPI_ISL_16574488      0.22%    passed     98.78%
 453  EPI_ISL_15812579      2.13%    passed     99.12%
 454  EPI_ISL_13370679      0.45%    passed     99.95%
 455  EPI_ISL_13369767      0.22%    passed     99.88%
 456  EPI_ISL_19090725      3.93%    passed     99.73%
 457  EPI_ISL_17716062      0.11%    passed     99.76%
 458  EPI_ISL_17716061      0.11%    passed     99.76%
 459  EPI_ISL_17716058      0.11%    passed     99.99%
 460  EPI_ISL_16384161      0.90%    passed     99.62%
 461  EPI_ISL_12174843      1.12%    passed     99.99%
 462  EPI_ISL_5524384       0.11%    passed     99.99%
 463  EPI_ISL_18847157      0.00%    passed     99.93%
 464  EPI_ISL_18847150      0.00%    passed     99.53%
 465  EPI_ISL_18847133      0.00%    passed     99.53%
 466  EPI_ISL_18847129      0.00%    passed     99.53%
 467  EPI_ISL_18847128      0.00%    passed     99.53%
 468  EPI_ISL_17774571      0.00%    passed     99.67%
 469  EPI_ISL_17529372      0.00%    passed     99.93%
 470  EPI_ISL_17529371      0.00%    passed     99.53%
 471  EPI_ISL_17529370      0.00%    passed     99.53%
 472  EPI_ISL_17529369      0.00%    passed     99.53%
 473  EPI_ISL_17514139      0.00%    passed     99.91%
 474  EPI_ISL_17514135      0.00%    passed     99.99%
 475  EPI_ISL_17465835      0.00%    passed     99.55%
 476  EPI_ISL_16904553      0.00%    passed     99.92%
 477  EPI_ISL_16748778      0.00%    passed     99.80%
 478  EPI_ISL_15957978      0.34%    passed     99.98%
 479  EPI_ISL_15699799      0.00%    passed     99.82%
 480  EPI_ISL_15697407      0.00%    passed     98.81%
 481  EPI_ISL_15585897      1.01%    passed     99.82%
 482  EPI_ISL_15585839      0.34%    passed     99.98%
 483  EPI_ISL_14987684      0.00%    passed     99.92%
 484  EPI_ISL_14987681      0.00%    passed     99.92%
 485  EPI_ISL_14987487      0.00%    passed     99.99%
 486  EPI_ISL_14986911      0.00%    passed     99.93%
 487  EPI_ISL_14966094      0.00%    passed     99.92%
 488  EPI_ISL_14864650      0.00%    passed     99.92%
 489  EPI_ISL_14864640      0.00%    passed     99.67%
 490  EPI_ISL_14864638      0.00%    passed     99.67%
 491  EPI_ISL_14812299      0.00%    passed     99.92%
 492  EPI_ISL_14811825      0.00%    passed     99.93%
 493  EPI_ISL_14497870      0.00%    passed     99.92%
 494  EPI_ISL_14392127      0.00%    passed     99.97%
 495  EPI_ISL_14391865      0.00%    passed     99.93%
 496  EPI_ISL_14390100      0.00%    passed     99.93%
 497  EPI_ISL_14389524      0.00%    passed     99.99%
 498  EPI_ISL_14389148      0.00%    passed     99.99%
 499  EPI_ISL_14388434      0.00%    passed     99.55%
 500  EPI_ISL_14064699      0.79%    passed     99.85%
 501  EPI_ISL_13969429      1.12%    passed     99.21%
 502  EPI_ISL_13782461      0.00%    passed     99.55%
 503  EPI_ISL_13486975      0.00%    passed     99.93%
 504  EPI_ISL_13486857      0.00%    passed     99.92%
 505  EPI_ISL_13486844      0.00%    passed     99.92%
 506  EPI_ISL_13486796      0.00%    passed     99.83%
 507  EPI_ISL_13486772      0.00%    passed     99.68%
 508  EPI_ISL_13486738      0.00%    passed     99.83%
 509  EPI_ISL_13486713      0.00%    passed     99.68%
 510  EPI_ISL_13486688      0.00%    passed     99.68%
 511  EPI_ISL_13370925      0.00%    passed     99.55%
 512  EPI_ISL_13370913      0.00%    passed     99.99%
 513  EPI_ISL_13370910      0.00%    passed     99.97%
 514  EPI_ISL_13370909      0.00%    passed     99.97%
 515  EPI_ISL_13370897      0.00%    passed     99.68%
 516  EPI_ISL_13370896      0.00%    passed     99.68%
 517  EPI_ISL_13370892      0.00%    passed     99.53%
 518  EPI_ISL_13370709      0.00%    passed     99.93%
 519  EPI_ISL_13370707      0.00%    passed     99.55%
 520  EPI_ISL_13370706      0.00%    passed     99.93%
 521  EPI_ISL_13370705      0.00%    passed     99.93%
 522  EPI_ISL_13370703      0.00%    passed     99.91%
 523  EPI_ISL_13370697      0.00%    passed     99.55%
 524  EPI_ISL_13370696      0.00%    passed     99.55%
 525  EPI_ISL_13370695      0.00%    passed     99.55%
 526  EPI_ISL_13370693      0.00%    passed     99.68%
 527  EPI_ISL_13370630      0.00%    passed     99.53%
 528  EPI_ISL_13370629      0.00%    passed     99.92%
 529  EPI_ISL_13370628      0.34%    passed     99.86%
 530  EPI_ISL_13370626      0.00%    passed     99.82%
****  TOTAL                 0.79%  0 sequences failed composition chi2 test (p-value<5%; df=3)
NOTE: EPI_ISL_18789928 is identical to EPI_ISL_18789944 but kept for subsequent analysis
NOTE: EPI_ISL_18862255 is identical to EPI_ISL_18668242 but kept for subsequent analysis
NOTE: EPI_ISL_18885854 is identical to EPI_ISL_18885828 but kept for subsequent analysis
NOTE: EPI_ISL_18815362 is identical to EPI_ISL_18815363 but kept for subsequent analysis
NOTE: EPI_ISL_18745073 is identical to EPI_ISL_18745084 but kept for subsequent analysis
NOTE: EPI_ISL_18937339 is identical to EPI_ISL_18937346 but kept for subsequent analysis
NOTE: EPI_ISL_19014086 is identical to EPI_ISL_18937347 but kept for subsequent analysis
NOTE: EPI_ISL_18862262 is identical to EPI_ISL_18862261 but kept for subsequent analysis
NOTE: EPI_ISL_18536649 is identical to EPI_ISL_18937351 but kept for subsequent analysis
NOTE: EPI_ISL_18787984 is identical to EPI_ISL_18788061 but kept for subsequent analysis
NOTE: EPI_ISL_18592420 is identical to EPI_ISL_18592421 but kept for subsequent analysis
NOTE: EPI_ISL_18815361 is identical to EPI_ISL_19001972 but kept for subsequent analysis
NOTE: EPI_ISL_18918527 is identical to EPI_ISL_18918529 but kept for subsequent analysis
NOTE: EPI_ISL_18668518 is identical to EPI_ISL_18668524 but kept for subsequent analysis
NOTE: EPI_ISL_18592418 is identical to EPI_ISL_18592434 but kept for subsequent analysis
NOTE: EPI_ISL_17072337 is identical to EPI_ISL_17072781 but kept for subsequent analysis
NOTE: EPI_ISL_18668521 is identical to EPI_ISL_18668522 but kept for subsequent analysis
NOTE: EPI_ISL_17710023 is identical to EPI_ISL_17710025 but kept for subsequent analysis
NOTE: EPI_ISL_18789904 is identical to EPI_ISL_18866883 but kept for subsequent analysis
NOTE: EPI_ISL_18668520 is identical to EPI_ISL_18668523 but kept for subsequent analysis
NOTE: EPI_ISL_17072339 is identical to EPI_ISL_18345367 but kept for subsequent analysis
NOTE: EPI_ISL_19033560 is identical to EPI_ISL_19033561 but kept for subsequent analysis
NOTE: EPI_ISL_18885852 is identical to EPI_ISL_19033547 but kept for subsequent analysis
NOTE: EPI_ISL_18536663 is identical to EPI_ISL_18745080 but kept for subsequent analysis
NOTE: EPI_ISL_18866888 is identical to EPI_ISL_18866891 but kept for subsequent analysis
NOTE: EPI_ISL_16384125 is identical to EPI_ISL_16904550 but kept for subsequent analysis
NOTE: EPI_ISL_16524593 is identical to EPI_ISL_16524594 but kept for subsequent analysis
NOTE: EPI_ISL_15585911 is identical to EPI_ISL_15957672 but kept for subsequent analysis
NOTE: EPI_ISL_15957730 is identical to EPI_ISL_16384152 but kept for subsequent analysis
NOTE: EPI_ISL_18729428 is identical to EPI_ISL_18729429 but kept for subsequent analysis
NOTE: EPI_ISL_13370912 is identical to EPI_ISL_16956028 but kept for subsequent analysis
NOTE: EPI_ISL_15942297 is identical to EPI_ISL_15958004 but kept for subsequent analysis
NOTE: EPI_ISL_19033556 is identical to EPI_ISL_19033558 but kept for subsequent analysis
NOTE: EPI_ISL_19044793 is identical to EPI_ISL_19090722 but kept for subsequent analysis
NOTE: EPI_ISL_17716057 is identical to EPI_ISL_17716083 but kept for subsequent analysis
NOTE: EPI_ISL_15586128 is identical to EPI_ISL_15957666 but kept for subsequent analysis
NOTE: EPI_ISL_17514136 is identical to EPI_ISL_17514137 but kept for subsequent analysis
NOTE: EPI_ISL_17465832 is identical to EPI_ISL_17465834 but kept for subsequent analysis
NOTE: EPI_ISL_13370908 is identical to EPI_ISL_13370914 but kept for subsequent analysis
NOTE: EPI_ISL_13370604 is identical to EPI_ISL_13370708 but kept for subsequent analysis
NOTE: EPI_ISL_19014079 is identical to EPI_ISL_19014080 but kept for subsequent analysis
NOTE: EPI_ISL_18271511 is identical to EPI_ISL_18530057 but kept for subsequent analysis
NOTE: EPI_ISL_17716080 is identical to EPI_ISL_17716082 but kept for subsequent analysis
NOTE: EPI_ISL_18660625 is identical to EPI_ISL_18660629 but kept for subsequent analysis
NOTE: EPI_ISL_17514167 is identical to EPI_ISL_17514168 but kept for subsequent analysis
NOTE: EPI_ISL_14985602 is identical to EPI_ISL_14987682 but kept for subsequent analysis
NOTE: EPI_ISL_14864641 is identical to EPI_ISL_14864642 but kept for subsequent analysis
NOTE: EPI_ISL_13486831 is identical to EPI_ISL_13486890 but kept for subsequent analysis
NOTE: EPI_ISL_13370916 is identical to EPI_ISL_13370917 but kept for subsequent analysis
NOTE: EPI_ISL_13370633 is identical to EPI_ISL_13370634 but kept for subsequent analysis
NOTE: EPI_ISL_13370524 is identical to EPI_ISL_13370609 but kept for subsequent analysis
NOTE: EPI_ISL_13369781 is identical to EPI_ISL_13370518 but kept for subsequent analysis
NOTE: EPI_ISL_17716061 is identical to EPI_ISL_17716062 but kept for subsequent analysis
NOTE: EPI_ISL_17529372 is identical to EPI_ISL_18847157 but kept for subsequent analysis
NOTE: EPI_ISL_18847133 is identical to EPI_ISL_18847150 but kept for subsequent analysis
NOTE: EPI_ISL_13486857 is identical to EPI_ISL_16904553 but kept for subsequent analysis
NOTE: EPI_ISL_14987681 is identical to EPI_ISL_14987684 but kept for subsequent analysis
NOTE: EPI_ISL_14812299 is identical to EPI_ISL_14966094 but kept for subsequent analysis
NOTE: EPI_ISL_14497870 is identical to EPI_ISL_14864650 but kept for subsequent analysis
NOTE: EPI_ISL_14864638 is identical to EPI_ISL_14864640 but kept for subsequent analysis
NOTE: EPI_ISL_14389148 is identical to EPI_ISL_14389524 but kept for subsequent analysis
NOTE: EPI_ISL_13486738 is identical to EPI_ISL_13486796 but kept for subsequent analysis
NOTE: EPI_ISL_13486688 is identical to EPI_ISL_13486772 but kept for subsequent analysis
NOTE: EPI_ISL_13370897 is identical to EPI_ISL_13486713 but kept for subsequent analysis
NOTE: EPI_ISL_13370695 is identical to EPI_ISL_13370925 but kept for subsequent analysis
NOTE: EPI_ISL_13370909 is identical to EPI_ISL_13370910 but kept for subsequent analysis
NOTE: EPI_ISL_13370630 is identical to EPI_ISL_13370892 but kept for subsequent analysis
NOTE: EPI_ISL_13370706 is identical to EPI_ISL_13370709 but kept for subsequent analysis
NOTE: EPI_ISL_13370697 is identical to EPI_ISL_13370707 but kept for subsequent analysis
NOTE: 183 identical sequences (see below) will be ignored for subsequent analysis
NOTE: EPI_ISL_18660931 (identical to EPI_ISL_18789944) is ignored but added at the end
NOTE: EPI_ISL_18937342 (identical to EPI_ISL_18668242) is ignored but added at the end
NOTE: EPI_ISL_18937337 (identical to EPI_ISL_18668242) is ignored but added at the end
NOTE: EPI_ISL_19033339 (identical to EPI_ISL_18885828) is ignored but added at the end
NOTE: EPI_ISL_18918470 (identical to EPI_ISL_18815363) is ignored but added at the end
NOTE: EPI_ISL_18788075 (identical to EPI_ISL_18815363) is ignored but added at the end
NOTE: EPI_ISL_18514137 (identical to EPI_ISL_18815363) is ignored but added at the end
NOTE: EPI_ISL_18514134 (identical to EPI_ISL_18815363) is ignored but added at the end
NOTE: EPI_ISL_18745078 (identical to EPI_ISL_18745084) is ignored but added at the end
NOTE: EPI_ISL_18937344 (identical to EPI_ISL_18745084) is ignored but added at the end
NOTE: EPI_ISL_18937349 (identical to EPI_ISL_18745084) is ignored but added at the end
NOTE: EPI_ISL_19033551 (identical to EPI_ISL_18745084) is ignored but added at the end
NOTE: EPI_ISL_18885826 (identical to EPI_ISL_18745084) is ignored but added at the end
NOTE: EPI_ISL_18885839 (identical to EPI_ISL_18745084) is ignored but added at the end
NOTE: EPI_ISL_18885871 (identical to EPI_ISL_18745084) is ignored but added at the end
NOTE: EPI_ISL_18885547 (identical to EPI_ISL_18745084) is ignored but added at the end
NOTE: EPI_ISL_18788087 (identical to EPI_ISL_18745084) is ignored but added at the end
NOTE: EPI_ISL_18787970 (identical to EPI_ISL_18745084) is ignored but added at the end
NOTE: EPI_ISL_18787923 (identical to EPI_ISL_18745084) is ignored but added at the end
NOTE: EPI_ISL_18787918 (identical to EPI_ISL_18745084) is ignored but added at the end
NOTE: EPI_ISL_18745077 (identical to EPI_ISL_18745084) is ignored but added at the end
NOTE: EPI_ISL_18536647 (identical to EPI_ISL_18937351) is ignored but added at the end
NOTE: EPI_ISL_18918508 (identical to EPI_ISL_18918529) is ignored but added at the end
NOTE: EPI_ISL_18592414 (identical to EPI_ISL_18592434) is ignored but added at the end
NOTE: EPI_ISL_16384147 (identical to EPI_ISL_17072781) is ignored but added at the end
NOTE: EPI_ISL_17564760 (identical to EPI_ISL_17710025) is ignored but added at the end
NOTE: EPI_ISL_18660932 (identical to EPI_ISL_18866883) is ignored but added at the end
NOTE: EPI_ISL_15957966 (identical to EPI_ISL_18345367) is ignored but added at the end
NOTE: EPI_ISL_15957919 (identical to EPI_ISL_18345367) is ignored but added at the end
NOTE: EPI_ISL_15957912 (identical to EPI_ISL_18345367) is ignored but added at the end
NOTE: EPI_ISL_15957906 (identical to EPI_ISL_18345367) is ignored but added at the end
NOTE: EPI_ISL_15957837 (identical to EPI_ISL_18345367) is ignored but added at the end
NOTE: EPI_ISL_15957798 (identical to EPI_ISL_18345367) is ignored but added at the end
NOTE: EPI_ISL_15957728 (identical to EPI_ISL_18345367) is ignored but added at the end
NOTE: EPI_ISL_15957708 (identical to EPI_ISL_18345367) is ignored but added at the end
NOTE: EPI_ISL_15957678 (identical to EPI_ISL_18345367) is ignored but added at the end
NOTE: EPI_ISL_15586126 (identical to EPI_ISL_18345367) is ignored but added at the end
NOTE: EPI_ISL_15586116 (identical to EPI_ISL_18345367) is ignored but added at the end
NOTE: EPI_ISL_15586113 (identical to EPI_ISL_18345367) is ignored but added at the end
NOTE: EPI_ISL_15586112 (identical to EPI_ISL_18345367) is ignored but added at the end
NOTE: EPI_ISL_15586107 (identical to EPI_ISL_18345367) is ignored but added at the end
NOTE: EPI_ISL_15585906 (identical to EPI_ISL_18345367) is ignored but added at the end
NOTE: EPI_ISL_15585760 (identical to EPI_ISL_18345367) is ignored but added at the end
NOTE: EPI_ISL_15585749 (identical to EPI_ISL_18345367) is ignored but added at the end
NOTE: EPI_ISL_18530058 (identical to EPI_ISL_18745080) is ignored but added at the end
NOTE: EPI_ISL_18506032 (identical to EPI_ISL_18745080) is ignored but added at the end
NOTE: EPI_ISL_18506031 (identical to EPI_ISL_18745080) is ignored but added at the end
NOTE: EPI_ISL_18506030 (identical to EPI_ISL_18745080) is ignored but added at the end
NOTE: EPI_ISL_18506029 (identical to EPI_ISL_18745080) is ignored but added at the end
NOTE: EPI_ISL_18729427 (identical to EPI_ISL_18729429) is ignored but added at the end
NOTE: EPI_ISL_18729401 (identical to EPI_ISL_18729429) is ignored but added at the end
NOTE: EPI_ISL_18729400 (identical to EPI_ISL_18729429) is ignored but added at the end
NOTE: EPI_ISL_18729387 (identical to EPI_ISL_18729429) is ignored but added at the end
NOTE: EPI_ISL_18729386 (identical to EPI_ISL_18729429) is ignored but added at the end
NOTE: EPI_ISL_18729385 (identical to EPI_ISL_18729429) is ignored but added at the end
NOTE: EPI_ISL_13370911 (identical to EPI_ISL_16956028) is ignored but added at the end
NOTE: EPI_ISL_13370710 (identical to EPI_ISL_16956028) is ignored but added at the end
NOTE: EPI_ISL_19033555 (identical to EPI_ISL_19033558) is ignored but added at the end
NOTE: EPI_ISL_19033336 (identical to EPI_ISL_19033558) is ignored but added at the end
NOTE: EPI_ISL_19033335 (identical to EPI_ISL_19033558) is ignored but added at the end
NOTE: EPI_ISL_19033334 (identical to EPI_ISL_19033558) is ignored but added at the end
NOTE: EPI_ISL_19033333 (identical to EPI_ISL_19033558) is ignored but added at the end
NOTE: EPI_ISL_19033331 (identical to EPI_ISL_19033558) is ignored but added at the end
NOTE: EPI_ISL_19044792 (identical to EPI_ISL_19090722) is ignored but added at the end
NOTE: EPI_ISL_19044791 (identical to EPI_ISL_19090722) is ignored but added at the end
NOTE: EPI_ISL_18946743 (identical to EPI_ISL_19090722) is ignored but added at the end
NOTE: EPI_ISL_18946742 (identical to EPI_ISL_19090722) is ignored but added at the end
NOTE: EPI_ISL_18946741 (identical to EPI_ISL_19090722) is ignored but added at the end
NOTE: EPI_ISL_18946739 (identical to EPI_ISL_19090722) is ignored but added at the end
NOTE: EPI_ISL_18946738 (identical to EPI_ISL_19090722) is ignored but added at the end
NOTE: EPI_ISL_18946737 (identical to EPI_ISL_19090722) is ignored but added at the end
NOTE: EPI_ISL_18946736 (identical to EPI_ISL_19090722) is ignored but added at the end
NOTE: EPI_ISL_18946735 (identical to EPI_ISL_19090722) is ignored but added at the end
NOTE: EPI_ISL_18946734 (identical to EPI_ISL_19090722) is ignored but added at the end
NOTE: EPI_ISL_18946733 (identical to EPI_ISL_19090722) is ignored but added at the end
NOTE: EPI_ISL_18928989 (identical to EPI_ISL_19090722) is ignored but added at the end
NOTE: EPI_ISL_18928988 (identical to EPI_ISL_19090722) is ignored but added at the end
NOTE: EPI_ISL_18928987 (identical to EPI_ISL_19090722) is ignored but added at the end
NOTE: EPI_ISL_18928986 (identical to EPI_ISL_19090722) is ignored but added at the end
NOTE: EPI_ISL_18928985 (identical to EPI_ISL_19090722) is ignored but added at the end
NOTE: EPI_ISL_18928984 (identical to EPI_ISL_19090722) is ignored but added at the end
NOTE: EPI_ISL_18928983 (identical to EPI_ISL_19090722) is ignored but added at the end
NOTE: EPI_ISL_15585910 (identical to EPI_ISL_15957666) is ignored but added at the end
NOTE: EPI_ISL_13370907 (identical to EPI_ISL_13370914) is ignored but added at the end
NOTE: EPI_ISL_13370515 (identical to EPI_ISL_13370708) is ignored but added at the end
NOTE: EPI_ISL_13370511 (identical to EPI_ISL_13370708) is ignored but added at the end
NOTE: EPI_ISL_13370507 (identical to EPI_ISL_13370708) is ignored but added at the end
NOTE: EPI_ISL_13370248 (identical to EPI_ISL_13370708) is ignored but added at the end
NOTE: EPI_ISL_13369784 (identical to EPI_ISL_13370708) is ignored but added at the end
NOTE: EPI_ISL_13369772 (identical to EPI_ISL_13370708) is ignored but added at the end
NOTE: EPI_ISL_13369762 (identical to EPI_ISL_13370708) is ignored but added at the end
NOTE: EPI_ISL_13369754 (identical to EPI_ISL_13370708) is ignored but added at the end
NOTE: EPI_ISL_13369753 (identical to EPI_ISL_13370708) is ignored but added at the end
NOTE: EPI_ISL_13369747 (identical to EPI_ISL_13370708) is ignored but added at the end
NOTE: EPI_ISL_13369400 (identical to EPI_ISL_13370708) is ignored but added at the end
NOTE: EPI_ISL_9651560 (identical to EPI_ISL_13370708) is ignored but added at the end
NOTE: EPI_ISL_9650269 (identical to EPI_ISL_13370708) is ignored but added at the end
NOTE: EPI_ISL_9648464 (identical to EPI_ISL_13370708) is ignored but added at the end
NOTE: EPI_ISL_7053817 (identical to EPI_ISL_13370708) is ignored but added at the end
NOTE: EPI_ISL_5463803 (identical to EPI_ISL_13370708) is ignored but added at the end
NOTE: EPI_ISL_5463802 (identical to EPI_ISL_13370708) is ignored but added at the end
NOTE: EPI_ISL_5463801 (identical to EPI_ISL_13370708) is ignored but added at the end
NOTE: EPI_ISL_5463800 (identical to EPI_ISL_13370708) is ignored but added at the end
NOTE: EPI_ISL_5463799 (identical to EPI_ISL_13370708) is ignored but added at the end
NOTE: EPI_ISL_5463798 (identical to EPI_ISL_13370708) is ignored but added at the end
NOTE: EPI_ISL_5463797 (identical to EPI_ISL_13370708) is ignored but added at the end
NOTE: EPI_ISL_17716059 (identical to EPI_ISL_17716082) is ignored but added at the end
NOTE: EPI_ISL_17514175 (identical to EPI_ISL_17716082) is ignored but added at the end
NOTE: EPI_ISL_17514174 (identical to EPI_ISL_17716082) is ignored but added at the end
NOTE: EPI_ISL_17514172 (identical to EPI_ISL_17716082) is ignored but added at the end
NOTE: EPI_ISL_17514171 (identical to EPI_ISL_17716082) is ignored but added at the end
NOTE: EPI_ISL_17514134 (identical to EPI_ISL_17514168) is ignored but added at the end
NOTE: EPI_ISL_14985523 (identical to EPI_ISL_14987682) is ignored but added at the end
NOTE: EPI_ISL_14811930 (identical to EPI_ISL_14987682) is ignored but added at the end
NOTE: EPI_ISL_14811850 (identical to EPI_ISL_14987682) is ignored but added at the end
NOTE: EPI_ISL_14811846 (identical to EPI_ISL_14987682) is ignored but added at the end
NOTE: EPI_ISL_14811829 (identical to EPI_ISL_14987682) is ignored but added at the end
NOTE: EPI_ISL_14811828 (identical to EPI_ISL_14987682) is ignored but added at the end
NOTE: EPI_ISL_14811827 (identical to EPI_ISL_14987682) is ignored but added at the end
NOTE: EPI_ISL_14811826 (identical to EPI_ISL_14987682) is ignored but added at the end
NOTE: EPI_ISL_14811043 (identical to EPI_ISL_14987682) is ignored but added at the end
NOTE: EPI_ISL_13338018 (identical to EPI_ISL_14987682) is ignored but added at the end
NOTE: EPI_ISL_13486881 (identical to EPI_ISL_14864642) is ignored but added at the end
NOTE: EPI_ISL_13486819 (identical to EPI_ISL_14864642) is ignored but added at the end
NOTE: EPI_ISL_13486760 (identical to EPI_ISL_14864642) is ignored but added at the end
NOTE: EPI_ISL_13486748 (identical to EPI_ISL_14864642) is ignored but added at the end
NOTE: EPI_ISL_13486729 (identical to EPI_ISL_14864642) is ignored but added at the end
NOTE: EPI_ISL_13453563 (identical to EPI_ISL_14864642) is ignored but added at the end
NOTE: EPI_ISL_13453562 (identical to EPI_ISL_14864642) is ignored but added at the end
NOTE: EPI_ISL_13370922 (identical to EPI_ISL_14864642) is ignored but added at the end
NOTE: EPI_ISL_13370607 (identical to EPI_ISL_14864642) is ignored but added at the end
NOTE: EPI_ISL_13370606 (identical to EPI_ISL_14864642) is ignored but added at the end
NOTE: EPI_ISL_13370561 (identical to EPI_ISL_14864642) is ignored but added at the end
NOTE: EPI_ISL_13370557 (identical to EPI_ISL_14864642) is ignored but added at the end
NOTE: EPI_ISL_13370556 (identical to EPI_ISL_14864642) is ignored but added at the end
NOTE: EPI_ISL_13370522 (identical to EPI_ISL_14864642) is ignored but added at the end
NOTE: EPI_ISL_13370517 (identical to EPI_ISL_14864642) is ignored but added at the end
NOTE: EPI_ISL_13370510 (identical to EPI_ISL_14864642) is ignored but added at the end
NOTE: EPI_ISL_13370418 (identical to EPI_ISL_14864642) is ignored but added at the end
NOTE: EPI_ISL_13370416 (identical to EPI_ISL_14864642) is ignored but added at the end
NOTE: EPI_ISL_13369780 (identical to EPI_ISL_14864642) is ignored but added at the end
NOTE: EPI_ISL_13369765 (identical to EPI_ISL_14864642) is ignored but added at the end
NOTE: EPI_ISL_13369761 (identical to EPI_ISL_14864642) is ignored but added at the end
NOTE: EPI_ISL_13369757 (identical to EPI_ISL_14864642) is ignored but added at the end
NOTE: EPI_ISL_13369743 (identical to EPI_ISL_14864642) is ignored but added at the end
NOTE: EPI_ISL_11580255 (identical to EPI_ISL_14864642) is ignored but added at the end
NOTE: EPI_ISL_11561591 (identical to EPI_ISL_14864642) is ignored but added at the end
NOTE: EPI_ISL_11561590 (identical to EPI_ISL_14864642) is ignored but added at the end
NOTE: EPI_ISL_11406403 (identical to EPI_ISL_14864642) is ignored but added at the end
NOTE: EPI_ISL_10910369 (identical to EPI_ISL_14864642) is ignored but added at the end
NOTE: EPI_ISL_9029965 (identical to EPI_ISL_14864642) is ignored but added at the end
NOTE: EPI_ISL_9029962 (identical to EPI_ISL_14864642) is ignored but added at the end
NOTE: EPI_ISL_13370632 (identical to EPI_ISL_13370634) is ignored but added at the end
NOTE: EPI_ISL_13370631 (identical to EPI_ISL_13370634) is ignored but added at the end
NOTE: EPI_ISL_13370625 (identical to EPI_ISL_13370634) is ignored but added at the end
NOTE: EPI_ISL_13370621 (identical to EPI_ISL_13370634) is ignored but added at the end
NOTE: EPI_ISL_13370613 (identical to EPI_ISL_13370634) is ignored but added at the end
NOTE: EPI_ISL_13370612 (identical to EPI_ISL_13370634) is ignored but added at the end
NOTE: EPI_ISL_13370608 (identical to EPI_ISL_13370634) is ignored but added at the end
NOTE: EPI_ISL_13370573 (identical to EPI_ISL_13370634) is ignored but added at the end
NOTE: EPI_ISL_13370570 (identical to EPI_ISL_13370634) is ignored but added at the end
NOTE: EPI_ISL_13370569 (identical to EPI_ISL_13370634) is ignored but added at the end
NOTE: EPI_ISL_13370523 (identical to EPI_ISL_13370609) is ignored but added at the end
NOTE: EPI_ISL_13370520 (identical to EPI_ISL_13370609) is ignored but added at the end
NOTE: EPI_ISL_13370508 (identical to EPI_ISL_13370609) is ignored but added at the end
NOTE: EPI_ISL_13370419 (identical to EPI_ISL_13370609) is ignored but added at the end
NOTE: EPI_ISL_13369782 (identical to EPI_ISL_13370609) is ignored but added at the end
NOTE: EPI_ISL_13369771 (identical to EPI_ISL_13370609) is ignored but added at the end
NOTE: EPI_ISL_13369769 (identical to EPI_ISL_13370609) is ignored but added at the end
NOTE: EPI_ISL_13369768 (identical to EPI_ISL_13370609) is ignored but added at the end
NOTE: EPI_ISL_13369764 (identical to EPI_ISL_13370609) is ignored but added at the end
NOTE: EPI_ISL_13369748 (identical to EPI_ISL_13370609) is ignored but added at the end
NOTE: EPI_ISL_9012696 (identical to EPI_ISL_13370609) is ignored but added at the end
NOTE: EPI_ISL_9012694 (identical to EPI_ISL_13370609) is ignored but added at the end
NOTE: EPI_ISL_18847129 (identical to EPI_ISL_18847150) is ignored but added at the end
NOTE: EPI_ISL_18847128 (identical to EPI_ISL_18847150) is ignored but added at the end
NOTE: EPI_ISL_17529371 (identical to EPI_ISL_18847150) is ignored but added at the end
NOTE: EPI_ISL_17529370 (identical to EPI_ISL_18847150) is ignored but added at the end
NOTE: EPI_ISL_17529369 (identical to EPI_ISL_18847150) is ignored but added at the end
NOTE: EPI_ISL_13486844 (identical to EPI_ISL_16904553) is ignored but added at the end
NOTE: EPI_ISL_13370896 (identical to EPI_ISL_13486713) is ignored but added at the end
NOTE: EPI_ISL_13370705 (identical to EPI_ISL_13370709) is ignored but added at the end
NOTE: EPI_ISL_13370696 (identical to EPI_ISL_13370707) is ignored but added at the end

For your convenience alignment with unique sequences printed to NS_030624_2.fas.uniqueseq.phy


Create initial parsimony tree by phylogenetic likelihood library (PLL)... 0.015 seconds
NOTE: ModelFinder requires 28 MB RAM!
ModelFinder will test 13 DNA models (sample size: 890) ...
 No. Model         -LnL         df  AIC          AICc         BIC
WARNING: Number of threads seems too high for short alignments. Use -nt AUTO to determine best number of threads.
  1  GTR+F         3881.170     699 9160.340     14310.867    12509.404
WARNING: Number of threads seems too high for short alignments. Use -nt AUTO to determine best number of threads.
  2  GTR+F+I       3838.908     700 9077.816     14270.408    12431.671
WARNING: Number of threads seems too high for short alignments. Use -nt AUTO to determine best number of threads.
  3  GTR+F+G4      3833.064     700 9066.129     14258.721    12419.984
WARNING: Number of threads seems too high for short alignments. Use -nt AUTO to determine best number of threads.
  4  GTR+F+I+G4    3831.143     701 9064.286     14299.414    12422.933
WARNING: Number of threads seems too high for short alignments. Use -nt AUTO to determine best number of threads.
  5  GTR+F+R2      3828.386     701 9058.772     14293.899    12417.418
WARNING: Number of threads seems too high for short alignments. Use -nt AUTO to determine best number of threads.
  6  GTR+F+R3      3805.125     703 9016.251     14337.885    12384.480
WARNING: Number of threads seems too high for short alignments. Use -nt AUTO to determine best number of threads.
  7  GTR+F+R4      3804.822     705 9019.644     14429.753    12397.455
Akaike Information Criterion:           GTR+F+R3
Corrected Akaike Information Criterion: GTR+F+G4
Bayesian Information Criterion:         GTR+F+R3
Best-fit model: GTR+F+R3 chosen according to BIC

All model information printed to NS_030624_2.fas.model.gz
CPU time for ModelFinder: 23.829 seconds (0h:0m:23s)
Wall-clock time for ModelFinder: 6.074 seconds (0h:0m:6s)

NOTE: 8 MB RAM (0 GB) is required!
WARNING: Number of threads seems too high for short alignments. Use -nt AUTO to determine best number of threads.
Estimate model parameters (epsilon = 0.100)
1. Initial log-likelihood: -4021.599
2. Current log-likelihood: -3837.992
3. Current log-likelihood: -3834.368
4. Current log-likelihood: -3832.211
5. Current log-likelihood: -3831.034
6. Current log-likelihood: -3830.382
7. Current log-likelihood: -3829.896
8. Current log-likelihood: -3829.423
9. Current log-likelihood: -3828.954
10. Current log-likelihood: -3828.479
11. Current log-likelihood: -3827.993
12. Current log-likelihood: -3827.487
13. Current log-likelihood: -3826.947
14. Current log-likelihood: -3826.367
15. Current log-likelihood: -3825.735
16. Current log-likelihood: -3825.037
17. Current log-likelihood: -3824.251
18. Current log-likelihood: -3823.353
19. Current log-likelihood: -3822.297
20. Current log-likelihood: -3821.034
21. Current log-likelihood: -3819.496
22. Current log-likelihood: -3817.697
23. Current log-likelihood: -3815.775
24. Current log-likelihood: -3813.880
25. Current log-likelihood: -3810.902
26. Current log-likelihood: -3806.988
27. Current log-likelihood: -3806.107
28. Current log-likelihood: -3805.626
29. Current log-likelihood: -3805.331
30. Current log-likelihood: -3805.155
31. Current log-likelihood: -3805.052
Optimal log-likelihood: -3804.986
Rate parameters:  A-C: 1.44588  A-G: 6.79081  A-T: 0.34703  C-G: 0.09968  C-T: 5.09011  G-T: 1.00000
Base frequencies:  A: 0.321  C: 0.205  G: 0.239  T: 0.235
Site proportion and rates:  (0.721,0.295) (0.278,2.611) (0.001,53.468)
Parameters optimization took 31 rounds (2.459 sec)
Computing ML distances based on estimated model parameters... 0.411 sec
Computing BIONJ tree...
0.052 seconds
Log-likelihood of BIONJ tree: -3811.118
--------------------------------------------------------------------
|             INITIALIZING CANDIDATE TREE SET                      |
--------------------------------------------------------------------
Generating 98 parsimony trees... 1.646 second
Computing log-likelihood of 98 initial trees ... 2.913 seconds
Current best score: -3803.258

Do NNI search on 20 best initial trees
Estimate model parameters (epsilon = 0.100)
BETTER TREE FOUND at iteration 1: -3802.769
Iteration 10 / LogL: -3814.166 / Time: 0h:0m:9s
Iteration 20 / LogL: -3817.503 / Time: 0h:0m:11s
Finish initializing candidate tree set (20)
Current best tree score: -3802.769 / CPU time: 9.283
Number of iterations: 20
--------------------------------------------------------------------
|               OPTIMIZING CANDIDATE TREE SET                      |
--------------------------------------------------------------------
Estimate model parameters (epsilon = 0.100)
BETTER TREE FOUND at iteration 23: -3801.604
Estimate model parameters (epsilon = 0.100)
BETTER TREE FOUND at iteration 25: -3799.332
Iteration 30 / LogL: -3804.399 / Time: 0h:0m:14s (0h:0m:49s left)
Iteration 40 / LogL: -3810.947 / Time: 0h:0m:17s (0h:0m:38s left)
Iteration 50 / LogL: -3814.537 / Time: 0h:0m:20s (0h:0m:31s left)
Iteration 60 / LogL: -3802.713 / Time: 0h:0m:23s (0h:0m:25s left)
Iteration 70 / LogL: -3813.506 / Time: 0h:0m:25s (0h:0m:20s left)
Iteration 80 / LogL: -3824.788 / Time: 0h:0m:28s (0h:0m:16s left)
Iteration 90 / LogL: -3801.915 / Time: 0h:0m:30s (0h:0m:12s left)
BETTER TREE FOUND at iteration 99: -3799.322
Iteration 100 / LogL: -3800.412 / Time: 0h:0m:33s (0h:0m:33s left)
Estimate model parameters (epsilon = 0.100)
BETTER TREE FOUND at iteration 103: -3799.294
Iteration 110 / LogL: -3832.528 / Time: 0h:0m:36s (0h:0m:30s left)
Iteration 120 / LogL: -3814.981 / Time: 0h:0m:38s (0h:0m:26s left)
Iteration 130 / LogL: -3801.031 / Time: 0h:0m:41s (0h:0m:23s left)
Iteration 140 / LogL: -3826.205 / Time: 0h:0m:43s (0h:0m:19s left)
Iteration 150 / LogL: -3807.167 / Time: 0h:0m:46s (0h:0m:16s left)
Iteration 160 / LogL: -3810.076 / Time: 0h:0m:49s (0h:0m:13s left)
Iteration 170 / LogL: -3813.377 / Time: 0h:0m:51s (0h:0m:10s left)
Iteration 180 / LogL: -3816.196 / Time: 0h:0m:54s (0h:0m:6s left)
Iteration 190 / LogL: -3815.773 / Time: 0h:0m:56s (0h:0m:3s left)
Iteration 200 / LogL: -3808.864 / Time: 0h:0m:59s (0h:0m:0s left)
TREE SEARCH COMPLETED AFTER 204 ITERATIONS / Time: 0h:1m:0s

--------------------------------------------------------------------
|                    FINALIZING TREE SEARCH                        |
--------------------------------------------------------------------
Performs final model parameters optimization
Estimate model parameters (epsilon = 0.010)
1. Initial log-likelihood: -3799.294
Optimal log-likelihood: -3799.288
Rate parameters:  A-C: 1.40753  A-G: 6.78530  A-T: 0.34804  C-G: 0.09622  C-T: 5.10296  G-T: 1.00000
Base frequencies:  A: 0.321  C: 0.205  G: 0.239  T: 0.235
Site proportion and rates:  (0.743,0.317) (0.255,2.763) (0.001,51.665)
Parameters optimization took 1 rounds (0.078 sec)
BEST SCORE FOUND : -3799.288
Total tree length: 0.386

Total number of iterations: 204
CPU time used for tree search: 225.003 sec (0h:3m:45s)
Wall-clock time used for tree search: 58.025 sec (0h:0m:58s)
Total CPU time used: 235.736 sec (0h:3m:55s)
Total wall-clock time used: 60.769 sec (0h:1m:0s)

Analysis results written to: 
  IQ-TREE report:                NS_030624_2.fas.iqtree
  Maximum-likelihood tree:       NS_030624_2.fas.treefile
  Likelihood distances:          NS_030624_2.fas.mldist
  Screen log file:               NS_030624_2.fas.log

Date and Time: Mon Jun 24 10:53:39 2024
