IQ-TREE multicore version 1.6.12 for Mac OS X 64-bit built Aug 15 2019
Developed by Bui Quang Minh, Nguyen Lam Tung, Olga Chernomor,
Heiko Schmidt, Dominik Schrempf, Michael Woodhams.

Host:    Simons-MBP-5.local (SSE4.2, 128 GB RAM)
Command: IQTREE_v_1_6_12/iqtree -s PB1_030624_2.fas -m MFP -mem 10Go -mset GTR -nt 4
Seed:    191288 (Using SPRNG - Scalable Parallel Random Number Generator)
Time:    Mon Jun 24 10:58:04 2024
Kernel:  SSE2 - 4 threads (16 CPU cores detected)

Reading alignment file PB1_030624_2.fas ... Fasta format detected
Alignment most likely contains DNA/RNA sequences
Alignment has 531 sequences with 2341 columns, 614 distinct patterns
291 parsimony-informative, 278 singleton sites, 1772 constant sites
WARNING: Some sequence names are changed as follows:
EPI_ISL_19090717  -> EPI_ISL_19090717__

                    Gap/Ambiguity  Composition  p-value
   1  EPI_ISL_18789944      0.00%    passed     99.98%
   2  EPI_ISL_18824085      0.00%    passed     99.96%
   3  EPI_ISL_18788080      1.15%    passed     99.85%
   4  EPI_ISL_18668242      0.73%    passed     99.82%
   5  EPI_ISL_18824201      2.26%    passed     99.19%
   6  EPI_ISL_18789928      0.00%    passed     99.98%
   7  EPI_ISL_18607170      0.56%    passed     99.59%
   8  EPI_ISL_18660931      0.00%    passed     99.98%
   9  EPI_ISL_18885828      1.07%    passed     99.83%
  10  EPI_ISL_18885854      1.11%    passed     99.73%
  11  EPI_ISL_18885855      1.07%    passed     99.85%
  12  EPI_ISL_18815363      0.00%    passed     99.94%
  13  EPI_ISL_18815362      0.00%    passed     99.94%
  14  EPI_ISL_18866885      0.00%    passed     99.85%
  15  EPI_ISL_19033339      1.07%    passed     99.95%
  16  EPI_ISL_19033563      1.07%    passed     99.85%
  17  EPI_ISL_19033337      1.11%    passed     99.80%
  18  EPI_ISL_19033340      1.07%    passed     99.64%
  19  EPI_ISL_18745084      0.94%    passed     98.85%
  20  EPI_ISL_18937346      0.47%    passed     99.71%
  21  EPI_ISL_18937347      0.94%    passed     99.79%
  22  EPI_ISL_18937350      0.94%    passed     98.72%
  23  EPI_ISL_18862265      0.94%    passed     99.48%
  24  EPI_ISL_18937352      0.94%    passed     99.65%
  25  EPI_ISL_18862261      0.94%    passed     99.48%
  26  EPI_ISL_18862260      0.94%    passed     99.42%
  27  EPI_ISL_18862259      0.94%    passed     99.47%
  28  EPI_ISL_18862258      0.94%    passed     98.85%
  29  EPI_ISL_18862257      0.94%    passed     98.93%
  30  EPI_ISL_18745073      0.94%    passed     99.56%
  31  EPI_ISL_18862255      0.94%    passed     98.93%
  32  EPI_ISL_18745071      0.94%    passed     99.48%
  33  EPI_ISL_18937339      0.94%    passed     99.65%
  34  EPI_ISL_18937340      0.94%    passed     98.53%
  35  EPI_ISL_18937342      0.94%    passed     99.60%
  36  EPI_ISL_19014081      0.94%    passed     98.98%
  37  EPI_ISL_19014086      0.94%    passed     99.65%
  38  EPI_ISL_18745078      0.94%    passed     99.19%
  39  EPI_ISL_19090717__    1.37%    passed     99.82%
  40  EPI_ISL_18937344      0.94%    passed     99.82%
  41  EPI_ISL_18937345      0.94%    passed     97.64%
  42  EPI_ISL_18937348      0.94%    passed     99.60%
  43  EPI_ISL_18937349      0.94%    passed     99.75%
  44  EPI_ISL_18937351      0.94%    passed     99.69%
  45  EPI_ISL_18862264      0.94%    passed     99.44%
  46  EPI_ISL_18862262      0.94%    passed     99.89%
  47  EPI_ISL_18862256      0.94%    passed     99.31%
  48  EPI_ISL_18745069      0.94%    passed     99.23%
  49  EPI_ISL_18937338      0.94%    passed     98.84%
  50  EPI_ISL_18937343      0.94%    passed     98.45%
  51  EPI_ISL_18745079      0.94%    passed     99.79%
  52  EPI_ISL_19030162      2.31%    passed     98.49%
  53  EPI_ISL_18918527      0.00%    passed    100.00%
  54  EPI_ISL_18918508      0.00%    passed    100.00%
  55  EPI_ISL_18514137      0.00%    passed    100.00%
  56  EPI_ISL_18918529      0.00%    passed     99.98%
  57  EPI_ISL_18918493      0.00%    passed     99.85%
  58  EPI_ISL_19000795      0.90%    passed     99.75%
  59  EPI_ISL_18937337      1.15%    passed     99.68%
  60  EPI_ISL_18815361      0.00%    passed     99.80%
  61  EPI_ISL_18815277      0.00%    passed    100.00%
  62  EPI_ISL_18788075      0.00%    passed    100.00%
  63  EPI_ISL_18514134      0.00%    passed    100.00%
  64  EPI_ISL_19033553      1.07%    passed     99.95%
  65  EPI_ISL_18918530      0.00%    passed     99.57%
  66  EPI_ISL_18918472      0.00%    passed     99.69%
  67  EPI_ISL_18918470      0.00%    passed     99.69%
  68  EPI_ISL_18866886      0.00%    passed     99.56%
  69  EPI_ISL_18750725      0.56%    passed     99.32%
  70  EPI_ISL_19000792      0.90%    passed     99.24%
  71  EPI_ISL_18788100      1.11%    passed     99.96%
  72  EPI_ISL_18750129      0.64%    passed     99.12%
  73  EPI_ISL_19033555      1.07%    passed     99.89%
  74  EPI_ISL_19033554      1.07%    passed     99.95%
  75  EPI_ISL_19033550      1.07%    passed     99.89%
  76  EPI_ISL_19033546      1.07%    passed     99.89%
  77  EPI_ISL_19033336      1.07%    passed     99.89%
  78  EPI_ISL_19033335      1.07%    passed     99.89%
  79  EPI_ISL_19033334      1.07%    passed     99.89%
  80  EPI_ISL_19033333      1.07%    passed     99.89%
  81  EPI_ISL_19033331      1.07%    passed     99.89%
  82  EPI_ISL_19001972      0.00%    passed     99.85%
  83  EPI_ISL_18885871      1.07%    passed     99.99%
  84  EPI_ISL_18815224      0.00%    passed     99.86%
  85  EPI_ISL_18787953      1.07%    passed     99.95%
  86  EPI_ISL_18787914      1.07%    passed     99.90%
  87  EPI_ISL_18514132      0.00%    passed     99.90%
  88  EPI_ISL_19033556      1.11%    passed     99.83%
  89  EPI_ISL_19033332      1.11%    passed     99.97%
  90  EPI_ISL_18788087      1.11%    passed     99.99%
  91  EPI_ISL_19033558      1.07%    passed     99.86%
  92  EPI_ISL_19033548      1.07%    passed     99.97%
  93  EPI_ISL_18885547      1.07%    passed    100.00%
  94  EPI_ISL_18787970      1.07%    passed     99.98%
  95  EPI_ISL_18787923      1.07%    passed     99.98%
  96  EPI_ISL_18787919      1.07%    passed     99.91%
  97  EPI_ISL_18787918      1.07%    passed     99.91%
  98  EPI_ISL_18011232      0.13%    passed     99.99%
  99  EPI_ISL_19014079      0.94%    passed     99.64%
 100  EPI_ISL_18885826      1.07%    passed     99.82%
 101  EPI_ISL_18885873      1.07%    passed     99.92%
 102  EPI_ISL_18787916      1.07%    passed     99.94%
 103  EPI_ISL_19090722      1.37%    passed     99.95%
 104  EPI_ISL_18824089      0.04%    passed     99.99%
 105  EPI_ISL_19033561      1.07%    passed     99.97%
 106  EPI_ISL_19033560      1.07%    passed     99.97%
 107  EPI_ISL_19033551      1.07%    passed     99.91%
 108  EPI_ISL_18885839      1.07%    passed     99.74%
 109  EPI_ISL_19033559      1.07%    passed     99.72%
 110  EPI_ISL_19014080      0.94%    passed     99.64%
 111  EPI_ISL_18787984      0.00%    passed     99.95%
 112  EPI_ISL_18928989      1.37%    passed    100.00%
 113  EPI_ISL_18928985      1.37%    passed    100.00%
 114  EPI_ISL_18928984      1.37%    passed    100.00%
 115  EPI_ISL_18928983      1.37%    passed    100.00%
 116  EPI_ISL_18928986      1.41%    passed     99.99%
 117  EPI_ISL_18788325      1.07%    passed     99.98%
 118  EPI_ISL_19090725      1.37%    passed     99.91%
 119  EPI_ISL_19044793      1.37%    passed    100.00%
 120  EPI_ISL_19044792      1.37%    passed    100.00%
 121  EPI_ISL_19044791      1.37%    passed    100.00%
 122  EPI_ISL_18946743      1.37%    passed    100.00%
 123  EPI_ISL_18946742      1.37%    passed    100.00%
 124  EPI_ISL_18946741      1.37%    passed    100.00%
 125  EPI_ISL_18946740      1.37%    passed    100.00%
 126  EPI_ISL_18946739      1.37%    passed    100.00%
 127  EPI_ISL_18946738      1.37%    passed    100.00%
 128  EPI_ISL_18946737      1.37%    passed    100.00%
 129  EPI_ISL_18946736      1.37%    passed    100.00%
 130  EPI_ISL_18946735      1.37%    passed    100.00%
 131  EPI_ISL_18946734      1.37%    passed    100.00%
 132  EPI_ISL_18946733      1.37%    passed    100.00%
 133  EPI_ISL_18911091      0.90%    passed     99.73%
 134  EPI_ISL_18815329      0.00%    passed     99.66%
 135  EPI_ISL_18660932      0.00%    passed     99.33%
 136  EPI_ISL_18593867      1.07%    passed     99.95%
 137  EPI_ISL_16956376      0.00%    passed     99.97%
 138  EPI_ISL_18928988      1.37%    passed    100.00%
 139  EPI_ISL_18928987      1.37%    passed    100.00%
 140  EPI_ISL_19033549      1.07%    passed     99.72%
 141  EPI_ISL_18789904      0.00%    passed     99.42%
 142  EPI_ISL_18673081      1.58%    passed     99.69%
 143  EPI_ISL_17710023      0.00%    passed     99.96%
 144  EPI_ISL_17072337      0.00%    passed     99.96%
 145  EPI_ISL_16384147      0.13%    passed     99.97%
 146  EPI_ISL_17564760      0.00%    passed     99.96%
 147  EPI_ISL_18866891      0.00%    passed     99.72%
 148  EPI_ISL_18866888      0.00%    passed     99.72%
 149  EPI_ISL_18866887      0.00%    passed     99.12%
 150  EPI_ISL_18787921      1.07%    passed     99.90%
 151  EPI_ISL_17710025      0.00%    passed     99.88%
 152  EPI_ISL_18885852      1.07%    passed     99.91%
 153  EPI_ISL_18866883      0.00%    passed     98.94%
 154  EPI_ISL_18668523      0.00%    passed     99.99%
 155  EPI_ISL_18536648      1.07%    passed     99.73%
 156  EPI_ISL_17072781      0.00%    passed     99.83%
 157  EPI_ISL_16574644      0.60%    passed     99.90%
 158  EPI_ISL_16384174      0.13%    passed     99.96%
 159  EPI_ISL_19033547      1.11%    passed     99.89%
 160  EPI_ISL_18866893      0.00%    passed     99.50%
 161  EPI_ISL_18788061      0.26%    passed     99.94%
 162  EPI_ISL_18668520      0.00%    passed     99.99%
 163  EPI_ISL_16574657      0.60%    passed     99.88%
 164  EPI_ISL_18271511      1.67%    passed     99.90%
 165  EPI_ISL_18927384      0.00%    passed     99.97%
 166  EPI_ISL_18824086      0.00%    passed     99.91%
 167  EPI_ISL_16969355      0.00%    passed     99.98%
 168  EPI_ISL_16384179      0.13%    passed     99.65%
 169  EPI_ISL_18271512      1.67%    passed     99.87%
 170  EPI_ISL_18593865      1.07%    passed     99.85%
 171  EPI_ISL_16574736      0.00%    passed     99.56%
 172  EPI_ISL_16384139      0.00%    passed     99.83%
 173  EPI_ISL_15957672      0.00%    passed     99.83%
 174  EPI_ISL_15586113      0.00%    passed     99.83%
 175  EPI_ISL_15586112      0.00%    passed     99.83%
 176  EPI_ISL_15585911      0.00%    passed     99.83%
 177  EPI_ISL_17072173      0.17%    passed     99.48%
 178  EPI_ISL_16384149      0.94%    passed     98.98%
 179  EPI_ISL_15586128      0.13%    passed     99.88%
 180  EPI_ISL_18746298      1.07%    passed     99.79%
 181  EPI_ISL_17774063      0.56%    passed     99.85%
 182  EPI_ISL_15957837      0.00%    passed     99.70%
 183  EPI_ISL_15957792      0.00%    passed     99.70%
 184  EPI_ISL_15957666      0.00%    passed     99.70%
 185  EPI_ISL_15585749      0.00%    passed     99.94%
 186  EPI_ISL_16384168      0.04%    passed     99.52%
 187  EPI_ISL_15585758      0.60%    passed     99.66%
 188  EPI_ISL_18530057      1.67%    passed     99.06%
 189  EPI_ISL_16574756      0.64%    passed     99.69%
 190  EPI_ISL_15586126      0.34%    passed     99.64%
 191  EPI_ISL_18536649      1.07%    passed     99.68%
 192  EPI_ISL_18536647      1.07%    passed     99.95%
 193  EPI_ISL_15958004      0.00%    passed     99.81%
 194  EPI_ISL_15942297      0.00%    passed     99.81%
 195  EPI_ISL_15586134      0.00%    passed     99.84%
 196  EPI_ISL_15585910      0.00%    passed     99.81%
 197  EPI_ISL_15585841      0.00%    passed     99.49%
 198  EPI_ISL_15585760      0.00%    passed     99.66%
 199  EPI_ISL_18916730      0.09%    passed     99.95%
 200  EPI_ISL_15585762      0.09%    passed     99.76%
 201  EPI_ISL_15585896      0.81%    passed     99.93%
 202  EPI_ISL_18660629      1.58%    passed     99.87%
 203  EPI_ISL_16574697      0.00%    passed     99.16%
 204  EPI_ISL_16384175      0.00%    passed     99.62%
 205  EPI_ISL_16384140      0.21%    passed     99.92%
 206  EPI_ISL_15957966      0.04%    passed     99.76%
 207  EPI_ISL_15957798      0.00%    passed     99.84%
 208  EPI_ISL_15957731      0.00%    passed     99.62%
 209  EPI_ISL_15957730      0.00%    passed     99.84%
 210  EPI_ISL_15957678      0.00%    passed     99.62%
 211  EPI_ISL_15586124      0.00%    passed     99.62%
 212  EPI_ISL_15586122      0.00%    passed     99.47%
 213  EPI_ISL_15586117      0.00%    passed     99.62%
 214  EPI_ISL_15586116      0.13%    passed     99.86%
 215  EPI_ISL_15586107      0.47%    passed     99.92%
 216  EPI_ISL_15585906      0.00%    passed     99.62%
 217  EPI_ISL_17257532      0.04%    passed     99.77%
 218  EPI_ISL_16384180      0.60%    passed     99.76%
 219  EPI_ISL_15957708      0.04%    passed     99.49%
 220  EPI_ISL_15586108      0.60%    passed     99.76%
 221  EPI_ISL_18816295      2.86%    passed     97.10%
 222  EPI_ISL_18660625      1.58%    passed     99.87%
 223  EPI_ISL_18345367      0.00%    passed     99.21%
 224  EPI_ISL_18321753      2.86%    passed     98.75%
 225  EPI_ISL_16904551      0.00%    passed     99.66%
 226  EPI_ISL_16384166      0.00%    passed     99.84%
 227  EPI_ISL_16384152      0.00%    passed     99.56%
 228  EPI_ISL_16384146      0.56%    passed     99.84%
 229  EPI_ISL_15957785      0.00%    passed     99.18%
 230  EPI_ISL_15957728      0.00%    passed     99.63%
 231  EPI_ISL_15585753      0.21%    passed     99.76%
 232  EPI_ISL_15473950      1.07%    passed     99.71%
 233  EPI_ISL_16809296      0.43%    passed     99.65%
 234  EPI_ISL_16384196      0.60%    passed     99.55%
 235  EPI_ISL_16384195      0.13%    passed     99.62%
 236  EPI_ISL_16809297      0.47%    passed     99.58%
 237  EPI_ISL_16524593      0.47%    passed     98.32%
 238  EPI_ISL_16524591      0.47%    passed     98.32%
 239  EPI_ISL_16384150      0.47%    passed     99.51%
 240  EPI_ISL_19053265      1.03%    passed     98.73%
 241  EPI_ISL_18618529      2.86%    passed     99.09%
 242  EPI_ISL_18321755      2.86%    passed     98.26%
 243  EPI_ISL_17672824      0.00%    passed     99.86%
 244  EPI_ISL_17267157      1.07%    passed     99.55%
 245  EPI_ISL_16574612      0.56%    passed     99.44%
 246  EPI_ISL_16444163      0.56%    passed     99.48%
 247  EPI_ISL_16384199      0.00%    passed     99.85%
 248  EPI_ISL_16384181      0.04%    passed     99.42%
 249  EPI_ISL_16384161      0.43%    passed     99.75%
 250  EPI_ISL_15957774      0.00%    passed     99.86%
 251  EPI_ISL_15957654      0.00%    passed     99.84%
 252  EPI_ISL_15585904      0.00%    passed     99.08%
 253  EPI_ISL_15585754      0.00%    passed     99.62%
 254  EPI_ISL_16574599      0.13%    passed     99.27%
 255  EPI_ISL_16384178      0.13%    passed     99.44%
 256  EPI_ISL_17774061      0.64%    passed     99.91%
 257  EPI_ISL_17072339      0.51%    passed     99.05%
 258  EPI_ISL_16524594      0.47%    passed     98.26%
 259  EPI_ISL_18933204      2.86%    passed     98.56%
 260  EPI_ISL_18933102      2.86%    passed     98.56%
 261  EPI_ISL_18933100      2.86%    passed     98.56%
 262  EPI_ISL_17514167      0.00%    passed     99.41%
 263  EPI_ISL_17465834      0.00%    passed     99.66%
 264  EPI_ISL_17465833      0.00%    passed     99.56%
 265  EPI_ISL_17465832      0.00%    passed     99.56%
 266  EPI_ISL_17214732      0.51%    passed     99.94%
 267  EPI_ISL_17008431      1.07%    passed     99.92%
 268  EPI_ISL_16904550      0.00%    passed     99.56%
 269  EPI_ISL_16384172      0.81%    passed     99.71%
 270  EPI_ISL_15957865      0.00%    passed     99.69%
 271  EPI_ISL_16676489      0.17%    passed     99.56%
 272  EPI_ISL_16676474      0.17%    passed     99.56%
 273  EPI_ISL_16574723      0.09%    passed     99.56%
 274  EPI_ISL_16574569      0.56%    passed     99.76%
 275  EPI_ISL_17716082      0.04%    passed     99.43%
 276  EPI_ISL_17716080      0.04%    passed     99.43%
 277  EPI_ISL_17716059      0.04%    passed     99.43%
 278  EPI_ISL_17514171      0.04%    passed     99.43%
 279  EPI_ISL_17033243      1.67%    passed     99.89%
 280  EPI_ISL_15585897      1.03%    passed     99.39%
 281  EPI_ISL_18816296      2.86%    passed     97.68%
 282  EPI_ISL_18258052      0.00%    passed     99.69%
 283  EPI_ISL_17514172      0.00%    passed     99.49%
 284  EPI_ISL_17214731      0.00%    passed     99.25%
 285  EPI_ISL_15957919      0.04%    passed     99.21%
 286  EPI_ISL_15957844      0.00%    passed     98.67%
 287  EPI_ISL_14864640      0.56%    passed     99.93%
 288  EPI_ISL_14298226      1.07%    passed     99.98%
 289  EPI_ISL_16809999      0.43%    passed     99.18%
 290  EPI_ISL_16574692      0.60%    passed     99.77%
 291  EPI_ISL_14864638      0.00%    passed     99.89%
 292  EPI_ISL_17514175      0.04%    passed     99.30%
 293  EPI_ISL_16811201      0.43%    passed     99.38%
 294  EPI_ISL_16384173      1.11%    passed     99.85%
 295  EPI_ISL_15586120      0.90%    passed     99.84%
 296  EPI_ISL_17583227      1.58%    passed     99.80%
 297  EPI_ISL_17580930      1.58%    passed     99.80%
 298  EPI_ISL_17514168      0.00%    passed     99.57%
 299  EPI_ISL_17514135      0.00%    passed     99.06%
 300  EPI_ISL_15957912      0.00%    passed     99.94%
 301  EPI_ISL_15957906      0.00%    passed     99.94%
 302  EPI_ISL_15697406      0.00%    passed    100.00%
 303  EPI_ISL_15038822      0.00%    passed     99.96%
 304  EPI_ISL_14390100      0.04%    passed     99.93%
 305  EPI_ISL_13370694      0.00%    passed     99.94%
 306  EPI_ISL_17072341      0.73%    passed     99.04%
 307  EPI_ISL_17072114      0.60%    passed     98.59%
 308  EPI_ISL_18345368      0.47%    passed     99.82%
 309  EPI_ISL_17514136      0.00%    passed     99.70%
 310  EPI_ISL_17514134      0.00%    passed     99.25%
 311  EPI_ISL_17033244      1.58%    passed     99.54%
 312  EPI_ISL_16810698      0.00%    passed     99.80%
 313  EPI_ISL_15585886      0.00%    passed     98.80%
 314  EPI_ISL_14986843      0.00%    passed     99.59%
 315  EPI_ISL_14986757      0.00%    passed     99.89%
 316  EPI_ISL_14393671      0.00%    passed     99.57%
 317  EPI_ISL_14393465      0.00%    passed     99.57%
 318  EPI_ISL_13370704      0.00%    passed     99.92%
 319  EPI_ISL_12474794      1.07%    passed     99.96%
 320  EPI_ISL_10880515      0.00%    passed     99.70%
 321  EPI_ISL_9221469       1.07%    passed     99.98%
 322  EPI_ISL_5463803       0.00%    passed     99.88%
 323  EPI_ISL_5463801       0.00%    passed     99.88%
 324  EPI_ISL_5463800       0.00%    passed     99.88%
 325  EPI_ISL_5463798       0.00%    passed     99.88%
 326  EPI_ISL_5463797       0.00%    passed     99.88%
 327  EPI_ISL_17716058      0.09%    passed     99.00%
 328  EPI_ISL_15585750      1.24%    passed     99.52%
 329  EPI_ISL_18594303      1.67%    passed     99.96%
 330  EPI_ISL_15585757      1.54%    passed     99.84%
 331  EPI_ISL_16574488      0.00%    passed     98.79%
 332  EPI_ISL_16549245      0.64%    passed     98.38%
 333  EPI_ISL_16547666      0.64%    passed     98.38%
 334  EPI_ISL_15802970      0.00%    passed     99.89%
 335  EPI_ISL_15585885      0.56%    passed     99.52%
 336  EPI_ISL_15585839      0.00%    passed     99.65%
 337  EPI_ISL_15579545      1.58%    passed     99.80%
 338  EPI_ISL_13514370      0.00%    passed     99.99%
 339  EPI_ISL_13369777      0.00%    passed     99.80%
 340  EPI_ISL_13360257      1.07%    passed     99.98%
 341  EPI_ISL_11560323      1.07%    passed     99.99%
 342  EPI_ISL_9690956       1.07%    passed     99.99%
 343  EPI_ISL_9651560       0.00%    passed     99.73%
 344  EPI_ISL_9648464       0.00%    passed     99.73%
 345  EPI_ISL_9616260       1.07%    passed     99.99%
 346  EPI_ISL_9012696       0.00%    passed     99.73%
 347  EPI_ISL_9012694       0.00%    passed     99.73%
 348  EPI_ISL_5463802       0.00%    passed     99.95%
 349  EPI_ISL_5463799       0.00%    passed     99.86%
 350  EPI_ISL_15585899      0.60%    passed     99.94%
 351  EPI_ISL_9012700       0.26%    passed     99.83%
 352  EPI_ISL_17716060      0.04%    passed     99.88%
 353  EPI_ISL_16984869      0.73%    passed     97.30%
 354  EPI_ISL_16547552      0.73%    passed     98.01%
 355  EPI_ISL_16524595      0.47%    passed     97.63%
 356  EPI_ISL_13969427      0.60%    passed     99.92%
 357  EPI_ISL_17791551      0.00%    passed     99.66%
 358  EPI_ISL_17529372      0.00%    passed     99.70%
 359  EPI_ISL_17514174      0.13%    passed     99.37%
 360  EPI_ISL_17514137      0.00%    passed     99.76%
 361  EPI_ISL_16630765      0.00%    passed     99.93%
 362  EPI_ISL_16384163      0.56%    passed     99.90%
 363  EPI_ISL_16384155      0.00%    passed     99.99%
 364  EPI_ISL_14987685      0.00%    passed     99.86%
 365  EPI_ISL_14987544      0.00%    passed     99.86%
 366  EPI_ISL_13486869      0.00%    passed     99.93%
 367  EPI_ISL_13370913      0.00%    passed     99.79%
 368  EPI_ISL_13370910      0.00%    passed     99.93%
 369  EPI_ISL_13370893      0.00%    passed     99.79%
 370  EPI_ISL_13370703      0.00%    passed     99.86%
 371  EPI_ISL_13370515      0.00%    passed     99.71%
 372  EPI_ISL_13369784      0.00%    passed     99.71%
 373  EPI_ISL_13369772      0.00%    passed     99.71%
 374  EPI_ISL_13369764      0.00%    passed     99.71%
 375  EPI_ISL_13369748      0.00%    passed     99.70%
 376  EPI_ISL_13369401      0.00%    passed     99.88%
 377  EPI_ISL_13338018      0.00%    passed     99.84%
 378  EPI_ISL_12514483      1.07%    passed     99.52%
 379  EPI_ISL_12215416      1.07%    passed     99.97%
 380  EPI_ISL_11560325      1.07%    passed     99.98%
 381  EPI_ISL_11449674      0.51%    passed     99.45%
 382  EPI_ISL_10724259      1.07%    passed    100.00%
 383  EPI_ISL_10576444      0.94%    passed     99.77%
 384  EPI_ISL_9650269       0.00%    passed     99.70%
 385  EPI_ISL_9221451       1.07%    passed     99.95%
 386  EPI_ISL_9012574       1.07%    passed     99.95%
 387  EPI_ISL_7996370       1.07%    passed     99.95%
 388  EPI_ISL_7952129       1.07%    passed     99.95%
 389  EPI_ISL_16676481      0.17%    passed     99.78%
 390  EPI_ISL_15586133      0.00%    passed     99.84%
 391  EPI_ISL_14493899      0.04%    passed     99.86%
 392  EPI_ISL_13969421      0.47%    passed     99.65%
 393  EPI_ISL_16904553      0.00%    passed     99.96%
 394  EPI_ISL_16811185      0.64%    passed     99.55%
 395  EPI_ISL_17791549      0.00%    passed     99.65%
 396  EPI_ISL_17716057      0.26%    passed     99.04%
 397  EPI_ISL_17514139      0.00%    passed     99.80%
 398  EPI_ISL_17514138      0.00%    passed     99.93%
 399  EPI_ISL_16956028      0.00%    passed     99.84%
 400  EPI_ISL_16896604      0.00%    passed     99.90%
 401  EPI_ISL_16896603      0.00%    passed     99.96%
 402  EPI_ISL_16896468      0.00%    passed     99.99%
 403  EPI_ISL_16630763      0.00%    passed     99.83%
 404  EPI_ISL_16384167      0.04%    passed     99.98%
 405  EPI_ISL_16384143      1.54%    passed     98.96%
 406  EPI_ISL_16056572      1.58%    passed     99.63%
 407  EPI_ISL_15585863      0.00%    passed     99.77%
 408  EPI_ISL_15088298      1.32%    passed    100.00%
 409  EPI_ISL_14987683      0.00%    passed     99.84%
 410  EPI_ISL_14573052      1.07%    passed     99.99%
 411  EPI_ISL_14573044      1.07%    passed     99.99%
 412  EPI_ISL_14571434      1.07%    passed     99.99%
 413  EPI_ISL_14571430      1.07%    passed     99.99%
 414  EPI_ISL_14392127      0.00%    passed     99.83%
 415  EPI_ISL_14298227      1.07%    passed    100.00%
 416  EPI_ISL_13778522      1.07%    passed     99.99%
 417  EPI_ISL_13778479      1.07%    passed     99.99%
 418  EPI_ISL_13778478      1.07%    passed     99.99%
 419  EPI_ISL_13778476      1.07%    passed     99.99%
 420  EPI_ISL_13658359      0.00%    passed     99.43%
 421  EPI_ISL_13617700      1.07%    passed     99.99%
 422  EPI_ISL_13617698      1.07%    passed    100.00%
 423  EPI_ISL_13609610      0.00%    passed     99.43%
 424  EPI_ISL_13486857      0.00%    passed     99.95%
 425  EPI_ISL_13486844      0.00%    passed     99.95%
 426  EPI_ISL_13477015      0.00%    passed     99.43%
 427  EPI_ISL_13370912      0.00%    passed     99.84%
 428  EPI_ISL_13370909      0.00%    passed     99.95%
 429  EPI_ISL_13370710      0.00%    passed     99.84%
 430  EPI_ISL_13370628      0.00%    passed     99.88%
 431  EPI_ISL_13370613      0.00%    passed     99.73%
 432  EPI_ISL_13370610      0.00%    passed     99.73%
 433  EPI_ISL_13370608      0.00%    passed     99.73%
 434  EPI_ISL_13370603      0.04%    passed     99.68%
 435  EPI_ISL_13370573      0.00%    passed     99.73%
 436  EPI_ISL_13370570      0.00%    passed     99.73%
 437  EPI_ISL_13370520      0.00%    passed     99.88%
 438  EPI_ISL_13369782      0.00%    passed     99.73%
 439  EPI_ISL_13369771      0.00%    passed     99.73%
 440  EPI_ISL_13369766      0.00%    passed     99.05%
 441  EPI_ISL_13369755      0.00%    passed     99.73%
 442  EPI_ISL_13369754      0.00%    passed     99.86%
 443  EPI_ISL_13068727      0.00%    passed     99.43%
 444  EPI_ISL_12514532      1.07%    passed     99.90%
 445  EPI_ISL_12512879      1.07%    passed     99.87%
 446  EPI_ISL_12512578      1.07%    passed     99.90%
 447  EPI_ISL_12512576      1.07%    passed     99.96%
 448  EPI_ISL_12069978      1.07%    passed     99.91%
 449  EPI_ISL_11798579      1.07%    passed     99.47%
 450  EPI_ISL_11560324      1.07%    passed     99.96%
 451  EPI_ISL_11560233      1.07%    passed     99.84%
 452  EPI_ISL_11112342      1.07%    passed     99.84%
 453  EPI_ISL_10940622      0.00%    passed     99.43%
 454  EPI_ISL_10454887      1.07%    passed     99.99%
 455  EPI_ISL_9690841       1.07%    passed     99.93%
 456  EPI_ISL_9616263       1.07%    passed     99.90%
 457  EPI_ISL_9439410       1.07%    passed     99.97%
 458  EPI_ISL_9221411       1.07%    passed     99.95%
 459  EPI_ISL_7880689       0.00%    passed     99.68%
 460  EPI_ISL_7267249       1.07%    passed     99.99%
 461  EPI_ISL_7053817       0.00%    passed     99.43%
 462  EPI_ISL_18643050      0.98%    passed     99.84%
 463  EPI_ISL_17791546      0.51%    passed     99.58%
 464  EPI_ISL_16547851      1.07%    passed     98.87%
 465  EPI_ISL_16384193      0.60%    passed     99.92%
 466  EPI_ISL_12514573      1.24%    passed     99.97%
 467  EPI_ISL_17736969      0.47%    passed     99.37%
 468  EPI_ISL_16811205      1.24%    passed     99.83%
 469  EPI_ISL_16056571      1.62%    passed     99.67%
 470  EPI_ISL_14573043      1.11%    passed     99.99%
 471  EPI_ISL_18992915      2.86%    passed     98.34%
 472  EPI_ISL_16969359      0.00%    passed     99.87%
 473  EPI_ISL_16574507      0.00%    passed     99.84%
 474  EPI_ISL_16350802      0.00%    passed     99.97%
 475  EPI_ISL_16096047      1.07%    passed     99.97%
 476  EPI_ISL_15957978      0.00%    passed     99.66%
 477  EPI_ISL_15957810      0.00%    passed     99.84%
 478  EPI_ISL_15839844      0.00%    passed     99.56%
 479  EPI_ISL_15585864      0.00%    passed     99.90%
 480  EPI_ISL_14987657      0.00%    passed     99.83%
 481  EPI_ISL_14811828      0.00%    passed     99.95%
 482  EPI_ISL_14810959      0.00%    passed     99.95%
 483  EPI_ISL_14576111      1.07%    passed     99.76%
 484  EPI_ISL_14573054      1.07%    passed    100.00%
 485  EPI_ISL_14573045      1.07%    passed    100.00%
 486  EPI_ISL_14571447      1.07%    passed     99.96%
 487  EPI_ISL_14571438      1.07%    passed    100.00%
 488  EPI_ISL_14493134      1.07%    passed     99.99%
 489  EPI_ISL_14389148      0.00%    passed     99.33%
 490  EPI_ISL_14175218      1.07%    passed    100.00%
 491  EPI_ISL_13617699      1.07%    passed     99.99%
 492  EPI_ISL_13617696      1.07%    passed    100.00%
 493  EPI_ISL_13398726      1.07%    passed     99.98%
 494  EPI_ISL_13398725      1.07%    passed     99.97%
 495  EPI_ISL_13370917      0.00%    passed     99.69%
 496  EPI_ISL_13370916      0.00%    passed     99.69%
 497  EPI_ISL_13370915      0.00%    passed     99.69%
 498  EPI_ISL_13370911      0.00%    passed     99.80%
 499  EPI_ISL_13370632      0.00%    passed     99.49%
 500  EPI_ISL_13370626      0.00%    passed     99.49%
 501  EPI_ISL_13370621      0.00%    passed     99.49%
 502  EPI_ISL_13370612      0.13%    passed     99.71%
 503  EPI_ISL_13370569      0.00%    passed     99.71%
 504  EPI_ISL_13370558      0.00%    passed     99.03%
 505  EPI_ISL_13370518      0.00%    passed     99.68%
 506  EPI_ISL_13370514      0.00%    passed     99.87%
 507  EPI_ISL_13370508      0.00%    passed     99.86%
 508  EPI_ISL_13370420      0.00%    passed     99.47%
 509  EPI_ISL_13370419      0.00%    passed     99.87%
 510  EPI_ISL_13369781      0.00%    passed     99.68%
 511  EPI_ISL_13369768      0.00%    passed     99.87%
 512  EPI_ISL_13369767      0.00%    passed     99.71%
 513  EPI_ISL_13369398      0.04%    passed     99.81%
 514  EPI_ISL_13199864      1.07%    passed     99.95%
 515  EPI_ISL_12514622      1.07%    passed     99.65%
 516  EPI_ISL_12512577      1.07%    passed     99.93%
 517  EPI_ISL_11798574      1.07%    passed     99.75%
 518  EPI_ISL_11725991      1.07%    passed     99.75%
 519  EPI_ISL_11112354      1.07%    passed     99.95%
 520  EPI_ISL_11112350      1.07%    passed     99.82%
 521  EPI_ISL_11112340      1.07%    passed     99.80%
 522  EPI_ISL_10220432      1.07%    passed     99.82%
 523  EPI_ISL_9641226       0.00%    passed     99.46%
 524  EPI_ISL_9616265       1.07%    passed     99.95%
 525  EPI_ISL_9261743       1.07%    passed     99.95%
 526  EPI_ISL_9261741       1.07%    passed     99.88%
 527  EPI_ISL_7753405       1.07%    passed     99.75%
 528  EPI_ISL_7753387       1.07%    passed     99.75%
 529  EPI_ISL_7753230       1.07%    passed     99.75%
 530  EPI_ISL_7753193       1.07%    passed     99.75%
 531  EPI_ISL_7753152       1.07%    passed     99.75%
****  TOTAL                 0.57%  0 sequences failed composition chi2 test (p-value<5%; df=3)
NOTE: EPI_ISL_18789928 is identical to EPI_ISL_18789944 but kept for subsequent analysis
NOTE: EPI_ISL_18815362 is identical to EPI_ISL_18815363 but kept for subsequent analysis
NOTE: EPI_ISL_18918493 is identical to EPI_ISL_18866885 but kept for subsequent analysis
NOTE: EPI_ISL_18918508 is identical to EPI_ISL_18918527 but kept for subsequent analysis
NOTE: EPI_ISL_18788075 is identical to EPI_ISL_18815277 but kept for subsequent analysis
NOTE: EPI_ISL_19033550 is identical to EPI_ISL_19033555 but kept for subsequent analysis
NOTE: EPI_ISL_18787918 is identical to EPI_ISL_18787919 but kept for subsequent analysis
NOTE: EPI_ISL_19033560 is identical to EPI_ISL_19033561 but kept for subsequent analysis
NOTE: EPI_ISL_18928985 is identical to EPI_ISL_18928989 but kept for subsequent analysis
NOTE: EPI_ISL_19044792 is identical to EPI_ISL_19044793 but kept for subsequent analysis
NOTE: EPI_ISL_18928987 is identical to EPI_ISL_18928988 but kept for subsequent analysis
NOTE: EPI_ISL_17564760 is identical to EPI_ISL_17710023 but kept for subsequent analysis
NOTE: EPI_ISL_18866888 is identical to EPI_ISL_18866891 but kept for subsequent analysis
NOTE: EPI_ISL_15957672 is identical to EPI_ISL_16384139 but kept for subsequent analysis
NOTE: EPI_ISL_15957666 is identical to EPI_ISL_15957837 but kept for subsequent analysis
NOTE: EPI_ISL_15942297 is identical to EPI_ISL_15958004 but kept for subsequent analysis
NOTE: EPI_ISL_15957731 is identical to EPI_ISL_16384175 but kept for subsequent analysis
NOTE: EPI_ISL_15957730 is identical to EPI_ISL_15957798 but kept for subsequent analysis
NOTE: EPI_ISL_16524591 is identical to EPI_ISL_16524593 but kept for subsequent analysis
NOTE: EPI_ISL_18933102 is identical to EPI_ISL_18933204 but kept for subsequent analysis
NOTE: EPI_ISL_17465832 is identical to EPI_ISL_17465833 but kept for subsequent analysis
NOTE: EPI_ISL_16676474 is identical to EPI_ISL_16676489 but kept for subsequent analysis
NOTE: EPI_ISL_17716080 is identical to EPI_ISL_17716082 but kept for subsequent analysis
NOTE: EPI_ISL_17580930 is identical to EPI_ISL_17583227 but kept for subsequent analysis
NOTE: EPI_ISL_15957906 is identical to EPI_ISL_15957912 but kept for subsequent analysis
NOTE: EPI_ISL_14393465 is identical to EPI_ISL_14393671 but kept for subsequent analysis
NOTE: EPI_ISL_5463801 is identical to EPI_ISL_5463803 but kept for subsequent analysis
NOTE: EPI_ISL_16547666 is identical to EPI_ISL_16549245 but kept for subsequent analysis
NOTE: EPI_ISL_9616260 is identical to EPI_ISL_9690956 but kept for subsequent analysis
NOTE: EPI_ISL_9648464 is identical to EPI_ISL_9651560 but kept for subsequent analysis
NOTE: EPI_ISL_9012694 is identical to EPI_ISL_9012696 but kept for subsequent analysis
NOTE: EPI_ISL_14987544 is identical to EPI_ISL_14987685 but kept for subsequent analysis
NOTE: EPI_ISL_13369784 is identical to EPI_ISL_13370515 but kept for subsequent analysis
NOTE: EPI_ISL_7996370 is identical to EPI_ISL_9012574 but kept for subsequent analysis
NOTE: EPI_ISL_13370912 is identical to EPI_ISL_16956028 but kept for subsequent analysis
NOTE: EPI_ISL_14573044 is identical to EPI_ISL_14573052 but kept for subsequent analysis
NOTE: EPI_ISL_13609610 is identical to EPI_ISL_13658359 but kept for subsequent analysis
NOTE: EPI_ISL_13486844 is identical to EPI_ISL_13486857 but kept for subsequent analysis
NOTE: EPI_ISL_13370520 is identical to EPI_ISL_13370628 but kept for subsequent analysis
NOTE: EPI_ISL_13370610 is identical to EPI_ISL_13370613 but kept for subsequent analysis
NOTE: EPI_ISL_13369771 is identical to EPI_ISL_13369782 but kept for subsequent analysis
NOTE: EPI_ISL_12512578 is identical to EPI_ISL_12514532 but kept for subsequent analysis
NOTE: EPI_ISL_11112342 is identical to EPI_ISL_11560233 but kept for subsequent analysis
NOTE: EPI_ISL_14810959 is identical to EPI_ISL_14811828 but kept for subsequent analysis
NOTE: EPI_ISL_13370916 is identical to EPI_ISL_13370917 but kept for subsequent analysis
NOTE: EPI_ISL_13370626 is identical to EPI_ISL_13370632 but kept for subsequent analysis
NOTE: EPI_ISL_13369781 is identical to EPI_ISL_13370518 but kept for subsequent analysis
NOTE: EPI_ISL_13370419 is identical to EPI_ISL_13370514 but kept for subsequent analysis
NOTE: EPI_ISL_11725991 is identical to EPI_ISL_11798574 but kept for subsequent analysis
NOTE: 58 identical sequences (see below) will be ignored for subsequent analysis
NOTE: EPI_ISL_18660931 (identical to EPI_ISL_18789944) is ignored but added at the end
NOTE: EPI_ISL_18514134 (identical to EPI_ISL_18815277) is ignored but added at the end
NOTE: EPI_ISL_19033546 (identical to EPI_ISL_19033555) is ignored but added at the end
NOTE: EPI_ISL_19033336 (identical to EPI_ISL_19033555) is ignored but added at the end
NOTE: EPI_ISL_19033335 (identical to EPI_ISL_19033555) is ignored but added at the end
NOTE: EPI_ISL_19033334 (identical to EPI_ISL_19033555) is ignored but added at the end
NOTE: EPI_ISL_19033333 (identical to EPI_ISL_19033555) is ignored but added at the end
NOTE: EPI_ISL_19033331 (identical to EPI_ISL_19033555) is ignored but added at the end
NOTE: EPI_ISL_18928984 (identical to EPI_ISL_18928989) is ignored but added at the end
NOTE: EPI_ISL_18928983 (identical to EPI_ISL_18928989) is ignored but added at the end
NOTE: EPI_ISL_19044791 (identical to EPI_ISL_19044793) is ignored but added at the end
NOTE: EPI_ISL_18946743 (identical to EPI_ISL_19044793) is ignored but added at the end
NOTE: EPI_ISL_18946742 (identical to EPI_ISL_19044793) is ignored but added at the end
NOTE: EPI_ISL_18946741 (identical to EPI_ISL_19044793) is ignored but added at the end
NOTE: EPI_ISL_18946740 (identical to EPI_ISL_19044793) is ignored but added at the end
NOTE: EPI_ISL_18946739 (identical to EPI_ISL_19044793) is ignored but added at the end
NOTE: EPI_ISL_18946738 (identical to EPI_ISL_19044793) is ignored but added at the end
NOTE: EPI_ISL_18946737 (identical to EPI_ISL_19044793) is ignored but added at the end
NOTE: EPI_ISL_18946736 (identical to EPI_ISL_19044793) is ignored but added at the end
NOTE: EPI_ISL_18946735 (identical to EPI_ISL_19044793) is ignored but added at the end
NOTE: EPI_ISL_18946734 (identical to EPI_ISL_19044793) is ignored but added at the end
NOTE: EPI_ISL_18946733 (identical to EPI_ISL_19044793) is ignored but added at the end
NOTE: EPI_ISL_15586113 (identical to EPI_ISL_16384139) is ignored but added at the end
NOTE: EPI_ISL_15586112 (identical to EPI_ISL_16384139) is ignored but added at the end
NOTE: EPI_ISL_15585911 (identical to EPI_ISL_16384139) is ignored but added at the end
NOTE: EPI_ISL_15957678 (identical to EPI_ISL_16384175) is ignored but added at the end
NOTE: EPI_ISL_15586124 (identical to EPI_ISL_16384175) is ignored but added at the end
NOTE: EPI_ISL_15586117 (identical to EPI_ISL_16384175) is ignored but added at the end
NOTE: EPI_ISL_15585906 (identical to EPI_ISL_16384175) is ignored but added at the end
NOTE: EPI_ISL_18933100 (identical to EPI_ISL_18933204) is ignored but added at the end
NOTE: EPI_ISL_17716059 (identical to EPI_ISL_17716082) is ignored but added at the end
NOTE: EPI_ISL_17514171 (identical to EPI_ISL_17716082) is ignored but added at the end
NOTE: EPI_ISL_5463800 (identical to EPI_ISL_5463803) is ignored but added at the end
NOTE: EPI_ISL_5463798 (identical to EPI_ISL_5463803) is ignored but added at the end
NOTE: EPI_ISL_5463797 (identical to EPI_ISL_5463803) is ignored but added at the end
NOTE: EPI_ISL_13369772 (identical to EPI_ISL_13370515) is ignored but added at the end
NOTE: EPI_ISL_7952129 (identical to EPI_ISL_9012574) is ignored but added at the end
NOTE: EPI_ISL_13370710 (identical to EPI_ISL_16956028) is ignored but added at the end
NOTE: EPI_ISL_14571434 (identical to EPI_ISL_14573052) is ignored but added at the end
NOTE: EPI_ISL_14571430 (identical to EPI_ISL_14573052) is ignored but added at the end
NOTE: EPI_ISL_13778522 (identical to EPI_ISL_14573052) is ignored but added at the end
NOTE: EPI_ISL_13778479 (identical to EPI_ISL_14573052) is ignored but added at the end
NOTE: EPI_ISL_13778478 (identical to EPI_ISL_14573052) is ignored but added at the end
NOTE: EPI_ISL_13778476 (identical to EPI_ISL_14573052) is ignored but added at the end
NOTE: EPI_ISL_13617700 (identical to EPI_ISL_14573052) is ignored but added at the end
NOTE: EPI_ISL_13477015 (identical to EPI_ISL_13658359) is ignored but added at the end
NOTE: EPI_ISL_13068727 (identical to EPI_ISL_13658359) is ignored but added at the end
NOTE: EPI_ISL_13370608 (identical to EPI_ISL_13370613) is ignored but added at the end
NOTE: EPI_ISL_13370573 (identical to EPI_ISL_13370613) is ignored but added at the end
NOTE: EPI_ISL_13370570 (identical to EPI_ISL_13370613) is ignored but added at the end
NOTE: EPI_ISL_13370915 (identical to EPI_ISL_13370917) is ignored but added at the end
NOTE: EPI_ISL_13370621 (identical to EPI_ISL_13370632) is ignored but added at the end
NOTE: EPI_ISL_13369768 (identical to EPI_ISL_13370514) is ignored but added at the end
NOTE: EPI_ISL_7753405 (identical to EPI_ISL_11798574) is ignored but added at the end
NOTE: EPI_ISL_7753387 (identical to EPI_ISL_11798574) is ignored but added at the end
NOTE: EPI_ISL_7753230 (identical to EPI_ISL_11798574) is ignored but added at the end
NOTE: EPI_ISL_7753193 (identical to EPI_ISL_11798574) is ignored but added at the end
NOTE: EPI_ISL_7753152 (identical to EPI_ISL_11798574) is ignored but added at the end

For your convenience alignment with unique sequences printed to PB1_030624_2.fas.uniqueseq.phy


Create initial parsimony tree by phylogenetic likelihood library (PLL)... 0.036 seconds
NOTE: ModelFinder requires 94 MB RAM!
ModelFinder will test 13 DNA models (sample size: 2341) ...
 No. Model         -LnL         df  AIC          AICc         BIC
  1  GTR+F         10741.124    951 23384.247    24687.850    28860.422
  2  GTR+F+I       10591.989    952 23087.979    24395.264    28569.912
  3  GTR+F+G4      10578.524    952 23061.048    24368.333    28542.982
  4  GTR+F+I+G4    10573.564    953 23053.128    24364.104    28540.820
  5  GTR+F+R2      10569.342    953 23044.684    24355.660    28532.375
  6  GTR+F+R3      10535.386    955 22980.772    24299.155    28479.980
  7  GTR+F+R4      10534.839    957 22983.679    24309.501    28494.404
Akaike Information Criterion:           GTR+F+R3
Corrected Akaike Information Criterion: GTR+F+R3
Bayesian Information Criterion:         GTR+F+R3
Best-fit model: GTR+F+R3 chosen according to BIC

All model information printed to PB1_030624_2.fas.model.gz
CPU time for ModelFinder: 86.586 seconds (0h:1m:26s)
Wall-clock time for ModelFinder: 21.967 seconds (0h:0m:21s)

NOTE: 28 MB RAM (0 GB) is required!
Estimate model parameters (epsilon = 0.100)
1. Initial log-likelihood: -11067.779
2. Current log-likelihood: -10600.221
3. Current log-likelihood: -10583.982
4. Current log-likelihood: -10575.252
5. Current log-likelihood: -10571.445
6. Current log-likelihood: -10569.921
7. Current log-likelihood: -10569.195
8. Current log-likelihood: -10568.645
9. Current log-likelihood: -10568.180
10. Current log-likelihood: -10567.785
11. Current log-likelihood: -10567.441
12. Current log-likelihood: -10567.135
13. Current log-likelihood: -10566.861
14. Current log-likelihood: -10566.612
15. Current log-likelihood: -10566.386
16. Current log-likelihood: -10566.179
17. Current log-likelihood: -10565.986
18. Current log-likelihood: -10565.804
19. Current log-likelihood: -10565.629
20. Current log-likelihood: -10565.458
21. Current log-likelihood: -10565.288
22. Current log-likelihood: -10565.116
23. Current log-likelihood: -10564.940
24. Current log-likelihood: -10564.755
25. Current log-likelihood: -10564.559
26. Current log-likelihood: -10564.351
27. Current log-likelihood: -10564.124
28. Current log-likelihood: -10563.879
29. Current log-likelihood: -10563.609
30. Current log-likelihood: -10563.312
31. Current log-likelihood: -10562.982
32. Current log-likelihood: -10562.618
33. Current log-likelihood: -10562.211
34. Current log-likelihood: -10561.754
35. Current log-likelihood: -10561.240
36. Current log-likelihood: -10560.659
37. Current log-likelihood: -10559.998
38. Current log-likelihood: -10559.241
39. Current log-likelihood: -10558.366
40. Current log-likelihood: -10557.343
41. Current log-likelihood: -10556.123
42. Current log-likelihood: -10554.636
43. Current log-likelihood: -10552.758
44. Current log-likelihood: -10550.235
45. Current log-likelihood: -10546.545
46. Current log-likelihood: -10541.454
47. Current log-likelihood: -10537.554
48. Current log-likelihood: -10535.903
49. Current log-likelihood: -10535.464
50. Current log-likelihood: -10535.285
51. Current log-likelihood: -10535.165
Optimal log-likelihood: -10535.054
Rate parameters:  A-C: 1.26735  A-G: 6.71472  A-T: 0.60326  C-G: 0.45454  C-T: 8.43778  G-T: 1.00000
Base frequencies:  A: 0.349  C: 0.201  G: 0.230  T: 0.219
Site proportion and rates:  (0.770,0.279) (0.229,3.205) (0.001,45.377)
Parameters optimization took 51 rounds (8.857 sec)
Computing ML distances based on estimated model parameters... 1.085 sec
Computing BIONJ tree...
0.128 seconds
Log-likelihood of BIONJ tree: -10543.120
--------------------------------------------------------------------
|             INITIALIZING CANDIDATE TREE SET                      |
--------------------------------------------------------------------
Generating 98 parsimony trees... 3.820 second
Computing log-likelihood of 98 initial trees ... 5.258 seconds
Current best score: -10517.472

Do NNI search on 20 best initial trees
Estimate model parameters (epsilon = 0.100)
BETTER TREE FOUND at iteration 1: -10511.081
Estimate model parameters (epsilon = 0.100)
BETTER TREE FOUND at iteration 3: -10506.826
Iteration 10 / LogL: -10518.311 / Time: 0h:0m:25s
Iteration 20 / LogL: -10516.540 / Time: 0h:0m:31s
Finish initializing candidate tree set (20)
Current best tree score: -10506.826 / CPU time: 21.937
Number of iterations: 20
--------------------------------------------------------------------
|               OPTIMIZING CANDIDATE TREE SET                      |
--------------------------------------------------------------------
BETTER TREE FOUND at iteration 29: -10506.820
Iteration 30 / LogL: -10516.058 / Time: 0h:0m:38s (0h:2m:10s left)
Iteration 40 / LogL: -10539.288 / Time: 0h:0m:44s (0h:1m:41s left)
Iteration 50 / LogL: -10537.219 / Time: 0h:0m:50s (0h:1m:22s left)
Iteration 60 / LogL: -10569.992 / Time: 0h:0m:57s (0h:1m:6s left)
Iteration 70 / LogL: -10526.875 / Time: 0h:1m:3s (0h:0m:53s left)
Iteration 80 / LogL: -10535.823 / Time: 0h:1m:9s (0h:0m:43s left)
Estimate model parameters (epsilon = 0.100)
BETTER TREE FOUND at iteration 85: -10505.829
Iteration 90 / LogL: -10532.233 / Time: 0h:1m:16s (0h:1m:21s left)
Iteration 100 / LogL: -10524.710 / Time: 0h:1m:22s (0h:1m:10s left)
Iteration 110 / LogL: -10520.675 / Time: 0h:1m:28s (0h:1m:1s left)
Iteration 120 / LogL: -10520.844 / Time: 0h:1m:34s (0h:0m:51s left)
Iteration 130 / LogL: -10527.627 / Time: 0h:1m:41s (0h:0m:43s left)
Iteration 140 / LogL: -10506.190 / Time: 0h:1m:47s (0h:0m:34s left)
Estimate model parameters (epsilon = 0.100)
BETTER TREE FOUND at iteration 144: -10505.741
Iteration 150 / LogL: -10519.016 / Time: 0h:1m:54s (0h:1m:12s left)
Estimate model parameters (epsilon = 0.100)
BETTER TREE FOUND at iteration 155: -10505.014
Iteration 160 / LogL: -10525.071 / Time: 0h:2m:0s (0h:1m:12s left)
Iteration 170 / LogL: -10540.797 / Time: 0h:2m:6s (0h:1m:3s left)
BETTER TREE FOUND at iteration 176: -10505.010
Iteration 180 / LogL: -10522.520 / Time: 0h:2m:12s (0h:1m:11s left)
Iteration 190 / LogL: -10513.494 / Time: 0h:2m:18s (0h:1m:2s left)
Iteration 200 / LogL: -10521.013 / Time: 0h:2m:23s (0h:0m:54s left)
Iteration 210 / LogL: -10517.250 / Time: 0h:2m:30s (0h:0m:47s left)
Iteration 220 / LogL: -10520.251 / Time: 0h:2m:36s (0h:0m:39s left)
Iteration 230 / LogL: -10522.362 / Time: 0h:2m:42s (0h:0m:32s left)
Iteration 240 / LogL: -10521.564 / Time: 0h:2m:48s (0h:0m:25s left)
Iteration 250 / LogL: -10515.476 / Time: 0h:2m:54s (0h:0m:18s left)
Iteration 260 / LogL: -10530.511 / Time: 0h:3m:1s (0h:0m:11s left)
Iteration 270 / LogL: -10505.015 / Time: 0h:3m:7s (0h:0m:4s left)
TREE SEARCH COMPLETED AFTER 277 ITERATIONS / Time: 0h:3m:12s

--------------------------------------------------------------------
|                    FINALIZING TREE SEARCH                        |
--------------------------------------------------------------------
Performs final model parameters optimization
Estimate model parameters (epsilon = 0.010)
1. Initial log-likelihood: -10505.010
2. Current log-likelihood: -10504.974
3. Current log-likelihood: -10504.931
4. Current log-likelihood: -10504.895
5. Current log-likelihood: -10504.862
6. Current log-likelihood: -10504.834
7. Current log-likelihood: -10504.808
8. Current log-likelihood: -10504.786
9. Current log-likelihood: -10504.768
10. Current log-likelihood: -10504.753
11. Current log-likelihood: -10504.739
12. Current log-likelihood: -10504.725
13. Current log-likelihood: -10504.714
14. Current log-likelihood: -10504.704
15. Current log-likelihood: -10504.694
Optimal log-likelihood: -10504.682
Rate parameters:  A-C: 1.28864  A-G: 6.64409  A-T: 0.60460  C-G: 0.42872  C-T: 8.59023  G-T: 1.00000
Base frequencies:  A: 0.349  C: 0.201  G: 0.230  T: 0.219
Site proportion and rates:  (0.805,0.336) (0.194,3.491) (0.001,54.508)
Parameters optimization took 15 rounds (2.494 sec)
BEST SCORE FOUND : -10504.682
Total tree length: 0.392

Total number of iterations: 277
CPU time used for tree search: 712.804 sec (0h:11m:52s)
Wall-clock time used for tree search: 182.752 sec (0h:3m:2s)
Total CPU time used: 760.175 sec (0h:12m:40s)
Total wall-clock time used: 194.765 sec (0h:3m:14s)

Analysis results written to: 
  IQ-TREE report:                PB1_030624_2.fas.iqtree
  Maximum-likelihood tree:       PB1_030624_2.fas.treefile
  Likelihood distances:          PB1_030624_2.fas.mldist
  Screen log file:               PB1_030624_2.fas.log

Date and Time: Mon Jun 24 11:01:41 2024
